[0.024s] Invoking command in '/home/sachin/ros2_rover/build/rover_msgs': CMAKE_PREFIX_PATH=${CMAKE_PREFIX_PATH}:/opt/ros/jazzy DEBUGINFOD_URLS=https://debuginfod.ubuntu.com PS1=(.ros2_venv) \[\e]0;\u@\h: \w\a\]${debian_chroot:+($debian_chroot)}\[\033[01;32m\]\u@\h\[\033[00m\]:\[\033[01;34m\]\w\[\033[00m\]\$ VIRTUAL_ENV_PROMPT=(.ros2_venv) /usr/bin/cmake --build /home/sachin/ros2_rover/build/rover_msgs -- -j12 -l12
[0.096s] [  2%] Built target rover_msgs__rosidl_generator_type_description
[0.100s] [  5%] Built target rover_msgs__rs
[0.105s] [  5%] Built target ament_cmake_python_copy_rover_msgs
[0.112s] [  8%] Built target rover_msgs__cpp
[0.123s] [ 22%] Built target rover_msgs__rosidl_generator_c
[0.142s] [ 31%] Built target rover_msgs__rosidl_typesupport_c
[0.143s] [ 40%] Built target rover_msgs__rosidl_typesupport_introspection_c
[0.144s] [ 48%] Built target rover_msgs__rosidl_typesupport_fastrtps_c
[0.145s] [ 57%] Built target rover_msgs__rosidl_typesupport_cpp
[0.146s] [ 65%] Built target rover_msgs__rosidl_typesupport_fastrtps_cpp
[0.146s] [ 74%] Built target rover_msgs__rosidl_typesupport_introspection_cpp
[0.170s] [ 74%] Built target rover_msgs
[0.189s] [ 77%] Built target rover_msgs__py
[0.222s] [ 82%] Built target rover_msgs__rosidl_generator_py
[0.254s] [ 88%] Built target rover_msgs_s__rosidl_typesupport_introspection_c
[0.254s] [100%] Built target rover_msgs_s__rosidl_typesupport_c
[0.255s] [100%] Built target rover_msgs_s__rosidl_typesupport_fastrtps_c
[0.340s] running egg_info
[0.353s] writing rover_msgs.egg-info/PKG-INFO
[0.353s] writing dependency_links to rover_msgs.egg-info/dependency_links.txt
[0.353s] writing top-level names to rover_msgs.egg-info/top_level.txt
[0.387s] reading manifest file 'rover_msgs.egg-info/SOURCES.txt'
[0.388s] writing manifest file 'rover_msgs.egg-info/SOURCES.txt'
[0.432s] [100%] Built target ament_cmake_python_build_rover_msgs_egg
[0.444s] Invoked command in '/home/sachin/ros2_rover/build/rover_msgs' returned '0': CMAKE_PREFIX_PATH=${CMAKE_PREFIX_PATH}:/opt/ros/jazzy DEBUGINFOD_URLS=https://debuginfod.ubuntu.com PS1=(.ros2_venv) \[\e]0;\u@\h: \w\a\]${debian_chroot:+($debian_chroot)}\[\033[01;32m\]\u@\h\[\033[00m\]:\[\033[01;34m\]\w\[\033[00m\]\$ VIRTUAL_ENV_PROMPT=(.ros2_venv) /usr/bin/cmake --build /home/sachin/ros2_rover/build/rover_msgs -- -j12 -l12
[0.445s] Invoking command in '/home/sachin/ros2_rover/build/rover_msgs': CMAKE_PREFIX_PATH=${CMAKE_PREFIX_PATH}:/opt/ros/jazzy DEBUGINFOD_URLS=https://debuginfod.ubuntu.com PS1=(.ros2_venv) \[\e]0;\u@\h: \w\a\]${debian_chroot:+($debian_chroot)}\[\033[01;32m\]\u@\h\[\033[00m\]:\[\033[01;34m\]\w\[\033[00m\]\$ VIRTUAL_ENV_PROMPT=(.ros2_venv) /usr/bin/cmake --install /home/sachin/ros2_rover/build/rover_msgs
[0.453s] -- Install configuration: ""
[0.453s] -- Up-to-date: /home/sachin/ros2_rover/install/rover_msgs/share/ament_index/resource_index/rosidl_interfaces/rover_msgs
[0.453s] -- Up-to-date: /home/sachin/ros2_rover/install/rover_msgs/share/rover_msgs/msg/MotorsCommand.json
[0.453s] -- Up-to-date: /home/sachin/ros2_rover/install/rover_msgs/include/rover_msgs/rover_msgs
[0.453s] -- Up-to-date: /home/sachin/ros2_rover/install/rover_msgs/include/rover_msgs/rover_msgs/msg
[0.453s] -- Up-to-date: /home/sachin/ros2_rover/install/rover_msgs/include/rover_msgs/rover_msgs/msg/detail
[0.453s] -- Up-to-date: /home/sachin/ros2_rover/install/rover_msgs/include/rover_msgs/rover_msgs/msg/detail/motors_command__type_support.c
[0.453s] -- Up-to-date: /home/sachin/ros2_rover/install/rover_msgs/include/rover_msgs/rover_msgs/msg/detail/motors_command__type_support.h
[0.453s] -- Up-to-date: /home/sachin/ros2_rover/install/rover_msgs/include/rover_msgs/rover_msgs/msg/detail/motors_command__functions.c
[0.453s] -- Up-to-date: /home/sachin/ros2_rover/install/rover_msgs/include/rover_msgs/rover_msgs/msg/detail/motors_command__struct.h
[0.453s] -- Up-to-date: /home/sachin/ros2_rover/install/rover_msgs/include/rover_msgs/rover_msgs/msg/detail/motors_command__functions.h
[0.453s] -- Up-to-date: /home/sachin/ros2_rover/install/rover_msgs/include/rover_msgs/rover_msgs/msg/detail/motors_command__description.c
[0.453s] -- Up-to-date: /home/sachin/ros2_rover/install/rover_msgs/include/rover_msgs/rover_msgs/msg/motors_command.h
[0.453s] -- Up-to-date: /home/sachin/ros2_rover/install/rover_msgs/include/rover_msgs/rover_msgs/msg/rosidl_generator_c__visibility_control.h
[0.454s] -- Up-to-date: /home/sachin/ros2_rover/install/rover_msgs/share/rover_msgs/environment/library_path.sh
[0.454s] -- Up-to-date: /home/sachin/ros2_rover/install/rover_msgs/share/rover_msgs/environment/library_path.dsv
[0.454s] -- Up-to-date: /home/sachin/ros2_rover/install/rover_msgs/lib/librover_msgs__rosidl_generator_c.so
[0.454s] -- Up-to-date: /home/sachin/ros2_rover/install/rover_msgs/include/rover_msgs/rover_msgs
[0.454s] -- Up-to-date: /home/sachin/ros2_rover/install/rover_msgs/include/rover_msgs/rover_msgs/msg
[0.454s] -- Up-to-date: /home/sachin/ros2_rover/install/rover_msgs/include/rover_msgs/rover_msgs/msg/detail
[0.454s] -- Up-to-date: /home/sachin/ros2_rover/install/rover_msgs/include/rover_msgs/rover_msgs/msg/detail/motors_command__rosidl_typesupport_fastrtps_c.h
[0.454s] -- Up-to-date: /home/sachin/ros2_rover/install/rover_msgs/include/rover_msgs/rover_msgs/msg/rosidl_typesupport_fastrtps_c__visibility_control.h
[0.454s] -- Up-to-date: /home/sachin/ros2_rover/install/rover_msgs/lib/librover_msgs__rosidl_typesupport_fastrtps_c.so
[0.454s] -- Up-to-date: /home/sachin/ros2_rover/install/rover_msgs/include/rover_msgs/rover_msgs
[0.454s] -- Up-to-date: /home/sachin/ros2_rover/install/rover_msgs/include/rover_msgs/rover_msgs/msg
[0.454s] -- Up-to-date: /home/sachin/ros2_rover/install/rover_msgs/include/rover_msgs/rover_msgs/msg/rosidl_typesupport_introspection_c__visibility_control.h
[0.454s] -- Up-to-date: /home/sachin/ros2_rover/install/rover_msgs/include/rover_msgs/rover_msgs/msg/detail
[0.454s] -- Up-to-date: /home/sachin/ros2_rover/install/rover_msgs/include/rover_msgs/rover_msgs/msg/detail/motors_command__rosidl_typesupport_introspection_c.h
[0.454s] -- Up-to-date: /home/sachin/ros2_rover/install/rover_msgs/include/rover_msgs/rover_msgs/msg/detail/motors_command__type_support.c
[0.454s] -- Up-to-date: /home/sachin/ros2_rover/install/rover_msgs/lib/librover_msgs__rosidl_typesupport_introspection_c.so
[0.455s] -- Up-to-date: /home/sachin/ros2_rover/install/rover_msgs/lib/librover_msgs__rosidl_typesupport_c.so
[0.455s] -- Up-to-date: /home/sachin/ros2_rover/install/rover_msgs/include/rover_msgs/rover_msgs
[0.455s] -- Up-to-date: /home/sachin/ros2_rover/install/rover_msgs/include/rover_msgs/rover_msgs/msg
[0.455s] -- Up-to-date: /home/sachin/ros2_rover/install/rover_msgs/include/rover_msgs/rover_msgs/msg/detail
[0.455s] -- Up-to-date: /home/sachin/ros2_rover/install/rover_msgs/include/rover_msgs/rover_msgs/msg/detail/motors_command__type_support.hpp
[0.455s] -- Up-to-date: /home/sachin/ros2_rover/install/rover_msgs/include/rover_msgs/rover_msgs/msg/detail/motors_command__traits.hpp
[0.455s] -- Up-to-date: /home/sachin/ros2_rover/install/rover_msgs/include/rover_msgs/rover_msgs/msg/detail/motors_command__struct.hpp
[0.455s] -- Up-to-date: /home/sachin/ros2_rover/install/rover_msgs/include/rover_msgs/rover_msgs/msg/detail/motors_command__builder.hpp
[0.455s] -- Up-to-date: /home/sachin/ros2_rover/install/rover_msgs/include/rover_msgs/rover_msgs/msg/motors_command.hpp
[0.455s] -- Up-to-date: /home/sachin/ros2_rover/install/rover_msgs/include/rover_msgs/rover_msgs/msg/rosidl_generator_cpp__visibility_control.hpp
[0.455s] -- Up-to-date: /home/sachin/ros2_rover/install/rover_msgs/include/rover_msgs/rover_msgs
[0.455s] -- Up-to-date: /home/sachin/ros2_rover/install/rover_msgs/include/rover_msgs/rover_msgs/msg
[0.455s] -- Up-to-date: /home/sachin/ros2_rover/install/rover_msgs/include/rover_msgs/rover_msgs/msg/detail
[0.455s] -- Up-to-date: /home/sachin/ros2_rover/install/rover_msgs/include/rover_msgs/rover_msgs/msg/detail/motors_command__rosidl_typesupport_fastrtps_cpp.hpp
[0.455s] -- Up-to-date: /home/sachin/ros2_rover/install/rover_msgs/include/rover_msgs/rover_msgs/msg/detail/dds_fastrtps
[0.456s] -- Up-to-date: /home/sachin/ros2_rover/install/rover_msgs/include/rover_msgs/rover_msgs/msg/rosidl_typesupport_fastrtps_cpp__visibility_control.h
[0.456s] -- Up-to-date: /home/sachin/ros2_rover/install/rover_msgs/lib/librover_msgs__rosidl_typesupport_fastrtps_cpp.so
[0.456s] -- Up-to-date: /home/sachin/ros2_rover/install/rover_msgs/include/rover_msgs/rover_msgs
[0.456s] -- Up-to-date: /home/sachin/ros2_rover/install/rover_msgs/include/rover_msgs/rover_msgs/msg
[0.456s] -- Up-to-date: /home/sachin/ros2_rover/install/rover_msgs/include/rover_msgs/rover_msgs/msg/detail
[0.456s] -- Up-to-date: /home/sachin/ros2_rover/install/rover_msgs/include/rover_msgs/rover_msgs/msg/detail/motors_command__rosidl_typesupport_introspection_cpp.hpp
[0.456s] -- Up-to-date: /home/sachin/ros2_rover/install/rover_msgs/include/rover_msgs/rover_msgs/msg/detail/motors_command__type_support.cpp
[0.456s] -- Up-to-date: /home/sachin/ros2_rover/install/rover_msgs/lib/librover_msgs__rosidl_typesupport_introspection_cpp.so
[0.456s] -- Up-to-date: /home/sachin/ros2_rover/install/rover_msgs/lib/librover_msgs__rosidl_typesupport_cpp.so
[0.456s] -- Up-to-date: /home/sachin/ros2_rover/install/rover_msgs/share/rover_msgs/environment/pythonpath.sh
[0.456s] -- Up-to-date: /home/sachin/ros2_rover/install/rover_msgs/share/rover_msgs/environment/pythonpath.dsv
[0.456s] -- Up-to-date: /home/sachin/ros2_rover/install/rover_msgs/lib/python3.12/site-packages/rover_msgs-2.0.0-py3.12.egg-info
[0.456s] -- Installing: /home/sachin/ros2_rover/install/rover_msgs/lib/python3.12/site-packages/rover_msgs-2.0.0-py3.12.egg-info/PKG-INFO
[0.456s] -- Installing: /home/sachin/ros2_rover/install/rover_msgs/lib/python3.12/site-packages/rover_msgs-2.0.0-py3.12.egg-info/dependency_links.txt
[0.457s] -- Installing: /home/sachin/ros2_rover/install/rover_msgs/lib/python3.12/site-packages/rover_msgs-2.0.0-py3.12.egg-info/SOURCES.txt
[0.457s] -- Installing: /home/sachin/ros2_rover/install/rover_msgs/lib/python3.12/site-packages/rover_msgs-2.0.0-py3.12.egg-info/top_level.txt
[0.457s] -- Up-to-date: /home/sachin/ros2_rover/install/rover_msgs/lib/python3.12/site-packages/rover_msgs
[0.457s] -- Up-to-date: /home/sachin/ros2_rover/install/rover_msgs/lib/python3.12/site-packages/rover_msgs/rover_msgs_s__rosidl_typesupport_c.so
[0.457s] -- Up-to-date: /home/sachin/ros2_rover/install/rover_msgs/lib/python3.12/site-packages/rover_msgs/__init__.py
[0.457s] -- Up-to-date: /home/sachin/ros2_rover/install/rover_msgs/lib/python3.12/site-packages/rover_msgs/_rover_msgs_s.ep.rosidl_typesupport_c.c
[0.457s] -- Up-to-date: /home/sachin/ros2_rover/install/rover_msgs/lib/python3.12/site-packages/rover_msgs/rover_msgs_s__rosidl_typesupport_fastrtps_c.so
[0.457s] -- Up-to-date: /home/sachin/ros2_rover/install/rover_msgs/lib/python3.12/site-packages/rover_msgs/msg
[0.457s] -- Up-to-date: /home/sachin/ros2_rover/install/rover_msgs/lib/python3.12/site-packages/rover_msgs/msg/__init__.py
[0.457s] -- Up-to-date: /home/sachin/ros2_rover/install/rover_msgs/lib/python3.12/site-packages/rover_msgs/msg/_motors_command.py
[0.457s] -- Up-to-date: /home/sachin/ros2_rover/install/rover_msgs/lib/python3.12/site-packages/rover_msgs/msg/_motors_command_s.c
[0.457s] -- Up-to-date: /home/sachin/ros2_rover/install/rover_msgs/lib/python3.12/site-packages/rover_msgs/_rover_msgs_s.ep.rosidl_typesupport_introspection_c.c
[0.457s] -- Up-to-date: /home/sachin/ros2_rover/install/rover_msgs/lib/python3.12/site-packages/rover_msgs/rover_msgs_s__rosidl_typesupport_introspection_c.so
[0.457s] -- Up-to-date: /home/sachin/ros2_rover/install/rover_msgs/lib/python3.12/site-packages/rover_msgs/_rover_msgs_s.ep.rosidl_typesupport_fastrtps_c.c
[0.496s] Listing '/home/sachin/ros2_rover/install/rover_msgs/lib/python3.12/site-packages/rover_msgs'...
[0.497s] Listing '/home/sachin/ros2_rover/install/rover_msgs/lib/python3.12/site-packages/rover_msgs/msg'...
[0.505s] -- Up-to-date: /home/sachin/ros2_rover/install/rover_msgs/lib/python3.12/site-packages/rover_msgs/rover_msgs_s__rosidl_typesupport_fastrtps_c.so
[0.505s] -- Up-to-date: /home/sachin/ros2_rover/install/rover_msgs/lib/python3.12/site-packages/rover_msgs/rover_msgs_s__rosidl_typesupport_introspection_c.so
[0.506s] -- Up-to-date: /home/sachin/ros2_rover/install/rover_msgs/lib/python3.12/site-packages/rover_msgs/rover_msgs_s__rosidl_typesupport_c.so
[0.506s] -- Up-to-date: /home/sachin/ros2_rover/install/rover_msgs/lib/librover_msgs__rosidl_generator_py.so
[0.507s] -- Up-to-date: /home/sachin/ros2_rover/install/rover_msgs/share/ament_index/resource_index/rust_packages/rover_msgs
[0.507s] -- Up-to-date: /home/sachin/ros2_rover/install/rover_msgs/share/rover_msgs/rust
[0.507s] -- Up-to-date: /home/sachin/ros2_rover/install/rover_msgs/share/rover_msgs/rust/Cargo.toml
[0.507s] -- Up-to-date: /home/sachin/ros2_rover/install/rover_msgs/share/rover_msgs/rust/src
[0.507s] -- Up-to-date: /home/sachin/ros2_rover/install/rover_msgs/share/rover_msgs/rust/src/lib.rs
[0.507s] -- Up-to-date: /home/sachin/ros2_rover/install/rover_msgs/share/rover_msgs/rust/src/msg
[0.507s] -- Up-to-date: /home/sachin/ros2_rover/install/rover_msgs/share/rover_msgs/rust/src/msg/rmw.rs
[0.507s] -- Up-to-date: /home/sachin/ros2_rover/install/rover_msgs/share/rover_msgs/rust/src/msg.rs
[0.507s] -- Up-to-date: /home/sachin/ros2_rover/install/rover_msgs/share/rover_msgs/rust/build.rs
[0.508s] -- Up-to-date: /home/sachin/ros2_rover/install/rover_msgs/share/rover_msgs/msg/MotorsCommand.idl
[0.508s] -- Up-to-date: /home/sachin/ros2_rover/install/rover_msgs/share/rover_msgs/msg/MotorsCommand.msg
[0.508s] -- Up-to-date: /home/sachin/ros2_rover/install/rover_msgs/share/ament_index/resource_index/package_run_dependencies/rover_msgs
[0.508s] -- Up-to-date: /home/sachin/ros2_rover/install/rover_msgs/share/ament_index/resource_index/parent_prefix_path/rover_msgs
[0.508s] -- Up-to-date: /home/sachin/ros2_rover/install/rover_msgs/share/rover_msgs/environment/ament_prefix_path.sh
[0.508s] -- Up-to-date: /home/sachin/ros2_rover/install/rover_msgs/share/rover_msgs/environment/ament_prefix_path.dsv
[0.508s] -- Up-to-date: /home/sachin/ros2_rover/install/rover_msgs/share/rover_msgs/environment/path.sh
[0.508s] -- Up-to-date: /home/sachin/ros2_rover/install/rover_msgs/share/rover_msgs/environment/path.dsv
[0.509s] -- Up-to-date: /home/sachin/ros2_rover/install/rover_msgs/share/rover_msgs/local_setup.bash
[0.509s] -- Up-to-date: /home/sachin/ros2_rover/install/rover_msgs/share/rover_msgs/local_setup.sh
[0.509s] -- Up-to-date: /home/sachin/ros2_rover/install/rover_msgs/share/rover_msgs/local_setup.zsh
[0.509s] -- Up-to-date: /home/sachin/ros2_rover/install/rover_msgs/share/rover_msgs/local_setup.dsv
[0.509s] -- Installing: /home/sachin/ros2_rover/install/rover_msgs/share/rover_msgs/package.dsv
[0.509s] -- Up-to-date: /home/sachin/ros2_rover/install/rover_msgs/share/ament_index/resource_index/packages/rover_msgs
[0.509s] -- Up-to-date: /home/sachin/ros2_rover/install/rover_msgs/share/rover_msgs/cmake/export_rover_msgs__rosidl_generator_cExport.cmake
[0.510s] -- Up-to-date: /home/sachin/ros2_rover/install/rover_msgs/share/rover_msgs/cmake/export_rover_msgs__rosidl_generator_cExport-noconfig.cmake
[0.510s] -- Up-to-date: /home/sachin/ros2_rover/install/rover_msgs/share/rover_msgs/cmake/export_rover_msgs__rosidl_typesupport_fastrtps_cExport.cmake
[0.510s] -- Up-to-date: /home/sachin/ros2_rover/install/rover_msgs/share/rover_msgs/cmake/export_rover_msgs__rosidl_typesupport_fastrtps_cExport-noconfig.cmake
[0.510s] -- Up-to-date: /home/sachin/ros2_rover/install/rover_msgs/share/rover_msgs/cmake/rover_msgs__rosidl_typesupport_introspection_cExport.cmake
[0.510s] -- Up-to-date: /home/sachin/ros2_rover/install/rover_msgs/share/rover_msgs/cmake/rover_msgs__rosidl_typesupport_introspection_cExport-noconfig.cmake
[0.510s] -- Up-to-date: /home/sachin/ros2_rover/install/rover_msgs/share/rover_msgs/cmake/rover_msgs__rosidl_typesupport_cExport.cmake
[0.510s] -- Up-to-date: /home/sachin/ros2_rover/install/rover_msgs/share/rover_msgs/cmake/rover_msgs__rosidl_typesupport_cExport-noconfig.cmake
[0.511s] -- Up-to-date: /home/sachin/ros2_rover/install/rover_msgs/share/rover_msgs/cmake/export_rover_msgs__rosidl_generator_cppExport.cmake
[0.511s] -- Up-to-date: /home/sachin/ros2_rover/install/rover_msgs/share/rover_msgs/cmake/export_rover_msgs__rosidl_typesupport_fastrtps_cppExport.cmake
[0.511s] -- Up-to-date: /home/sachin/ros2_rover/install/rover_msgs/share/rover_msgs/cmake/export_rover_msgs__rosidl_typesupport_fastrtps_cppExport-noconfig.cmake
[0.511s] -- Up-to-date: /home/sachin/ros2_rover/install/rover_msgs/share/rover_msgs/cmake/rover_msgs__rosidl_typesupport_introspection_cppExport.cmake
[0.511s] -- Up-to-date: /home/sachin/ros2_rover/install/rover_msgs/share/rover_msgs/cmake/rover_msgs__rosidl_typesupport_introspection_cppExport-noconfig.cmake
[0.511s] -- Up-to-date: /home/sachin/ros2_rover/install/rover_msgs/share/rover_msgs/cmake/rover_msgs__rosidl_typesupport_cppExport.cmake
[0.511s] -- Up-to-date: /home/sachin/ros2_rover/install/rover_msgs/share/rover_msgs/cmake/rover_msgs__rosidl_typesupport_cppExport-noconfig.cmake
[0.512s] -- Up-to-date: /home/sachin/ros2_rover/install/rover_msgs/share/rover_msgs/cmake/export_rover_msgs__rosidl_generator_pyExport.cmake
[0.512s] -- Up-to-date: /home/sachin/ros2_rover/install/rover_msgs/share/rover_msgs/cmake/export_rover_msgs__rosidl_generator_pyExport-noconfig.cmake
[0.512s] -- Up-to-date: /home/sachin/ros2_rover/install/rover_msgs/share/rover_msgs/cmake/rosidl_cmake-extras.cmake
[0.512s] -- Up-to-date: /home/sachin/ros2_rover/install/rover_msgs/share/rover_msgs/cmake/ament_cmake_export_include_directories-extras.cmake
[0.512s] -- Up-to-date: /home/sachin/ros2_rover/install/rover_msgs/share/rover_msgs/cmake/ament_cmake_export_libraries-extras.cmake
[0.512s] -- Up-to-date: /home/sachin/ros2_rover/install/rover_msgs/share/rover_msgs/cmake/ament_cmake_export_targets-extras.cmake
[0.512s] -- Up-to-date: /home/sachin/ros2_rover/install/rover_msgs/share/rover_msgs/cmake/rosidl_cmake_export_typesupport_targets-extras.cmake
[0.512s] -- Up-to-date: /home/sachin/ros2_rover/install/rover_msgs/share/rover_msgs/cmake/ament_cmake_export_dependencies-extras.cmake
[0.512s] -- Up-to-date: /home/sachin/ros2_rover/install/rover_msgs/share/rover_msgs/cmake/rosidl_cmake_export_typesupport_libraries-extras.cmake
[0.512s] -- Up-to-date: /home/sachin/ros2_rover/install/rover_msgs/share/rover_msgs/cmake/rover_msgsConfig.cmake
[0.513s] -- Up-to-date: /home/sachin/ros2_rover/install/rover_msgs/share/rover_msgs/cmake/rover_msgsConfig-version.cmake
[0.513s] -- Up-to-date: /home/sachin/ros2_rover/install/rover_msgs/share/rover_msgs/package.xml
[0.514s] Invoked command in '/home/sachin/ros2_rover/build/rover_msgs' returned '0': CMAKE_PREFIX_PATH=${CMAKE_PREFIX_PATH}:/opt/ros/jazzy DEBUGINFOD_URLS=https://debuginfod.ubuntu.com PS1=(.ros2_venv) \[\e]0;\u@\h: \w\a\]${debian_chroot:+($debian_chroot)}\[\033[01;32m\]\u@\h\[\033[00m\]:\[\033[01;34m\]\w\[\033[00m\]\$ VIRTUAL_ENV_PROMPT=(.ros2_venv) /usr/bin/cmake --install /home/sachin/ros2_rover/build/rover_msgs
