[0.014s] Invoking command in '/home/sachin/ros2_rover/build/rover_navigation': CMAKE_PREFIX_PATH=${CMAKE_PREFIX_PATH}:/home/sachin/ros2_rover/install/rover_teleop:/home/sachin/ros2_rover/install/rover_motor_controller:/opt/ros/jazzy DEBUGINFOD_URLS=https://debuginfod.ubuntu.com PS1=(.ros2_venv) \[\e]0;\u@\h: \w\a\]${debian_chroot:+($debian_chroot)}\[\033[01;32m\]\u@\h\[\033[00m\]:\[\033[01;34m\]\w\[\033[00m\]\$ VIRTUAL_ENV_PROMPT=(.ros2_venv) /usr/bin/cmake --build /home/sachin/ros2_rover/build/rover_navigation -- -j12 -l12
[0.229s] Invoked command in '/home/sachin/ros2_rover/build/rover_navigation' returned '0': CMAKE_PREFIX_PATH=${CMAKE_PREFIX_PATH}:/home/sachin/ros2_rover/install/rover_teleop:/home/sachin/ros2_rover/install/rover_motor_controller:/opt/ros/jazzy DEBUGINFOD_URLS=https://debuginfod.ubuntu.com PS1=(.ros2_venv) \[\e]0;\u@\h: \w\a\]${debian_chroot:+($debian_chroot)}\[\033[01;32m\]\u@\h\[\033[00m\]:\[\033[01;34m\]\w\[\033[00m\]\$ VIRTUAL_ENV_PROMPT=(.ros2_venv) /usr/bin/cmake --build /home/sachin/ros2_rover/build/rover_navigation -- -j12 -l12
[0.229s] Invoking command in '/home/sachin/ros2_rover/build/rover_navigation': CMAKE_PREFIX_PATH=${CMAKE_PREFIX_PATH}:/home/sachin/ros2_rover/install/rover_teleop:/home/sachin/ros2_rover/install/rover_motor_controller:/opt/ros/jazzy DEBUGINFOD_URLS=https://debuginfod.ubuntu.com PS1=(.ros2_venv) \[\e]0;\u@\h: \w\a\]${debian_chroot:+($debian_chroot)}\[\033[01;32m\]\u@\h\[\033[00m\]:\[\033[01;34m\]\w\[\033[00m\]\$ VIRTUAL_ENV_PROMPT=(.ros2_venv) /usr/bin/cmake --install /home/sachin/ros2_rover/build/rover_navigation
[0.235s] -- Install configuration: ""
[0.235s] -- Up-to-date: /home/sachin/ros2_rover/install/rover_navigation/share/rover_navigation/launch
[0.235s] -- Up-to-date: /home/sachin/ros2_rover/install/rover_navigation/share/rover_navigation/launch/navigation.launch.py
[0.235s] -- Up-to-date: /home/sachin/ros2_rover/install/rover_navigation/share/rover_navigation/launch/bringup.launch.py
[0.235s] -- Up-to-date: /home/sachin/ros2_rover/install/rover_navigation/share/rover_navigation/params
[0.235s] -- Up-to-date: /home/sachin/ros2_rover/install/rover_navigation/share/rover_navigation/params/SmacHybrid.yaml
[0.235s] -- Up-to-date: /home/sachin/ros2_rover/install/rover_navigation/share/rover_navigation/params/common.yaml
[0.235s] -- Up-to-date: /home/sachin/ros2_rover/install/rover_navigation/share/rover_navigation/params/RPP.yaml
[0.235s] -- Up-to-date: /home/sachin/ros2_rover/install/rover_navigation/share/rover_navigation/params/TEB.yaml
[0.235s] -- Up-to-date: /home/sachin/ros2_rover/install/rover_navigation/share/rover_navigation/params/costmaps.yaml
[0.235s] -- Up-to-date: /home/sachin/ros2_rover/install/rover_navigation/share/rover_navigation/params/SmacLattice.yaml
[0.236s] -- Up-to-date: /home/sachin/ros2_rover/install/rover_navigation/share/rover_navigation/behavior_trees
[0.236s] -- Up-to-date: /home/sachin/ros2_rover/install/rover_navigation/share/rover_navigation/behavior_trees/rover_bt.xml
[0.236s] -- Up-to-date: /home/sachin/ros2_rover/install/rover_navigation/share/ament_index/resource_index/package_run_dependencies/rover_navigation
[0.237s] -- Up-to-date: /home/sachin/ros2_rover/install/rover_navigation/share/ament_index/resource_index/parent_prefix_path/rover_navigation
[0.237s] -- Up-to-date: /home/sachin/ros2_rover/install/rover_navigation/share/rover_navigation/environment/ament_prefix_path.sh
[0.237s] -- Up-to-date: /home/sachin/ros2_rover/install/rover_navigation/share/rover_navigation/environment/ament_prefix_path.dsv
[0.237s] -- Up-to-date: /home/sachin/ros2_rover/install/rover_navigation/share/rover_navigation/environment/path.sh
[0.237s] -- Up-to-date: /home/sachin/ros2_rover/install/rover_navigation/share/rover_navigation/environment/path.dsv
[0.237s] -- Up-to-date: /home/sachin/ros2_rover/install/rover_navigation/share/rover_navigation/local_setup.bash
[0.237s] -- Up-to-date: /home/sachin/ros2_rover/install/rover_navigation/share/rover_navigation/local_setup.sh
[0.237s] -- Up-to-date: /home/sachin/ros2_rover/install/rover_navigation/share/rover_navigation/local_setup.zsh
[0.237s] -- Up-to-date: /home/sachin/ros2_rover/install/rover_navigation/share/rover_navigation/local_setup.dsv
[0.237s] -- Installing: /home/sachin/ros2_rover/install/rover_navigation/share/rover_navigation/package.dsv
[0.237s] -- Up-to-date: /home/sachin/ros2_rover/install/rover_navigation/share/ament_index/resource_index/packages/rover_navigation
[0.237s] -- Up-to-date: /home/sachin/ros2_rover/install/rover_navigation/share/rover_navigation/cmake/rover_navigationConfig.cmake
[0.238s] -- Up-to-date: /home/sachin/ros2_rover/install/rover_navigation/share/rover_navigation/cmake/rover_navigationConfig-version.cmake
[0.238s] -- Up-to-date: /home/sachin/ros2_rover/install/rover_navigation/share/rover_navigation/package.xml
[0.241s] Invoked command in '/home/sachin/ros2_rover/build/rover_navigation' returned '0': CMAKE_PREFIX_PATH=${CMAKE_PREFIX_PATH}:/home/sachin/ros2_rover/install/rover_teleop:/home/sachin/ros2_rover/install/rover_motor_controller:/opt/ros/jazzy DEBUGINFOD_URLS=https://debuginfod.ubuntu.com PS1=(.ros2_venv) \[\e]0;\u@\h: \w\a\]${debian_chroot:+($debian_chroot)}\[\033[01;32m\]\u@\h\[\033[00m\]:\[\033[01;34m\]\w\[\033[00m\]\$ VIRTUAL_ENV_PROMPT=(.ros2_venv) /usr/bin/cmake --install /home/sachin/ros2_rover/build/rover_navigation
