[0.525s] Invoking command in '/home/sachin/ros2_rover/src/rover_motor_controller': AMENT_PREFIX_PATH=/home/sachin/ros2_rover/install/rover_msgs:${AMENT_PREFIX_PATH} CMAKE_PREFIX_PATH=/home/sachin/ros2_rover/install/rover_msgs:${CMAKE_PREFIX_PATH} DEBUGINFOD_URLS=https://debuginfod.ubuntu.com LD_LIBRARY_PATH=/home/sachin/ros2_rover/install/rover_msgs/lib:${LD_LIBRARY_PATH} PS1=(.ros2_venv) \[\e]0;\u@\h: \w\a\]${debian_chroot:+($debian_chroot)}\[\033[01;32m\]\u@\h\[\033[00m\]:\[\033[01;34m\]\w\[\033[00m\]\$ PYTHONPATH=/home/sachin/ros2_rover/build/rover_motor_controller/prefix_override:/usr/lib/python3/dist-packages/colcon_core/task/python/colcon_distutils_commands:/home/sachin/ros2_rover/install/rover_motor_controller/lib/python3.12/site-packages:/home/sachin/ros2_rover/install/rover_msgs/lib/python3.12/site-packages:${PYTHONPATH} VIRTUAL_ENV_PROMPT=(.ros2_venv) /usr/bin/python3 -W ignore:setup.py install is deprecated -W ignore:easy_install command is deprecated setup.py egg_info --egg-base ../../build/rover_motor_controller build --build-base /home/sachin/ros2_rover/build/rover_motor_controller/build install --record /home/sachin/ros2_rover/build/rover_motor_controller/install.log --install-scripts $base/lib/rover_motor_controller --single-version-externally-managed install_data
[0.608s] /usr/lib/python3/dist-packages/setuptools/dist.py:744: SetuptoolsDeprecationWarning: Invalid dash-separated options
[0.608s] !!
[0.608s] 
[0.608s]         ********************************************************************************
[0.608s]         Usage of dash-separated 'script-dir' will not be supported in future
[0.608s]         versions. Please use the underscore name 'script_dir' instead.
[0.608s] 
[0.608s]         This deprecation is overdue, please update your project and remove deprecated
[0.609s]         calls to avoid build errors in the future.
[0.609s] 
[0.609s]         See https://setuptools.pypa.io/en/latest/userguide/declarative_config.html for details.
[0.609s]         ********************************************************************************
[0.609s] 
[0.609s] !!
[0.609s]   opt = self.warn_dash_deprecation(opt, section)
[0.697s] running egg_info
[0.698s] creating ../../build/rover_motor_controller/rover_motor_controller.egg-info
[0.710s] writing ../../build/rover_motor_controller/rover_motor_controller.egg-info/PKG-INFO
[0.710s] writing dependency_links to ../../build/rover_motor_controller/rover_motor_controller.egg-info/dependency_links.txt
[0.710s] writing entry points to ../../build/rover_motor_controller/rover_motor_controller.egg-info/entry_points.txt
[0.710s] writing requirements to ../../build/rover_motor_controller/rover_motor_controller.egg-info/requires.txt
[0.710s] writing top-level names to ../../build/rover_motor_controller/rover_motor_controller.egg-info/top_level.txt
[0.710s] writing manifest file '../../build/rover_motor_controller/rover_motor_controller.egg-info/SOURCES.txt'
[0.736s] reading manifest file '../../build/rover_motor_controller/rover_motor_controller.egg-info/SOURCES.txt'
[0.736s] writing manifest file '../../build/rover_motor_controller/rover_motor_controller.egg-info/SOURCES.txt'
[0.736s] running build
[0.736s] running build_py
[0.736s] creating /home/sachin/ros2_rover/build/rover_motor_controller/build
[0.736s] creating /home/sachin/ros2_rover/build/rover_motor_controller/build/lib
[0.737s] creating /home/sachin/ros2_rover/build/rover_motor_controller/build/lib/rover_motor_controller
[0.737s] copying rover_motor_controller/__init__.py -> /home/sachin/ros2_rover/build/rover_motor_controller/build/lib/rover_motor_controller
[0.737s] copying rover_motor_controller/vel_parser_node_main.py -> /home/sachin/ros2_rover/build/rover_motor_controller/build/lib/rover_motor_controller
[0.737s] copying rover_motor_controller/controller_node_main.py -> /home/sachin/ros2_rover/build/rover_motor_controller/build/lib/rover_motor_controller
[0.737s] creating /home/sachin/ros2_rover/build/rover_motor_controller/build/lib/rover_motor_controller/lx16a
[0.737s] copying rover_motor_controller/lx16a/__init__.py -> /home/sachin/ros2_rover/build/rover_motor_controller/build/lib/rover_motor_controller/lx16a
[0.737s] copying rover_motor_controller/lx16a/lx16a.py -> /home/sachin/ros2_rover/build/rover_motor_controller/build/lib/rover_motor_controller/lx16a
[0.737s] copying rover_motor_controller/lx16a/lx16a_consts.py -> /home/sachin/ros2_rover/build/rover_motor_controller/build/lib/rover_motor_controller/lx16a
[0.737s] copying rover_motor_controller/lx16a/motor_controller.py -> /home/sachin/ros2_rover/build/rover_motor_controller/build/lib/rover_motor_controller/lx16a
[0.737s] creating /home/sachin/ros2_rover/build/rover_motor_controller/build/lib/rover_motor_controller/motor_controller
[0.737s] copying rover_motor_controller/motor_controller/__init__.py -> /home/sachin/ros2_rover/build/rover_motor_controller/build/lib/rover_motor_controller/motor_controller
[0.737s] copying rover_motor_controller/motor_controller/vel_parser_node.py -> /home/sachin/ros2_rover/build/rover_motor_controller/build/lib/rover_motor_controller/motor_controller
[0.738s] copying rover_motor_controller/motor_controller/controller_node.py -> /home/sachin/ros2_rover/build/rover_motor_controller/build/lib/rover_motor_controller/motor_controller
[0.738s] running install
[0.741s] running install_lib
[0.754s] creating /home/sachin/ros2_rover/install/rover_motor_controller/lib/python3.12/site-packages/rover_motor_controller
[0.754s] copying /home/sachin/ros2_rover/build/rover_motor_controller/build/lib/rover_motor_controller/__init__.py -> /home/sachin/ros2_rover/install/rover_motor_controller/lib/python3.12/site-packages/rover_motor_controller
[0.754s] copying /home/sachin/ros2_rover/build/rover_motor_controller/build/lib/rover_motor_controller/vel_parser_node_main.py -> /home/sachin/ros2_rover/install/rover_motor_controller/lib/python3.12/site-packages/rover_motor_controller
[0.754s] creating /home/sachin/ros2_rover/install/rover_motor_controller/lib/python3.12/site-packages/rover_motor_controller/lx16a
[0.754s] copying /home/sachin/ros2_rover/build/rover_motor_controller/build/lib/rover_motor_controller/lx16a/__init__.py -> /home/sachin/ros2_rover/install/rover_motor_controller/lib/python3.12/site-packages/rover_motor_controller/lx16a
[0.755s] copying /home/sachin/ros2_rover/build/rover_motor_controller/build/lib/rover_motor_controller/lx16a/lx16a.py -> /home/sachin/ros2_rover/install/rover_motor_controller/lib/python3.12/site-packages/rover_motor_controller/lx16a
[0.755s] copying /home/sachin/ros2_rover/build/rover_motor_controller/build/lib/rover_motor_controller/lx16a/lx16a_consts.py -> /home/sachin/ros2_rover/install/rover_motor_controller/lib/python3.12/site-packages/rover_motor_controller/lx16a
[0.755s] copying /home/sachin/ros2_rover/build/rover_motor_controller/build/lib/rover_motor_controller/lx16a/motor_controller.py -> /home/sachin/ros2_rover/install/rover_motor_controller/lib/python3.12/site-packages/rover_motor_controller/lx16a
[0.755s] creating /home/sachin/ros2_rover/install/rover_motor_controller/lib/python3.12/site-packages/rover_motor_controller/motor_controller
[0.755s] copying /home/sachin/ros2_rover/build/rover_motor_controller/build/lib/rover_motor_controller/motor_controller/__init__.py -> /home/sachin/ros2_rover/install/rover_motor_controller/lib/python3.12/site-packages/rover_motor_controller/motor_controller
[0.755s] copying /home/sachin/ros2_rover/build/rover_motor_controller/build/lib/rover_motor_controller/motor_controller/vel_parser_node.py -> /home/sachin/ros2_rover/install/rover_motor_controller/lib/python3.12/site-packages/rover_motor_controller/motor_controller
[0.755s] copying /home/sachin/ros2_rover/build/rover_motor_controller/build/lib/rover_motor_controller/motor_controller/controller_node.py -> /home/sachin/ros2_rover/install/rover_motor_controller/lib/python3.12/site-packages/rover_motor_controller/motor_controller
[0.755s] copying /home/sachin/ros2_rover/build/rover_motor_controller/build/lib/rover_motor_controller/controller_node_main.py -> /home/sachin/ros2_rover/install/rover_motor_controller/lib/python3.12/site-packages/rover_motor_controller
[0.755s] byte-compiling /home/sachin/ros2_rover/install/rover_motor_controller/lib/python3.12/site-packages/rover_motor_controller/__init__.py to __init__.cpython-312.pyc
[0.755s] byte-compiling /home/sachin/ros2_rover/install/rover_motor_controller/lib/python3.12/site-packages/rover_motor_controller/vel_parser_node_main.py to vel_parser_node_main.cpython-312.pyc
[0.755s] byte-compiling /home/sachin/ros2_rover/install/rover_motor_controller/lib/python3.12/site-packages/rover_motor_controller/lx16a/__init__.py to __init__.cpython-312.pyc
[0.755s] byte-compiling /home/sachin/ros2_rover/install/rover_motor_controller/lib/python3.12/site-packages/rover_motor_controller/lx16a/lx16a.py to lx16a.cpython-312.pyc
[0.757s] byte-compiling /home/sachin/ros2_rover/install/rover_motor_controller/lib/python3.12/site-packages/rover_motor_controller/lx16a/lx16a_consts.py to lx16a_consts.cpython-312.pyc
[0.757s] byte-compiling /home/sachin/ros2_rover/install/rover_motor_controller/lib/python3.12/site-packages/rover_motor_controller/lx16a/motor_controller.py to motor_controller.cpython-312.pyc
[0.758s] byte-compiling /home/sachin/ros2_rover/install/rover_motor_controller/lib/python3.12/site-packages/rover_motor_controller/motor_controller/__init__.py to __init__.cpython-312.pyc
[0.758s] byte-compiling /home/sachin/ros2_rover/install/rover_motor_controller/lib/python3.12/site-packages/rover_motor_controller/motor_controller/vel_parser_node.py to vel_parser_node.cpython-312.pyc
[0.759s] byte-compiling /home/sachin/ros2_rover/install/rover_motor_controller/lib/python3.12/site-packages/rover_motor_controller/motor_controller/controller_node.py to controller_node.cpython-312.pyc
[0.759s] byte-compiling /home/sachin/ros2_rover/install/rover_motor_controller/lib/python3.12/site-packages/rover_motor_controller/controller_node_main.py to controller_node_main.cpython-312.pyc
[0.759s] running install_data
[0.760s] creating /home/sachin/ros2_rover/install/rover_motor_controller/share/ament_index
[0.760s] creating /home/sachin/ros2_rover/install/rover_motor_controller/share/ament_index/resource_index
[0.760s] creating /home/sachin/ros2_rover/install/rover_motor_controller/share/ament_index/resource_index/packages
[0.760s] copying resource/rover_motor_controller -> /home/sachin/ros2_rover/install/rover_motor_controller/share/ament_index/resource_index/packages
[0.760s] copying package.xml -> /home/sachin/ros2_rover/install/rover_motor_controller/share/rover_motor_controller
[0.760s] creating /home/sachin/ros2_rover/install/rover_motor_controller/share/rover_motor_controller/launch
[0.760s] copying launch/motor_controller.launch.py -> /home/sachin/ros2_rover/install/rover_motor_controller/share/rover_motor_controller/launch/
[0.760s] running install_egg_info
[0.774s] Copying ../../build/rover_motor_controller/rover_motor_controller.egg-info to /home/sachin/ros2_rover/install/rover_motor_controller/lib/python3.12/site-packages/rover_motor_controller-2.0.0-py3.12.egg-info
[0.774s] running install_scripts
[0.856s] Installing controller_node script to /home/sachin/ros2_rover/install/rover_motor_controller/lib/rover_motor_controller
[0.856s] Installing vel_parser_node script to /home/sachin/ros2_rover/install/rover_motor_controller/lib/rover_motor_controller
[0.856s] writing list of installed files to '/home/sachin/ros2_rover/build/rover_motor_controller/install.log'
[0.878s] Invoked command in '/home/sachin/ros2_rover/src/rover_motor_controller' returned '0': AMENT_PREFIX_PATH=/home/sachin/ros2_rover/install/rover_msgs:${AMENT_PREFIX_PATH} CMAKE_PREFIX_PATH=/home/sachin/ros2_rover/install/rover_msgs:${CMAKE_PREFIX_PATH} DEBUGINFOD_URLS=https://debuginfod.ubuntu.com LD_LIBRARY_PATH=/home/sachin/ros2_rover/install/rover_msgs/lib:${LD_LIBRARY_PATH} PS1=(.ros2_venv) \[\e]0;\u@\h: \w\a\]${debian_chroot:+($debian_chroot)}\[\033[01;32m\]\u@\h\[\033[00m\]:\[\033[01;34m\]\w\[\033[00m\]\$ PYTHONPATH=/home/sachin/ros2_rover/build/rover_motor_controller/prefix_override:/usr/lib/python3/dist-packages/colcon_core/task/python/colcon_distutils_commands:/home/sachin/ros2_rover/install/rover_motor_controller/lib/python3.12/site-packages:/home/sachin/ros2_rover/install/rover_msgs/lib/python3.12/site-packages:${PYTHONPATH} VIRTUAL_ENV_PROMPT=(.ros2_venv) /usr/bin/python3 -W ignore:setup.py install is deprecated -W ignore:easy_install command is deprecated setup.py egg_info --egg-base ../../build/rover_motor_controller build --build-base /home/sachin/ros2_rover/build/rover_motor_controller/build install --record /home/sachin/ros2_rover/build/rover_motor_controller/install.log --install-scripts $base/lib/rover_motor_controller --single-version-externally-managed install_data
