[0.574s] Invoking command in '/home/sachin/ros2_rover/src/rover_motor_controller': CMAKE_PREFIX_PATH=/home/sachin/ros2_rover/install/rover_msgs:/home/sachin/ros2_rover/install/rover_navigation:/home/sachin/ros2_rover/install/rover_gazebo:/home/sachin/ros2_rover/install/rover_bringup:/home/sachin/ros2_rover/install/rover_motor_controller_cpp:/home/sachin/ros2_rover/install/rover_localization:/home/sachin/ros2_rover/install/rover_description:/opt/ros/jazzy/opt/gz_sim_vendor:/opt/ros/jazzy/opt/gz_sensors_vendor:/opt/ros/jazzy/opt/gz_physics_vendor:/opt/ros/jazzy/opt/sdformat_vendor:/opt/ros/jazzy/opt/gz_gui_vendor:/opt/ros/jazzy/opt/gz_transport_vendor:/opt/ros/jazzy/opt/gz_rendering_vendor:/opt/ros/jazzy/opt/gz_plugin_vendor:/opt/ros/jazzy/opt/gz_fuel_tools_vendor:/opt/ros/jazzy/opt/gz_msgs_vendor:/opt/ros/jazzy/opt/gz_common_vendor:/opt/ros/jazzy/opt/gz_math_vendor:/opt/ros/jazzy/opt/gz_utils_vendor:/opt/ros/jazzy/opt/gz_tools_vendor:/opt/ros/jazzy/opt/gz_ogre_next_vendor:/opt/ros/jazzy/opt/gz_dartsim_vendor:/opt/ros/jazzy/opt/gz_cmake_vendor DEBUGINFOD_URLS=https://debuginfod.ubuntu.com PS1=(.ros2_venv) \[\e]0;\u@\h: \w\a\]${debian_chroot:+($debian_chroot)}\[\033[01;32m\]\u@\h\[\033[00m\]:\[\033[01;34m\]\w\[\033[00m\]\$ PYTHONPATH=/home/sachin/ros2_rover/build/rover_motor_controller/prefix_override:/usr/lib/python3/dist-packages/colcon_core/task/python/colcon_distutils_commands:/home/sachin/ros2_rover/install/rover_motor_controller/lib/python3.12/site-packages:/home/sachin/ros2_rover/install/rover_msgs/lib/python3.12/site-packages:/home/sachin/ros2_rover/install/rover_teleop/lib/python3.12/site-packages:/home/sachin/ros2_rover/install/rover_motor_controller/lib/python3.12/site-packages:/opt/ros/jazzy/lib/python3.12/site-packages VIRTUAL_ENV_PROMPT=(.ros2_venv) /usr/bin/python3 -W ignore:setup.py install is deprecated -W ignore:easy_install command is deprecated setup.py egg_info --egg-base ../../build/rover_motor_controller build --build-base /home/sachin/ros2_rover/build/rover_motor_controller/build install --record /home/sachin/ros2_rover/build/rover_motor_controller/install.log --install-scripts $base/lib/rover_motor_controller --single-version-externally-managed install_data
[0.659s] /usr/lib/python3/dist-packages/setuptools/dist.py:744: SetuptoolsDeprecationWarning: Invalid dash-separated options
[0.659s] !!
[0.659s] 
[0.659s]         ********************************************************************************
[0.659s]         Usage of dash-separated 'script-dir' will not be supported in future
[0.659s]         versions. Please use the underscore name 'script_dir' instead.
[0.659s] 
[0.659s]         This deprecation is overdue, please update your project and remove deprecated
[0.659s]         calls to avoid build errors in the future.
[0.660s] 
[0.660s]         See https://setuptools.pypa.io/en/latest/userguide/declarative_config.html for details.
[0.660s]         ********************************************************************************
[0.660s] 
[0.660s] !!
[0.660s]   opt = self.warn_dash_deprecation(opt, section)
[0.748s] running egg_info
[0.760s] writing ../../build/rover_motor_controller/rover_motor_controller.egg-info/PKG-INFO
[0.760s] writing dependency_links to ../../build/rover_motor_controller/rover_motor_controller.egg-info/dependency_links.txt
[0.760s] writing entry points to ../../build/rover_motor_controller/rover_motor_controller.egg-info/entry_points.txt
[0.760s] writing requirements to ../../build/rover_motor_controller/rover_motor_controller.egg-info/requires.txt
[0.761s] writing top-level names to ../../build/rover_motor_controller/rover_motor_controller.egg-info/top_level.txt
[0.786s] reading manifest file '../../build/rover_motor_controller/rover_motor_controller.egg-info/SOURCES.txt'
[0.786s] writing manifest file '../../build/rover_motor_controller/rover_motor_controller.egg-info/SOURCES.txt'
[0.786s] running build
[0.786s] running build_py
[0.787s] running install
[0.791s] running install_lib
[0.804s] running install_data
[0.804s] running install_egg_info
[0.817s] removing '/home/sachin/ros2_rover/install/rover_motor_controller/lib/python3.12/site-packages/rover_motor_controller-2.0.0-py3.12.egg-info' (and everything under it)
[0.817s] Copying ../../build/rover_motor_controller/rover_motor_controller.egg-info to /home/sachin/ros2_rover/install/rover_motor_controller/lib/python3.12/site-packages/rover_motor_controller-2.0.0-py3.12.egg-info
[0.817s] running install_scripts
[0.900s] Installing controller_node script to /home/sachin/ros2_rover/install/rover_motor_controller/lib/rover_motor_controller
[0.900s] Installing vel_parser_node script to /home/sachin/ros2_rover/install/rover_motor_controller/lib/rover_motor_controller
[0.900s] writing list of installed files to '/home/sachin/ros2_rover/build/rover_motor_controller/install.log'
[0.919s] Invoked command in '/home/sachin/ros2_rover/src/rover_motor_controller' returned '0': CMAKE_PREFIX_PATH=/home/sachin/ros2_rover/install/rover_msgs:/home/sachin/ros2_rover/install/rover_navigation:/home/sachin/ros2_rover/install/rover_gazebo:/home/sachin/ros2_rover/install/rover_bringup:/home/sachin/ros2_rover/install/rover_motor_controller_cpp:/home/sachin/ros2_rover/install/rover_localization:/home/sachin/ros2_rover/install/rover_description:/opt/ros/jazzy/opt/gz_sim_vendor:/opt/ros/jazzy/opt/gz_sensors_vendor:/opt/ros/jazzy/opt/gz_physics_vendor:/opt/ros/jazzy/opt/sdformat_vendor:/opt/ros/jazzy/opt/gz_gui_vendor:/opt/ros/jazzy/opt/gz_transport_vendor:/opt/ros/jazzy/opt/gz_rendering_vendor:/opt/ros/jazzy/opt/gz_plugin_vendor:/opt/ros/jazzy/opt/gz_fuel_tools_vendor:/opt/ros/jazzy/opt/gz_msgs_vendor:/opt/ros/jazzy/opt/gz_common_vendor:/opt/ros/jazzy/opt/gz_math_vendor:/opt/ros/jazzy/opt/gz_utils_vendor:/opt/ros/jazzy/opt/gz_tools_vendor:/opt/ros/jazzy/opt/gz_ogre_next_vendor:/opt/ros/jazzy/opt/gz_dartsim_vendor:/opt/ros/jazzy/opt/gz_cmake_vendor DEBUGINFOD_URLS=https://debuginfod.ubuntu.com PS1=(.ros2_venv) \[\e]0;\u@\h: \w\a\]${debian_chroot:+($debian_chroot)}\[\033[01;32m\]\u@\h\[\033[00m\]:\[\033[01;34m\]\w\[\033[00m\]\$ PYTHONPATH=/home/sachin/ros2_rover/build/rover_motor_controller/prefix_override:/usr/lib/python3/dist-packages/colcon_core/task/python/colcon_distutils_commands:/home/sachin/ros2_rover/install/rover_motor_controller/lib/python3.12/site-packages:/home/sachin/ros2_rover/install/rover_msgs/lib/python3.12/site-packages:/home/sachin/ros2_rover/install/rover_teleop/lib/python3.12/site-packages:/home/sachin/ros2_rover/install/rover_motor_controller/lib/python3.12/site-packages:/opt/ros/jazzy/lib/python3.12/site-packages VIRTUAL_ENV_PROMPT=(.ros2_venv) /usr/bin/python3 -W ignore:setup.py install is deprecated -W ignore:easy_install command is deprecated setup.py egg_info --egg-base ../../build/rover_motor_controller build --build-base /home/sachin/ros2_rover/build/rover_motor_controller/build install --record /home/sachin/ros2_rover/build/rover_motor_controller/install.log --install-scripts $base/lib/rover_motor_controller --single-version-externally-managed install_data
