-- The C compiler identification is GNU 13.3.0
-- The CXX compiler identification is GNU 13.3.0
-- Detecting C compiler ABI info
-- Detecting C compiler ABI info - done
-- Check for working C compiler: /usr/bin/cc - skipped
-- Detecting C compile features
-- Detecting C compile features - done
-- Detecting CXX compiler ABI info
-- Detecting CXX compiler ABI info - done
-- Check for working CXX compiler: /usr/bin/c++ - skipped
-- Detecting CXX compile features
-- Detecting CXX compile features - done
-- Found ament_cmake: 2.5.6 (/opt/ros/jazzy/share/ament_cmake/cmake)
-- Found Python3: /home/sachin/.ros2_venv/bin/python3 (found version "3.12.3") found components: Interpreter 
-- Configuring done (0.7s)
-- Generating done (0.0s)
-- Build files have been written to: /home/sachin/ros2_rover/build/rover_description
-- Install configuration: ""
-- Installing: /home/sachin/ros2_rover/install/rover_description/share/rover_description/config
-- Installing: /home/sachin/ros2_rover/install/rover_description/share/rover_description/config/control.yaml
-- Installing: /home/sachin/ros2_rover/install/rover_description/share/rover_description/launch
-- Installing: /home/sachin/ros2_rover/install/rover_description/share/rover_description/launch/robot_state_publisher.launch.py
-- Installing: /home/sachin/ros2_rover/install/rover_description/share/rover_description/meshes
-- Installing: /home/sachin/ros2_rover/install/rover_description/share/rover_description/meshes/sensors
-- Installing: /home/sachin/ros2_rover/install/rover_description/share/rover_description/meshes/sensors/asus_xtion
-- Installing: /home/sachin/ros2_rover/install/rover_description/share/rover_description/meshes/sensors/asus_xtion/asus_xtion_pro_live.png
-- Installing: /home/sachin/ros2_rover/install/rover_description/share/rover_description/meshes/sensors/asus_xtion/asus_xtion_pro_live.dae
-- Installing: /home/sachin/ros2_rover/install/rover_description/share/rover_description/meshes/sensors/hokuyo
-- Installing: /home/sachin/ros2_rover/install/rover_description/share/rover_description/meshes/sensors/hokuyo/hokuyo3d.jpg
-- Installing: /home/sachin/ros2_rover/install/rover_description/share/rover_description/meshes/sensors/hokuyo/hokuyo_ust_20lx.dae
-- Installing: /home/sachin/ros2_rover/install/rover_description/share/rover_description/meshes/sensors/hokuyo/hokuyo_ust_10lx.dae
-- Installing: /home/sachin/ros2_rover/install/rover_description/share/rover_description/meshes/sensors/hokuyo/hokuyo_urg_04lx.stl
-- Installing: /home/sachin/ros2_rover/install/rover_description/share/rover_description/meshes/sensors/hokuyo/hokuyo3d.stl
-- Installing: /home/sachin/ros2_rover/install/rover_description/share/rover_description/meshes/sensors/hokuyo/hokuyo_urg_04lx.dae
-- Installing: /home/sachin/ros2_rover/install/rover_description/share/rover_description/meshes/sensors/hokuyo/hokuyo3d.dae
-- Installing: /home/sachin/ros2_rover/install/rover_description/share/rover_description/meshes/sensors/hokuyo/hokuyo.png
-- Installing: /home/sachin/ros2_rover/install/rover_description/share/rover_description/meshes/sensors/hokuyo/hokuyo_utm_30lx.dae
-- Installing: /home/sachin/ros2_rover/install/rover_description/share/rover_description/meshes/sensors/hokuyo/hokuyo_utm_30lx.stl
-- Installing: /home/sachin/ros2_rover/install/rover_description/share/rover_description/meshes/bases
-- Installing: /home/sachin/ros2_rover/install/rover_description/share/rover_description/meshes/bases/back_right_steering_asm.stl
-- Installing: /home/sachin/ros2_rover/install/rover_description/share/rover_description/meshes/bases/left_bogie_asm.stl
-- Installing: /home/sachin/ros2_rover/install/rover_description/share/rover_description/meshes/bases/right_rocker_asm.stl
-- Installing: /home/sachin/ros2_rover/install/rover_description/share/rover_description/meshes/bases/left_rocker_asm.stl
-- Installing: /home/sachin/ros2_rover/install/rover_description/share/rover_description/meshes/bases/body_box.stl
-- Installing: /home/sachin/ros2_rover/install/rover_description/share/rover_description/meshes/bases/front_right_steering_asm.stl
-- Installing: /home/sachin/ros2_rover/install/rover_description/share/rover_description/meshes/bases/right_bogie_asm.stl
-- Installing: /home/sachin/ros2_rover/install/rover_description/share/rover_description/meshes/bases/turnbuckle.stl
-- Installing: /home/sachin/ros2_rover/install/rover_description/share/rover_description/meshes/bases/front_left_steering_asm.stl
-- Installing: /home/sachin/ros2_rover/install/rover_description/share/rover_description/meshes/bases/back_left_steering_asm.stl
-- Installing: /home/sachin/ros2_rover/install/rover_description/share/rover_description/meshes/bases/differential.stl
-- Installing: /home/sachin/ros2_rover/install/rover_description/share/rover_description/meshes/wheels
-- Installing: /home/sachin/ros2_rover/install/rover_description/share/rover_description/meshes/wheels/wheel.stl
-- Installing: /home/sachin/ros2_rover/install/rover_description/share/rover_description/meshes/wheels/wheel_asm.stl
-- Installing: /home/sachin/ros2_rover/install/rover_description/share/rover_description/urdf
-- Installing: /home/sachin/ros2_rover/install/rover_description/share/rover_description/urdf/sensors
-- Installing: /home/sachin/ros2_rover/install/rover_description/share/rover_description/urdf/sensors/asus_xtion.urdf.xacro
-- Installing: /home/sachin/ros2_rover/install/rover_description/share/rover_description/urdf/sensors/imu.urdf.xacro
-- Installing: /home/sachin/ros2_rover/install/rover_description/share/rover_description/urdf/sensors/hokuyo.urdf.xacro
-- Installing: /home/sachin/ros2_rover/install/rover_description/share/rover_description/urdf/sensors/all_sensors.urdf.xacro
-- Installing: /home/sachin/ros2_rover/install/rover_description/share/rover_description/urdf/inertials.xacro
-- Installing: /home/sachin/ros2_rover/install/rover_description/share/rover_description/urdf/bases
-- Installing: /home/sachin/ros2_rover/install/rover_description/share/rover_description/urdf/bases/bogie.urdf.xacro
-- Installing: /home/sachin/ros2_rover/install/rover_description/share/rover_description/urdf/bases/differential.urdf.xacro
-- Installing: /home/sachin/ros2_rover/install/rover_description/share/rover_description/urdf/bases/rocker.urdf.xacro
-- Installing: /home/sachin/ros2_rover/install/rover_description/share/rover_description/urdf/bases/turnbuckle.urdf.xacro
-- Installing: /home/sachin/ros2_rover/install/rover_description/share/rover_description/urdf/bases/body.urdf.xacro
-- Installing: /home/sachin/ros2_rover/install/rover_description/share/rover_description/urdf/wheels
-- Installing: /home/sachin/ros2_rover/install/rover_description/share/rover_description/urdf/wheels/corner.urdf.xacro
-- Installing: /home/sachin/ros2_rover/install/rover_description/share/rover_description/urdf/wheels/wheel.urdf.xacro
-- Installing: /home/sachin/ros2_rover/install/rover_description/share/rover_description/urdf/materials.xacro
-- Installing: /home/sachin/ros2_rover/install/rover_description/share/rover_description/robots
-- Installing: /home/sachin/ros2_rover/install/rover_description/share/rover_description/robots/rover.urdf.xacro
-- Installing: /home/sachin/ros2_rover/install/rover_description/share/rover_description/hooks
-- Installing: /home/sachin/ros2_rover/install/rover_description/share/rover_description/hooks/gz_sim_resource_path.dsv
-- Installing: /home/sachin/ros2_rover/install/rover_description/share/rover_description/hooks/gz_sim_resource_path.sh
-- Installing: /home/sachin/ros2_rover/install/rover_description/share/rover_description/environment/gz_sim_resource_path.sh
-- Installing: /home/sachin/ros2_rover/install/rover_description/share/rover_description/environment/gz_sim_resource_path.dsv
-- Installing: /home/sachin/ros2_rover/install/rover_description/share/ament_index/resource_index/package_run_dependencies/rover_description
-- Installing: /home/sachin/ros2_rover/install/rover_description/share/ament_index/resource_index/parent_prefix_path/rover_description
-- Installing: /home/sachin/ros2_rover/install/rover_description/share/rover_description/environment/ament_prefix_path.sh
-- Installing: /home/sachin/ros2_rover/install/rover_description/share/rover_description/environment/ament_prefix_path.dsv
-- Installing: /home/sachin/ros2_rover/install/rover_description/share/rover_description/environment/path.sh
-- Installing: /home/sachin/ros2_rover/install/rover_description/share/rover_description/environment/path.dsv
-- Installing: /home/sachin/ros2_rover/install/rover_description/share/rover_description/local_setup.bash
-- Installing: /home/sachin/ros2_rover/install/rover_description/share/rover_description/local_setup.sh
-- Installing: /home/sachin/ros2_rover/install/rover_description/share/rover_description/local_setup.zsh
-- Installing: /home/sachin/ros2_rover/install/rover_description/share/rover_description/local_setup.dsv
-- Installing: /home/sachin/ros2_rover/install/rover_description/share/rover_description/package.dsv
-- Installing: /home/sachin/ros2_rover/install/rover_description/share/ament_index/resource_index/packages/rover_description
-- Installing: /home/sachin/ros2_rover/install/rover_description/share/rover_description/cmake/rover_descriptionConfig.cmake
-- Installing: /home/sachin/ros2_rover/install/rover_description/share/rover_description/cmake/rover_descriptionConfig-version.cmake
-- Installing: /home/sachin/ros2_rover/install/rover_description/share/rover_description/package.xml
