[0.015s] Invoking command in '/home/sachin/ros2_rover/build/rover_description': CMAKE_PREFIX_PATH=${CMAKE_PREFIX_PATH}:/opt/ros/jazzy DEBUGINFOD_URLS=https://debuginfod.ubuntu.com PS1=(.ros2_venv) \[\e]0;\u@\h: \w\a\]${debian_chroot:+($debian_chroot)}\[\033[01;32m\]\u@\h\[\033[00m\]:\[\033[01;34m\]\w\[\033[00m\]\$ VIRTUAL_ENV_PROMPT=(.ros2_venv) /usr/bin/cmake /home/sachin/ros2_rover/src/rover_description -DCMAKE_INSTALL_PREFIX=/home/sachin/ros2_rover/install/rover_description
[0.133s] -- The C compiler identification is GNU 13.3.0
[0.223s] -- The CXX compiler identification is GNU 13.3.0
[0.235s] -- Detecting C compiler ABI info
[0.305s] -- Detecting C compiler ABI info - done
[0.315s] -- Check for working C compiler: /usr/bin/cc - skipped
[0.315s] -- Detecting C compile features
[0.316s] -- Detecting C compile features - done
[0.322s] -- Detecting CXX compiler ABI info
[0.393s] -- Detecting CXX compiler ABI info - done
[0.402s] -- Check for working CXX compiler: /usr/bin/c++ - skipped
[0.402s] -- Detecting CXX compile features
[0.403s] -- Detecting CXX compile features - done
[0.415s] -- Found ament_cmake: 2.5.6 (/opt/ros/jazzy/share/ament_cmake/cmake)
[0.537s] -- Found Python3: /home/sachin/.ros2_venv/bin/python3 (found version "3.12.3") found components: Interpreter 
[0.744s] -- Configuring done (0.7s)
[0.745s] -- Generating done (0.0s)
[0.747s] -- Build files have been written to: /home/sachin/ros2_rover/build/rover_description
[0.750s] Invoked command in '/home/sachin/ros2_rover/build/rover_description' returned '0': CMAKE_PREFIX_PATH=${CMAKE_PREFIX_PATH}:/opt/ros/jazzy DEBUGINFOD_URLS=https://debuginfod.ubuntu.com PS1=(.ros2_venv) \[\e]0;\u@\h: \w\a\]${debian_chroot:+($debian_chroot)}\[\033[01;32m\]\u@\h\[\033[00m\]:\[\033[01;34m\]\w\[\033[00m\]\$ VIRTUAL_ENV_PROMPT=(.ros2_venv) /usr/bin/cmake /home/sachin/ros2_rover/src/rover_description -DCMAKE_INSTALL_PREFIX=/home/sachin/ros2_rover/install/rover_description
[0.751s] Invoking command in '/home/sachin/ros2_rover/build/rover_description': CMAKE_PREFIX_PATH=${CMAKE_PREFIX_PATH}:/opt/ros/jazzy DEBUGINFOD_URLS=https://debuginfod.ubuntu.com PS1=(.ros2_venv) \[\e]0;\u@\h: \w\a\]${debian_chroot:+($debian_chroot)}\[\033[01;32m\]\u@\h\[\033[00m\]:\[\033[01;34m\]\w\[\033[00m\]\$ VIRTUAL_ENV_PROMPT=(.ros2_venv) /usr/bin/cmake --build /home/sachin/ros2_rover/build/rover_description -- -j12 -l12
[0.781s] Invoked command in '/home/sachin/ros2_rover/build/rover_description' returned '0': CMAKE_PREFIX_PATH=${CMAKE_PREFIX_PATH}:/opt/ros/jazzy DEBUGINFOD_URLS=https://debuginfod.ubuntu.com PS1=(.ros2_venv) \[\e]0;\u@\h: \w\a\]${debian_chroot:+($debian_chroot)}\[\033[01;32m\]\u@\h\[\033[00m\]:\[\033[01;34m\]\w\[\033[00m\]\$ VIRTUAL_ENV_PROMPT=(.ros2_venv) /usr/bin/cmake --build /home/sachin/ros2_rover/build/rover_description -- -j12 -l12
[0.790s] Invoking command in '/home/sachin/ros2_rover/build/rover_description': CMAKE_PREFIX_PATH=${CMAKE_PREFIX_PATH}:/opt/ros/jazzy DEBUGINFOD_URLS=https://debuginfod.ubuntu.com PS1=(.ros2_venv) \[\e]0;\u@\h: \w\a\]${debian_chroot:+($debian_chroot)}\[\033[01;32m\]\u@\h\[\033[00m\]:\[\033[01;34m\]\w\[\033[00m\]\$ VIRTUAL_ENV_PROMPT=(.ros2_venv) /usr/bin/cmake --install /home/sachin/ros2_rover/build/rover_description
[0.796s] -- Install configuration: ""
[0.797s] -- Installing: /home/sachin/ros2_rover/install/rover_description/share/rover_description/config
[0.797s] -- Installing: /home/sachin/ros2_rover/install/rover_description/share/rover_description/config/control.yaml
[0.797s] -- Installing: /home/sachin/ros2_rover/install/rover_description/share/rover_description/launch
[0.797s] -- Installing: /home/sachin/ros2_rover/install/rover_description/share/rover_description/launch/robot_state_publisher.launch.py
[0.797s] -- Installing: /home/sachin/ros2_rover/install/rover_description/share/rover_description/meshes
[0.797s] -- Installing: /home/sachin/ros2_rover/install/rover_description/share/rover_description/meshes/sensors
[0.797s] -- Installing: /home/sachin/ros2_rover/install/rover_description/share/rover_description/meshes/sensors/asus_xtion
[0.797s] -- Installing: /home/sachin/ros2_rover/install/rover_description/share/rover_description/meshes/sensors/asus_xtion/asus_xtion_pro_live.png
[0.798s] -- Installing: /home/sachin/ros2_rover/install/rover_description/share/rover_description/meshes/sensors/asus_xtion/asus_xtion_pro_live.dae
[0.798s] -- Installing: /home/sachin/ros2_rover/install/rover_description/share/rover_description/meshes/sensors/hokuyo
[0.798s] -- Installing: /home/sachin/ros2_rover/install/rover_description/share/rover_description/meshes/sensors/hokuyo/hokuyo3d.jpg
[0.798s] -- Installing: /home/sachin/ros2_rover/install/rover_description/share/rover_description/meshes/sensors/hokuyo/hokuyo_ust_20lx.dae
[0.798s] -- Installing: /home/sachin/ros2_rover/install/rover_description/share/rover_description/meshes/sensors/hokuyo/hokuyo_ust_10lx.dae
[0.798s] -- Installing: /home/sachin/ros2_rover/install/rover_description/share/rover_description/meshes/sensors/hokuyo/hokuyo_urg_04lx.stl
[0.798s] -- Installing: /home/sachin/ros2_rover/install/rover_description/share/rover_description/meshes/sensors/hokuyo/hokuyo3d.stl
[0.798s] -- Installing: /home/sachin/ros2_rover/install/rover_description/share/rover_description/meshes/sensors/hokuyo/hokuyo_urg_04lx.dae
[0.798s] -- Installing: /home/sachin/ros2_rover/install/rover_description/share/rover_description/meshes/sensors/hokuyo/hokuyo3d.dae
[0.798s] -- Installing: /home/sachin/ros2_rover/install/rover_description/share/rover_description/meshes/sensors/hokuyo/hokuyo.png
[0.798s] -- Installing: /home/sachin/ros2_rover/install/rover_description/share/rover_description/meshes/sensors/hokuyo/hokuyo_utm_30lx.dae
[0.799s] -- Installing: /home/sachin/ros2_rover/install/rover_description/share/rover_description/meshes/sensors/hokuyo/hokuyo_utm_30lx.stl
[0.799s] -- Installing: /home/sachin/ros2_rover/install/rover_description/share/rover_description/meshes/bases
[0.799s] -- Installing: /home/sachin/ros2_rover/install/rover_description/share/rover_description/meshes/bases/back_right_steering_asm.stl
[0.799s] -- Installing: /home/sachin/ros2_rover/install/rover_description/share/rover_description/meshes/bases/left_bogie_asm.stl
[0.799s] -- Installing: /home/sachin/ros2_rover/install/rover_description/share/rover_description/meshes/bases/right_rocker_asm.stl
[0.800s] -- Installing: /home/sachin/ros2_rover/install/rover_description/share/rover_description/meshes/bases/left_rocker_asm.stl
[0.800s] -- Installing: /home/sachin/ros2_rover/install/rover_description/share/rover_description/meshes/bases/body_box.stl
[0.803s] -- Installing: /home/sachin/ros2_rover/install/rover_description/share/rover_description/meshes/bases/front_right_steering_asm.stl
[0.804s] -- Installing: /home/sachin/ros2_rover/install/rover_description/share/rover_description/meshes/bases/right_bogie_asm.stl
[0.806s] -- Installing: /home/sachin/ros2_rover/install/rover_description/share/rover_description/meshes/bases/turnbuckle.stl
[0.806s] -- Installing: /home/sachin/ros2_rover/install/rover_description/share/rover_description/meshes/bases/front_left_steering_asm.stl
[0.807s] -- Installing: /home/sachin/ros2_rover/install/rover_description/share/rover_description/meshes/bases/back_left_steering_asm.stl
[0.807s] -- Installing: /home/sachin/ros2_rover/install/rover_description/share/rover_description/meshes/bases/differential.stl
[0.807s] -- Installing: /home/sachin/ros2_rover/install/rover_description/share/rover_description/meshes/wheels
[0.808s] -- Installing: /home/sachin/ros2_rover/install/rover_description/share/rover_description/meshes/wheels/wheel.stl
[0.808s] -- Installing: /home/sachin/ros2_rover/install/rover_description/share/rover_description/meshes/wheels/wheel_asm.stl
[0.808s] -- Installing: /home/sachin/ros2_rover/install/rover_description/share/rover_description/urdf
[0.808s] -- Installing: /home/sachin/ros2_rover/install/rover_description/share/rover_description/urdf/sensors
[0.809s] -- Installing: /home/sachin/ros2_rover/install/rover_description/share/rover_description/urdf/sensors/asus_xtion.urdf.xacro
[0.809s] -- Installing: /home/sachin/ros2_rover/install/rover_description/share/rover_description/urdf/sensors/imu.urdf.xacro
[0.809s] -- Installing: /home/sachin/ros2_rover/install/rover_description/share/rover_description/urdf/sensors/hokuyo.urdf.xacro
[0.809s] -- Installing: /home/sachin/ros2_rover/install/rover_description/share/rover_description/urdf/sensors/all_sensors.urdf.xacro
[0.809s] -- Installing: /home/sachin/ros2_rover/install/rover_description/share/rover_description/urdf/inertials.xacro
[0.809s] -- Installing: /home/sachin/ros2_rover/install/rover_description/share/rover_description/urdf/bases
[0.809s] -- Installing: /home/sachin/ros2_rover/install/rover_description/share/rover_description/urdf/bases/bogie.urdf.xacro
[0.809s] -- Installing: /home/sachin/ros2_rover/install/rover_description/share/rover_description/urdf/bases/differential.urdf.xacro
[0.809s] -- Installing: /home/sachin/ros2_rover/install/rover_description/share/rover_description/urdf/bases/rocker.urdf.xacro
[0.809s] -- Installing: /home/sachin/ros2_rover/install/rover_description/share/rover_description/urdf/bases/turnbuckle.urdf.xacro
[0.809s] -- Installing: /home/sachin/ros2_rover/install/rover_description/share/rover_description/urdf/bases/body.urdf.xacro
[0.810s] -- Installing: /home/sachin/ros2_rover/install/rover_description/share/rover_description/urdf/wheels
[0.810s] -- Installing: /home/sachin/ros2_rover/install/rover_description/share/rover_description/urdf/wheels/corner.urdf.xacro
[0.810s] -- Installing: /home/sachin/ros2_rover/install/rover_description/share/rover_description/urdf/wheels/wheel.urdf.xacro
[0.810s] -- Installing: /home/sachin/ros2_rover/install/rover_description/share/rover_description/urdf/materials.xacro
[0.810s] -- Installing: /home/sachin/ros2_rover/install/rover_description/share/rover_description/robots
[0.810s] -- Installing: /home/sachin/ros2_rover/install/rover_description/share/rover_description/robots/rover.urdf.xacro
[0.810s] -- Installing: /home/sachin/ros2_rover/install/rover_description/share/rover_description/hooks
[0.810s] -- Installing: /home/sachin/ros2_rover/install/rover_description/share/rover_description/hooks/gz_sim_resource_path.dsv
[0.810s] -- Installing: /home/sachin/ros2_rover/install/rover_description/share/rover_description/hooks/gz_sim_resource_path.sh
[0.810s] -- Installing: /home/sachin/ros2_rover/install/rover_description/share/rover_description/environment/gz_sim_resource_path.sh
[0.810s] -- Installing: /home/sachin/ros2_rover/install/rover_description/share/rover_description/environment/gz_sim_resource_path.dsv
[0.810s] -- Installing: /home/sachin/ros2_rover/install/rover_description/share/ament_index/resource_index/package_run_dependencies/rover_description
[0.811s] -- Installing: /home/sachin/ros2_rover/install/rover_description/share/ament_index/resource_index/parent_prefix_path/rover_description
[0.811s] -- Installing: /home/sachin/ros2_rover/install/rover_description/share/rover_description/environment/ament_prefix_path.sh
[0.811s] -- Installing: /home/sachin/ros2_rover/install/rover_description/share/rover_description/environment/ament_prefix_path.dsv
[0.811s] -- Installing: /home/sachin/ros2_rover/install/rover_description/share/rover_description/environment/path.sh
[0.811s] -- Installing: /home/sachin/ros2_rover/install/rover_description/share/rover_description/environment/path.dsv
[0.811s] -- Installing: /home/sachin/ros2_rover/install/rover_description/share/rover_description/local_setup.bash
[0.811s] -- Installing: /home/sachin/ros2_rover/install/rover_description/share/rover_description/local_setup.sh
[0.811s] -- Installing: /home/sachin/ros2_rover/install/rover_description/share/rover_description/local_setup.zsh
[0.811s] -- Installing: /home/sachin/ros2_rover/install/rover_description/share/rover_description/local_setup.dsv
[0.811s] -- Installing: /home/sachin/ros2_rover/install/rover_description/share/rover_description/package.dsv
[0.811s] -- Installing: /home/sachin/ros2_rover/install/rover_description/share/ament_index/resource_index/packages/rover_description
[0.811s] -- Installing: /home/sachin/ros2_rover/install/rover_description/share/rover_description/cmake/rover_descriptionConfig.cmake
[0.811s] -- Installing: /home/sachin/ros2_rover/install/rover_description/share/rover_description/cmake/rover_descriptionConfig-version.cmake
[0.812s] -- Installing: /home/sachin/ros2_rover/install/rover_description/share/rover_description/package.xml
[0.825s] Invoked command in '/home/sachin/ros2_rover/build/rover_description' returned '0': CMAKE_PREFIX_PATH=${CMAKE_PREFIX_PATH}:/opt/ros/jazzy DEBUGINFOD_URLS=https://debuginfod.ubuntu.com PS1=(.ros2_venv) \[\e]0;\u@\h: \w\a\]${debian_chroot:+($debian_chroot)}\[\033[01;32m\]\u@\h\[\033[00m\]:\[\033[01;34m\]\w\[\033[00m\]\$ VIRTUAL_ENV_PROMPT=(.ros2_venv) /usr/bin/cmake --install /home/sachin/ros2_rover/build/rover_description
