[0.008s] Invoking command in '/home/sachin/ros2_rover/build/rover_gazebo': AMENT_PREFIX_PATH=/home/sachin/ros2_rover/install/rover_motor_controller_cpp:/home/sachin/ros2_rover/install/rover_msgs:/home/sachin/ros2_rover/install/rover_description:${AMENT_PREFIX_PATH} CMAKE_PREFIX_PATH=/home/sachin/ros2_rover/install/rover_motor_controller_cpp:/home/sachin/ros2_rover/install/rover_msgs:/home/sachin/ros2_rover/install/rover_description:/opt/ros/jazzy/opt/gz_sim_vendor:/opt/ros/jazzy/opt/gz_sensors_vendor:/opt/ros/jazzy/opt/gz_physics_vendor:/opt/ros/jazzy/opt/sdformat_vendor:/opt/ros/jazzy/opt/gz_gui_vendor:/opt/ros/jazzy/opt/gz_transport_vendor:/opt/ros/jazzy/opt/gz_rendering_vendor:/opt/ros/jazzy/opt/gz_plugin_vendor:/opt/ros/jazzy/opt/gz_fuel_tools_vendor:/opt/ros/jazzy/opt/gz_msgs_vendor:/opt/ros/jazzy/opt/gz_common_vendor:/opt/ros/jazzy/opt/gz_math_vendor:/opt/ros/jazzy/opt/gz_utils_vendor:/opt/ros/jazzy/opt/gz_tools_vendor:/opt/ros/jazzy/opt/gz_ogre_next_vendor:/opt/ros/jazzy/opt/gz_dartsim_vendor:/opt/ros/jazzy/opt/gz_cmake_vendor:/opt/ros/jazzy DEBUGINFOD_URLS=https://debuginfod.ubuntu.com LD_LIBRARY_PATH=/home/sachin/ros2_rover/install/rover_msgs/lib:${LD_LIBRARY_PATH} PS1=(.ros2_venv) \[\e]0;\u@\h: \w\a\]${debian_chroot:+($debian_chroot)}\[\033[01;32m\]\u@\h\[\033[00m\]:\[\033[01;34m\]\w\[\033[00m\]\$ PYTHONPATH=/home/sachin/ros2_rover/install/rover_msgs/lib/python3.12/site-packages:${PYTHONPATH} VIRTUAL_ENV_PROMPT=(.ros2_venv) /usr/bin/cmake /home/sachin/ros2_rover/src/rover_gazebo -DCMAKE_INSTALL_PREFIX=/home/sachin/ros2_rover/install/rover_gazebo
[0.051s] -- The C compiler identification is GNU 13.3.0
[0.093s] -- The CXX compiler identification is GNU 13.3.0
[0.108s] -- Detecting C compiler ABI info
[0.188s] -- Detecting C compiler ABI info - done
[0.196s] -- Check for working C compiler: /usr/bin/cc - skipped
[0.196s] -- Detecting C compile features
[0.197s] -- Detecting C compile features - done
[0.205s] -- Detecting CXX compiler ABI info
[0.284s] -- Detecting CXX compiler ABI info - done
[0.291s] -- Check for working CXX compiler: /usr/bin/c++ - skipped
[0.291s] -- Detecting CXX compile features
[0.291s] -- Detecting CXX compile features - done
[0.300s] -- Found ament_cmake: 2.5.6 (/opt/ros/jazzy/share/ament_cmake/cmake)
[0.391s] -- Found Python3: /home/sachin/.ros2_venv/bin/python3 (found version "3.12.3") found components: Interpreter 
[0.488s] -- Found rclcpp: 28.1.18 (/opt/ros/jazzy/share/rclcpp/cmake)
[0.532s] -- Found rosidl_generator_c: 4.6.7 (/opt/ros/jazzy/share/rosidl_generator_c/cmake)
[0.546s] -- Found rosidl_generator_cpp: 4.6.7 (/opt/ros/jazzy/share/rosidl_generator_cpp/cmake)
[0.563s] -- Using all available rosidl_typesupport_c: rosidl_typesupport_fastrtps_c;rosidl_typesupport_introspection_c
[0.582s] -- Using all available rosidl_typesupport_cpp: rosidl_typesupport_fastrtps_cpp;rosidl_typesupport_introspection_cpp
[0.655s] -- Found rmw_implementation_cmake: 7.3.3 (/opt/ros/jazzy/share/rmw_implementation_cmake/cmake)
[0.659s] -- Found rmw_fastrtps_cpp: 8.4.3 (/opt/ros/jazzy/share/rmw_fastrtps_cpp/cmake)
[0.736s] -- Found OpenSSL: /usr/lib/x86_64-linux-gnu/libcrypto.so (found version "3.0.13")  
[0.756s] -- Found FastRTPS: /opt/ros/jazzy/include (Required is at least version "2.13") 
[0.776s] -- Using RMW implementation 'rmw_fastrtps_cpp' as default
[0.843s] -- Found nav_msgs: 5.3.7 (/opt/ros/jazzy/share/nav_msgs/cmake)
[0.895s] -- Found sensor_msgs: 5.3.7 (/opt/ros/jazzy/share/sensor_msgs/cmake)
[0.915s] -- Found tf2_ros: 0.36.20 (/opt/ros/jazzy/share/tf2_ros/cmake)
[1.031s] -- Found rover_msgs: 2.0.0 (/home/sachin/ros2_rover/install/rover_msgs/share/rover_msgs/cmake)
[1.041s] -- Found trajectory_msgs: 5.3.7 (/opt/ros/jazzy/share/trajectory_msgs/cmake)
[1.134s] -- Configuring done (1.1s)
[1.151s] -- Generating done (0.0s)
[1.156s] -- Build files have been written to: /home/sachin/ros2_rover/build/rover_gazebo
[1.168s] Invoked command in '/home/sachin/ros2_rover/build/rover_gazebo' returned '0': AMENT_PREFIX_PATH=/home/sachin/ros2_rover/install/rover_motor_controller_cpp:/home/sachin/ros2_rover/install/rover_msgs:/home/sachin/ros2_rover/install/rover_description:${AMENT_PREFIX_PATH} CMAKE_PREFIX_PATH=/home/sachin/ros2_rover/install/rover_motor_controller_cpp:/home/sachin/ros2_rover/install/rover_msgs:/home/sachin/ros2_rover/install/rover_description:/opt/ros/jazzy/opt/gz_sim_vendor:/opt/ros/jazzy/opt/gz_sensors_vendor:/opt/ros/jazzy/opt/gz_physics_vendor:/opt/ros/jazzy/opt/sdformat_vendor:/opt/ros/jazzy/opt/gz_gui_vendor:/opt/ros/jazzy/opt/gz_transport_vendor:/opt/ros/jazzy/opt/gz_rendering_vendor:/opt/ros/jazzy/opt/gz_plugin_vendor:/opt/ros/jazzy/opt/gz_fuel_tools_vendor:/opt/ros/jazzy/opt/gz_msgs_vendor:/opt/ros/jazzy/opt/gz_common_vendor:/opt/ros/jazzy/opt/gz_math_vendor:/opt/ros/jazzy/opt/gz_utils_vendor:/opt/ros/jazzy/opt/gz_tools_vendor:/opt/ros/jazzy/opt/gz_ogre_next_vendor:/opt/ros/jazzy/opt/gz_dartsim_vendor:/opt/ros/jazzy/opt/gz_cmake_vendor:/opt/ros/jazzy DEBUGINFOD_URLS=https://debuginfod.ubuntu.com LD_LIBRARY_PATH=/home/sachin/ros2_rover/install/rover_msgs/lib:${LD_LIBRARY_PATH} PS1=(.ros2_venv) \[\e]0;\u@\h: \w\a\]${debian_chroot:+($debian_chroot)}\[\033[01;32m\]\u@\h\[\033[00m\]:\[\033[01;34m\]\w\[\033[00m\]\$ PYTHONPATH=/home/sachin/ros2_rover/install/rover_msgs/lib/python3.12/site-packages:${PYTHONPATH} VIRTUAL_ENV_PROMPT=(.ros2_venv) /usr/bin/cmake /home/sachin/ros2_rover/src/rover_gazebo -DCMAKE_INSTALL_PREFIX=/home/sachin/ros2_rover/install/rover_gazebo
[1.169s] Invoking command in '/home/sachin/ros2_rover/build/rover_gazebo': AMENT_PREFIX_PATH=/home/sachin/ros2_rover/install/rover_motor_controller_cpp:/home/sachin/ros2_rover/install/rover_msgs:/home/sachin/ros2_rover/install/rover_description:${AMENT_PREFIX_PATH} CMAKE_PREFIX_PATH=/home/sachin/ros2_rover/install/rover_motor_controller_cpp:/home/sachin/ros2_rover/install/rover_msgs:/home/sachin/ros2_rover/install/rover_description:/opt/ros/jazzy/opt/gz_sim_vendor:/opt/ros/jazzy/opt/gz_sensors_vendor:/opt/ros/jazzy/opt/gz_physics_vendor:/opt/ros/jazzy/opt/sdformat_vendor:/opt/ros/jazzy/opt/gz_gui_vendor:/opt/ros/jazzy/opt/gz_transport_vendor:/opt/ros/jazzy/opt/gz_rendering_vendor:/opt/ros/jazzy/opt/gz_plugin_vendor:/opt/ros/jazzy/opt/gz_fuel_tools_vendor:/opt/ros/jazzy/opt/gz_msgs_vendor:/opt/ros/jazzy/opt/gz_common_vendor:/opt/ros/jazzy/opt/gz_math_vendor:/opt/ros/jazzy/opt/gz_utils_vendor:/opt/ros/jazzy/opt/gz_tools_vendor:/opt/ros/jazzy/opt/gz_ogre_next_vendor:/opt/ros/jazzy/opt/gz_dartsim_vendor:/opt/ros/jazzy/opt/gz_cmake_vendor:/opt/ros/jazzy DEBUGINFOD_URLS=https://debuginfod.ubuntu.com LD_LIBRARY_PATH=/home/sachin/ros2_rover/install/rover_msgs/lib:${LD_LIBRARY_PATH} PS1=(.ros2_venv) \[\e]0;\u@\h: \w\a\]${debian_chroot:+($debian_chroot)}\[\033[01;32m\]\u@\h\[\033[00m\]:\[\033[01;34m\]\w\[\033[00m\]\$ PYTHONPATH=/home/sachin/ros2_rover/install/rover_msgs/lib/python3.12/site-packages:${PYTHONPATH} VIRTUAL_ENV_PROMPT=(.ros2_venv) /usr/bin/cmake --build /home/sachin/ros2_rover/build/rover_gazebo -- -j12 -l12
[1.214s] [ 16%] [32mBuilding CXX object CMakeFiles/ground_truth_remapper_node.dir/src/ground_truth_remapper_node.cpp.o[0m
[1.218s] [ 33%] [32mBuilding CXX object CMakeFiles/odometry_node.dir/src/odometry_node.cpp.o[0m
[1.220s] [ 50%] [32mBuilding CXX object CMakeFiles/motors_command_parser_node.dir/src/motors_command_parser_node.cpp.o[0m
[6.626s] [ 66%] [32m[1mLinking CXX executable ground_truth_remapper_node[0m
[6.914s] [ 66%] Built target ground_truth_remapper_node
[6.990s] [ 83%] [32m[1mLinking CXX executable motors_command_parser_node[0m
[7.228s] [ 83%] Built target motors_command_parser_node
[7.434s] [100%] [32m[1mLinking CXX executable odometry_node[0m
[7.729s] [100%] Built target odometry_node
[7.738s] Invoked command in '/home/sachin/ros2_rover/build/rover_gazebo' returned '0': AMENT_PREFIX_PATH=/home/sachin/ros2_rover/install/rover_motor_controller_cpp:/home/sachin/ros2_rover/install/rover_msgs:/home/sachin/ros2_rover/install/rover_description:${AMENT_PREFIX_PATH} CMAKE_PREFIX_PATH=/home/sachin/ros2_rover/install/rover_motor_controller_cpp:/home/sachin/ros2_rover/install/rover_msgs:/home/sachin/ros2_rover/install/rover_description:/opt/ros/jazzy/opt/gz_sim_vendor:/opt/ros/jazzy/opt/gz_sensors_vendor:/opt/ros/jazzy/opt/gz_physics_vendor:/opt/ros/jazzy/opt/sdformat_vendor:/opt/ros/jazzy/opt/gz_gui_vendor:/opt/ros/jazzy/opt/gz_transport_vendor:/opt/ros/jazzy/opt/gz_rendering_vendor:/opt/ros/jazzy/opt/gz_plugin_vendor:/opt/ros/jazzy/opt/gz_fuel_tools_vendor:/opt/ros/jazzy/opt/gz_msgs_vendor:/opt/ros/jazzy/opt/gz_common_vendor:/opt/ros/jazzy/opt/gz_math_vendor:/opt/ros/jazzy/opt/gz_utils_vendor:/opt/ros/jazzy/opt/gz_tools_vendor:/opt/ros/jazzy/opt/gz_ogre_next_vendor:/opt/ros/jazzy/opt/gz_dartsim_vendor:/opt/ros/jazzy/opt/gz_cmake_vendor:/opt/ros/jazzy DEBUGINFOD_URLS=https://debuginfod.ubuntu.com LD_LIBRARY_PATH=/home/sachin/ros2_rover/install/rover_msgs/lib:${LD_LIBRARY_PATH} PS1=(.ros2_venv) \[\e]0;\u@\h: \w\a\]${debian_chroot:+($debian_chroot)}\[\033[01;32m\]\u@\h\[\033[00m\]:\[\033[01;34m\]\w\[\033[00m\]\$ PYTHONPATH=/home/sachin/ros2_rover/install/rover_msgs/lib/python3.12/site-packages:${PYTHONPATH} VIRTUAL_ENV_PROMPT=(.ros2_venv) /usr/bin/cmake --build /home/sachin/ros2_rover/build/rover_gazebo -- -j12 -l12
[7.739s] Invoking command in '/home/sachin/ros2_rover/build/rover_gazebo': AMENT_PREFIX_PATH=/home/sachin/ros2_rover/install/rover_motor_controller_cpp:/home/sachin/ros2_rover/install/rover_msgs:/home/sachin/ros2_rover/install/rover_description:${AMENT_PREFIX_PATH} CMAKE_PREFIX_PATH=/home/sachin/ros2_rover/install/rover_motor_controller_cpp:/home/sachin/ros2_rover/install/rover_msgs:/home/sachin/ros2_rover/install/rover_description:/opt/ros/jazzy/opt/gz_sim_vendor:/opt/ros/jazzy/opt/gz_sensors_vendor:/opt/ros/jazzy/opt/gz_physics_vendor:/opt/ros/jazzy/opt/sdformat_vendor:/opt/ros/jazzy/opt/gz_gui_vendor:/opt/ros/jazzy/opt/gz_transport_vendor:/opt/ros/jazzy/opt/gz_rendering_vendor:/opt/ros/jazzy/opt/gz_plugin_vendor:/opt/ros/jazzy/opt/gz_fuel_tools_vendor:/opt/ros/jazzy/opt/gz_msgs_vendor:/opt/ros/jazzy/opt/gz_common_vendor:/opt/ros/jazzy/opt/gz_math_vendor:/opt/ros/jazzy/opt/gz_utils_vendor:/opt/ros/jazzy/opt/gz_tools_vendor:/opt/ros/jazzy/opt/gz_ogre_next_vendor:/opt/ros/jazzy/opt/gz_dartsim_vendor:/opt/ros/jazzy/opt/gz_cmake_vendor:/opt/ros/jazzy DEBUGINFOD_URLS=https://debuginfod.ubuntu.com LD_LIBRARY_PATH=/home/sachin/ros2_rover/install/rover_msgs/lib:${LD_LIBRARY_PATH} PS1=(.ros2_venv) \[\e]0;\u@\h: \w\a\]${debian_chroot:+($debian_chroot)}\[\033[01;32m\]\u@\h\[\033[00m\]:\[\033[01;34m\]\w\[\033[00m\]\$ PYTHONPATH=/home/sachin/ros2_rover/install/rover_msgs/lib/python3.12/site-packages:${PYTHONPATH} VIRTUAL_ENV_PROMPT=(.ros2_venv) /usr/bin/cmake --install /home/sachin/ros2_rover/build/rover_gazebo
[7.746s] -- Install configuration: ""
[7.746s] -- Installing: /home/sachin/ros2_rover/install/rover_gazebo/lib/rover_gazebo/motors_command_parser_node
[7.748s] -- Set non-toolchain portion of runtime path of "/home/sachin/ros2_rover/install/rover_gazebo/lib/rover_gazebo/motors_command_parser_node" to ""
[7.749s] -- Installing: /home/sachin/ros2_rover/install/rover_gazebo/lib/rover_gazebo/odometry_node
[7.751s] -- Set non-toolchain portion of runtime path of "/home/sachin/ros2_rover/install/rover_gazebo/lib/rover_gazebo/odometry_node" to ""
[7.751s] -- Installing: /home/sachin/ros2_rover/install/rover_gazebo/lib/rover_gazebo/ground_truth_remapper_node
[7.753s] -- Set non-toolchain portion of runtime path of "/home/sachin/ros2_rover/install/rover_gazebo/lib/rover_gazebo/ground_truth_remapper_node" to ""
[7.753s] -- Installing: /home/sachin/ros2_rover/install/rover_gazebo/share/rover_gazebo/launch
[7.753s] -- Installing: /home/sachin/ros2_rover/install/rover_gazebo/share/rover_gazebo/launch/mars.launch.py
[7.753s] -- Installing: /home/sachin/ros2_rover/install/rover_gazebo/share/rover_gazebo/launch/low_moon.launch.py
[7.753s] -- Installing: /home/sachin/ros2_rover/install/rover_gazebo/share/rover_gazebo/launch/gazebo.launch.py
[7.753s] -- Installing: /home/sachin/ros2_rover/install/rover_gazebo/share/rover_gazebo/launch/curiosity.launch.py
[7.753s] -- Installing: /home/sachin/ros2_rover/install/rover_gazebo/share/rover_gazebo/launch/moon.launch.py
[7.753s] -- Installing: /home/sachin/ros2_rover/install/rover_gazebo/share/rover_gazebo/launch/forest.launch.py
[7.753s] -- Installing: /home/sachin/ros2_rover/install/rover_gazebo/share/rover_gazebo/launch/include
[7.753s] -- Installing: /home/sachin/ros2_rover/install/rover_gazebo/share/rover_gazebo/launch/include/cmd_vel.launch.py
[7.753s] -- Installing: /home/sachin/ros2_rover/install/rover_gazebo/share/rover_gazebo/launch/include/spawn.launch.py
[7.753s] -- Installing: /home/sachin/ros2_rover/install/rover_gazebo/share/rover_gazebo/worlds
[7.753s] -- Installing: /home/sachin/ros2_rover/install/rover_gazebo/share/rover_gazebo/worlds/curiosity.world
[7.753s] -- Installing: /home/sachin/ros2_rover/install/rover_gazebo/share/rover_gazebo/worlds/forest.world
[7.754s] -- Installing: /home/sachin/ros2_rover/install/rover_gazebo/share/rover_gazebo/worlds/moon.world
[7.754s] -- Installing: /home/sachin/ros2_rover/install/rover_gazebo/share/rover_gazebo/worlds/empty.world
[7.754s] -- Installing: /home/sachin/ros2_rover/install/rover_gazebo/share/rover_gazebo/worlds/low_moon.world
[7.754s] -- Installing: /home/sachin/ros2_rover/install/rover_gazebo/share/rover_gazebo/worlds/mars.world
[7.754s] -- Installing: /home/sachin/ros2_rover/install/rover_gazebo/share/rover_gazebo/models
[7.754s] -- Installing: /home/sachin/ros2_rover/install/rover_gazebo/share/rover_gazebo/models/curiosity_path
[7.754s] -- Installing: /home/sachin/ros2_rover/install/rover_gazebo/share/rover_gazebo/models/curiosity_path/model.sdf
[7.754s] -- Installing: /home/sachin/ros2_rover/install/rover_gazebo/share/rover_gazebo/models/curiosity_path/meshes
[7.754s] -- Installing: /home/sachin/ros2_rover/install/rover_gazebo/share/rover_gazebo/models/curiosity_path/meshes/mars_texture_lq.jpg
[7.754s] -- Installing: /home/sachin/ros2_rover/install/rover_gazebo/share/rover_gazebo/models/curiosity_path/meshes/curiosity_path25k.dae
[7.757s] -- Installing: /home/sachin/ros2_rover/install/rover_gazebo/share/rover_gazebo/models/curiosity_path/meshes/curiosity_path25k.stl
[7.758s] -- Installing: /home/sachin/ros2_rover/install/rover_gazebo/share/rover_gazebo/models/curiosity_path/model.config
[7.758s] -- Installing: /home/sachin/ros2_rover/install/rover_gazebo/share/rover_gazebo/models/moon
[7.758s] -- Installing: /home/sachin/ros2_rover/install/rover_gazebo/share/rover_gazebo/models/moon/model.sdf
[7.758s] -- Installing: /home/sachin/ros2_rover/install/rover_gazebo/share/rover_gazebo/models/moon/materials
[7.758s] -- Installing: /home/sachin/ros2_rover/install/rover_gazebo/share/rover_gazebo/models/moon/materials/textures
[7.758s] -- Installing: /home/sachin/ros2_rover/install/rover_gazebo/share/rover_gazebo/models/moon/materials/textures/ground.jpg
[7.758s] -- Installing: /home/sachin/ros2_rover/install/rover_gazebo/share/rover_gazebo/models/moon/materials/textures/ground_1.jpg
[7.758s] -- Installing: /home/sachin/ros2_rover/install/rover_gazebo/share/rover_gazebo/models/moon/materials/textures/ground_normal.jpg
[7.759s] -- Installing: /home/sachin/ros2_rover/install/rover_gazebo/share/rover_gazebo/models/moon/materials/heightmap
[7.759s] -- Installing: /home/sachin/ros2_rover/install/rover_gazebo/share/rover_gazebo/models/moon/materials/heightmap/moon.png
[7.759s] -- Installing: /home/sachin/ros2_rover/install/rover_gazebo/share/rover_gazebo/models/moon/materials/heightmap/moon.xcf
[7.759s] -- Installing: /home/sachin/ros2_rover/install/rover_gazebo/share/rover_gazebo/models/moon/model.config
[7.759s] -- Installing: /home/sachin/ros2_rover/install/rover_gazebo/share/rover_gazebo/models/rock9
[7.759s] -- Installing: /home/sachin/ros2_rover/install/rover_gazebo/share/rover_gazebo/models/rock9/model.sdf
[7.759s] -- Installing: /home/sachin/ros2_rover/install/rover_gazebo/share/rover_gazebo/models/rock9/meshes
[7.759s] -- Installing: /home/sachin/ros2_rover/install/rover_gazebo/share/rover_gazebo/models/rock9/meshes/rock9.dae
[7.760s] -- Installing: /home/sachin/ros2_rover/install/rover_gazebo/share/rover_gazebo/models/rock9/meshes/rock9.stl
[7.761s] -- Installing: /home/sachin/ros2_rover/install/rover_gazebo/share/rover_gazebo/models/rock9/meshes/texture.jpg
[7.761s] -- Installing: /home/sachin/ros2_rover/install/rover_gazebo/share/rover_gazebo/models/rock9/model.config
[7.761s] -- Installing: /home/sachin/ros2_rover/install/rover_gazebo/share/rover_gazebo/models/rockformation
[7.761s] -- Installing: /home/sachin/ros2_rover/install/rover_gazebo/share/rover_gazebo/models/rockformation/model.sdf
[7.761s] -- Installing: /home/sachin/ros2_rover/install/rover_gazebo/share/rover_gazebo/models/rockformation/meshes
[7.761s] -- Installing: /home/sachin/ros2_rover/install/rover_gazebo/share/rover_gazebo/models/rockformation/meshes/rockformation.dae
[7.762s] -- Installing: /home/sachin/ros2_rover/install/rover_gazebo/share/rover_gazebo/models/rockformation/meshes/SMALL_RED_BaseColor.png
[7.762s] -- Installing: /home/sachin/ros2_rover/install/rover_gazebo/share/rover_gazebo/models/rockformation/model.config
[7.762s] -- Installing: /home/sachin/ros2_rover/install/rover_gazebo/share/rover_gazebo/models/jaggedrock
[7.762s] -- Installing: /home/sachin/ros2_rover/install/rover_gazebo/share/rover_gazebo/models/jaggedrock/model.sdf
[7.762s] -- Installing: /home/sachin/ros2_rover/install/rover_gazebo/share/rover_gazebo/models/jaggedrock/meshes
[7.762s] -- Installing: /home/sachin/ros2_rover/install/rover_gazebo/share/rover_gazebo/models/jaggedrock/meshes/jaggedrock_texture.dae
[7.763s] -- Installing: /home/sachin/ros2_rover/install/rover_gazebo/share/rover_gazebo/models/jaggedrock/meshes/bumpy.jpg
[7.763s] -- Installing: /home/sachin/ros2_rover/install/rover_gazebo/share/rover_gazebo/models/jaggedrock/meshes/basecolor.jpg
[7.763s] -- Installing: /home/sachin/ros2_rover/install/rover_gazebo/share/rover_gazebo/models/jaggedrock/model.config
[7.763s] -- Installing: /home/sachin/ros2_rover/install/rover_gazebo/share/rover_gazebo/models/low_moon
[7.763s] -- Installing: /home/sachin/ros2_rover/install/rover_gazebo/share/rover_gazebo/models/low_moon/model.sdf
[7.763s] -- Installing: /home/sachin/ros2_rover/install/rover_gazebo/share/rover_gazebo/models/low_moon/model.config
[7.763s] -- Installing: /home/sachin/ros2_rover/install/rover_gazebo/share/rover_gazebo/models/mars_terrain
[7.763s] -- Installing: /home/sachin/ros2_rover/install/rover_gazebo/share/rover_gazebo/models/mars_terrain/model.sdf
[7.763s] -- Installing: /home/sachin/ros2_rover/install/rover_gazebo/share/rover_gazebo/models/mars_terrain/meshes
[7.763s] -- Installing: /home/sachin/ros2_rover/install/rover_gazebo/share/rover_gazebo/models/mars_terrain/meshes/mars_texture_lq.jpg
[7.763s] -- Installing: /home/sachin/ros2_rover/install/rover_gazebo/share/rover_gazebo/models/mars_terrain/meshes/terrain.stl
[7.764s] -- Installing: /home/sachin/ros2_rover/install/rover_gazebo/share/rover_gazebo/models/mars_terrain/meshes/reddish-sand.jpg
[7.764s] -- Installing: /home/sachin/ros2_rover/install/rover_gazebo/share/rover_gazebo/models/mars_terrain/meshes/terrain.dae
[7.764s] -- Installing: /home/sachin/ros2_rover/install/rover_gazebo/share/rover_gazebo/models/mars_terrain/meshes/mars_texture.jpg
[7.764s] -- Installing: /home/sachin/ros2_rover/install/rover_gazebo/share/rover_gazebo/models/mars_terrain/meshes/terrain_textured.dae
[7.764s] -- Installing: /home/sachin/ros2_rover/install/rover_gazebo/share/rover_gazebo/models/mars_terrain/model.config
[7.764s] -- Installing: /home/sachin/ros2_rover/install/rover_gazebo/share/rover_gazebo/models/terrain
[7.765s] -- Installing: /home/sachin/ros2_rover/install/rover_gazebo/share/rover_gazebo/models/terrain/model.sdf
[7.765s] -- Installing: /home/sachin/ros2_rover/install/rover_gazebo/share/rover_gazebo/models/terrain/materials
[7.765s] -- Installing: /home/sachin/ros2_rover/install/rover_gazebo/share/rover_gazebo/models/terrain/materials/textures
[7.765s] -- Installing: /home/sachin/ros2_rover/install/rover_gazebo/share/rover_gazebo/models/terrain/materials/textures/terrain.png
[7.765s] -- Installing: /home/sachin/ros2_rover/install/rover_gazebo/share/rover_gazebo/models/terrain/materials/textures/terrain.xcf
[7.765s] -- Installing: /home/sachin/ros2_rover/install/rover_gazebo/share/rover_gazebo/models/terrain/model.config
[7.765s] -- Installing: /home/sachin/ros2_rover/install/rover_gazebo/share/rover_gazebo/models/crater
[7.765s] -- Installing: /home/sachin/ros2_rover/install/rover_gazebo/share/rover_gazebo/models/crater/model.sdf
[7.765s] -- Installing: /home/sachin/ros2_rover/install/rover_gazebo/share/rover_gazebo/models/crater/meshes
[7.765s] -- Installing: /home/sachin/ros2_rover/install/rover_gazebo/share/rover_gazebo/models/crater/meshes/crater4k.stl
[7.765s] -- Installing: /home/sachin/ros2_rover/install/rover_gazebo/share/rover_gazebo/models/crater/meshes/crater_martian_red.dae
[7.765s] -- Installing: /home/sachin/ros2_rover/install/rover_gazebo/share/rover_gazebo/models/crater/model.config
[7.765s] -- Installing: /home/sachin/ros2_rover/install/rover_gazebo/share/rover_gazebo/rviz
[7.765s] -- Installing: /home/sachin/ros2_rover/install/rover_gazebo/share/rover_gazebo/rviz/default.rviz
[7.765s] -- Installing: /home/sachin/ros2_rover/install/rover_gazebo/share/rover_gazebo/config
[7.765s] -- Installing: /home/sachin/ros2_rover/install/rover_gazebo/share/rover_gazebo/config/odometry.yaml
[7.765s] -- Installing: /home/sachin/ros2_rover/install/rover_gazebo/share/rover_gazebo/config/gz_bridge.yaml
[7.766s] -- Installing: /home/sachin/ros2_rover/install/rover_gazebo/share/rover_gazebo/environment/gz_sim_resource_path.sh
[7.766s] -- Installing: /home/sachin/ros2_rover/install/rover_gazebo/share/rover_gazebo/environment/gz_sim_resource_path.dsv
[7.766s] -- Installing: /home/sachin/ros2_rover/install/rover_gazebo/share/ament_index/resource_index/package_run_dependencies/rover_gazebo
[7.766s] -- Installing: /home/sachin/ros2_rover/install/rover_gazebo/share/ament_index/resource_index/parent_prefix_path/rover_gazebo
[7.766s] -- Installing: /home/sachin/ros2_rover/install/rover_gazebo/share/rover_gazebo/environment/ament_prefix_path.sh
[7.766s] -- Installing: /home/sachin/ros2_rover/install/rover_gazebo/share/rover_gazebo/environment/ament_prefix_path.dsv
[7.766s] -- Installing: /home/sachin/ros2_rover/install/rover_gazebo/share/rover_gazebo/environment/path.sh
[7.766s] -- Installing: /home/sachin/ros2_rover/install/rover_gazebo/share/rover_gazebo/environment/path.dsv
[7.766s] -- Installing: /home/sachin/ros2_rover/install/rover_gazebo/share/rover_gazebo/local_setup.bash
[7.766s] -- Installing: /home/sachin/ros2_rover/install/rover_gazebo/share/rover_gazebo/local_setup.sh
[7.766s] -- Installing: /home/sachin/ros2_rover/install/rover_gazebo/share/rover_gazebo/local_setup.zsh
[7.766s] -- Installing: /home/sachin/ros2_rover/install/rover_gazebo/share/rover_gazebo/local_setup.dsv
[7.766s] -- Installing: /home/sachin/ros2_rover/install/rover_gazebo/share/rover_gazebo/package.dsv
[7.766s] -- Installing: /home/sachin/ros2_rover/install/rover_gazebo/share/ament_index/resource_index/packages/rover_gazebo
[7.766s] -- Installing: /home/sachin/ros2_rover/install/rover_gazebo/share/rover_gazebo/cmake/rover_gazeboConfig.cmake
[7.766s] -- Installing: /home/sachin/ros2_rover/install/rover_gazebo/share/rover_gazebo/cmake/rover_gazeboConfig-version.cmake
[7.766s] -- Installing: /home/sachin/ros2_rover/install/rover_gazebo/share/rover_gazebo/package.xml
[7.768s] Invoked command in '/home/sachin/ros2_rover/build/rover_gazebo' returned '0': AMENT_PREFIX_PATH=/home/sachin/ros2_rover/install/rover_motor_controller_cpp:/home/sachin/ros2_rover/install/rover_msgs:/home/sachin/ros2_rover/install/rover_description:${AMENT_PREFIX_PATH} CMAKE_PREFIX_PATH=/home/sachin/ros2_rover/install/rover_motor_controller_cpp:/home/sachin/ros2_rover/install/rover_msgs:/home/sachin/ros2_rover/install/rover_description:/opt/ros/jazzy/opt/gz_sim_vendor:/opt/ros/jazzy/opt/gz_sensors_vendor:/opt/ros/jazzy/opt/gz_physics_vendor:/opt/ros/jazzy/opt/sdformat_vendor:/opt/ros/jazzy/opt/gz_gui_vendor:/opt/ros/jazzy/opt/gz_transport_vendor:/opt/ros/jazzy/opt/gz_rendering_vendor:/opt/ros/jazzy/opt/gz_plugin_vendor:/opt/ros/jazzy/opt/gz_fuel_tools_vendor:/opt/ros/jazzy/opt/gz_msgs_vendor:/opt/ros/jazzy/opt/gz_common_vendor:/opt/ros/jazzy/opt/gz_math_vendor:/opt/ros/jazzy/opt/gz_utils_vendor:/opt/ros/jazzy/opt/gz_tools_vendor:/opt/ros/jazzy/opt/gz_ogre_next_vendor:/opt/ros/jazzy/opt/gz_dartsim_vendor:/opt/ros/jazzy/opt/gz_cmake_vendor:/opt/ros/jazzy DEBUGINFOD_URLS=https://debuginfod.ubuntu.com LD_LIBRARY_PATH=/home/sachin/ros2_rover/install/rover_msgs/lib:${LD_LIBRARY_PATH} PS1=(.ros2_venv) \[\e]0;\u@\h: \w\a\]${debian_chroot:+($debian_chroot)}\[\033[01;32m\]\u@\h\[\033[00m\]:\[\033[01;34m\]\w\[\033[00m\]\$ PYTHONPATH=/home/sachin/ros2_rover/install/rover_msgs/lib/python3.12/site-packages:${PYTHONPATH} VIRTUAL_ENV_PROMPT=(.ros2_venv) /usr/bin/cmake --install /home/sachin/ros2_rover/build/rover_gazebo
