[0.019s] Invoking command in '/home/sachin/ros2_rover/build/rover_localization': CMAKE_PREFIX_PATH=${CMAKE_PREFIX_PATH}:/opt/ros/jazzy DEBUGINFOD_URLS=https://debuginfod.ubuntu.com PS1=(.ros2_venv) \[\e]0;\u@\h: \w\a\]${debian_chroot:+($debian_chroot)}\[\033[01;32m\]\u@\h\[\033[00m\]:\[\033[01;34m\]\w\[\033[00m\]\$ VIRTUAL_ENV_PROMPT=(.ros2_venv) /usr/bin/cmake --build /home/sachin/ros2_rover/build/rover_localization -- -j12 -l12
[0.270s] Invoked command in '/home/sachin/ros2_rover/build/rover_localization' returned '0': CMAKE_PREFIX_PATH=${CMAKE_PREFIX_PATH}:/opt/ros/jazzy DEBUGINFOD_URLS=https://debuginfod.ubuntu.com PS1=(.ros2_venv) \[\e]0;\u@\h: \w\a\]${debian_chroot:+($debian_chroot)}\[\033[01;32m\]\u@\h\[\033[00m\]:\[\033[01;34m\]\w\[\033[00m\]\$ VIRTUAL_ENV_PROMPT=(.ros2_venv) /usr/bin/cmake --build /home/sachin/ros2_rover/build/rover_localization -- -j12 -l12
[0.271s] Invoking command in '/home/sachin/ros2_rover/build/rover_localization': CMAKE_PREFIX_PATH=${CMAKE_PREFIX_PATH}:/opt/ros/jazzy DEBUGINFOD_URLS=https://debuginfod.ubuntu.com PS1=(.ros2_venv) \[\e]0;\u@\h: \w\a\]${debian_chroot:+($debian_chroot)}\[\033[01;32m\]\u@\h\[\033[00m\]:\[\033[01;34m\]\w\[\033[00m\]\$ VIRTUAL_ENV_PROMPT=(.ros2_venv) /usr/bin/cmake --install /home/sachin/ros2_rover/build/rover_localization
[0.288s] -- Install configuration: ""
[0.288s] -- Up-to-date: /home/sachin/ros2_rover/install/rover_localization/share/rover_localization//launch
[0.288s] -- Up-to-date: /home/sachin/ros2_rover/install/rover_localization/share/rover_localization//launch/rtabmap.launch.py
[0.288s] -- Up-to-date: /home/sachin/ros2_rover/install/rover_localization/share/rover_localization//launch/rgbd_odometry.launch.py
[0.289s] -- Up-to-date: /home/sachin/ros2_rover/install/rover_localization/share/rover_localization//launch/ekf.launch.py
[0.289s] -- Up-to-date: /home/sachin/ros2_rover/install/rover_localization/share/rover_localization//launch/localization.launch.py
[0.289s] -- Up-to-date: /home/sachin/ros2_rover/install/rover_localization/share/rover_localization//config
[0.289s] -- Installing: /home/sachin/ros2_rover/install/rover_localization/share/rover_localization//config/ekf.yaml
[0.289s] -- Up-to-date: /home/sachin/ros2_rover/install/rover_localization/share/ament_index/resource_index/package_run_dependencies/rover_localization
[0.289s] -- Up-to-date: /home/sachin/ros2_rover/install/rover_localization/share/ament_index/resource_index/parent_prefix_path/rover_localization
[0.291s] -- Up-to-date: /home/sachin/ros2_rover/install/rover_localization/share/rover_localization/environment/ament_prefix_path.sh
[0.291s] -- Up-to-date: /home/sachin/ros2_rover/install/rover_localization/share/rover_localization/environment/ament_prefix_path.dsv
[0.291s] -- Up-to-date: /home/sachin/ros2_rover/install/rover_localization/share/rover_localization/environment/path.sh
[0.291s] -- Up-to-date: /home/sachin/ros2_rover/install/rover_localization/share/rover_localization/environment/path.dsv
[0.291s] -- Up-to-date: /home/sachin/ros2_rover/install/rover_localization/share/rover_localization/local_setup.bash
[0.291s] -- Up-to-date: /home/sachin/ros2_rover/install/rover_localization/share/rover_localization/local_setup.sh
[0.292s] -- Up-to-date: /home/sachin/ros2_rover/install/rover_localization/share/rover_localization/local_setup.zsh
[0.292s] -- Up-to-date: /home/sachin/ros2_rover/install/rover_localization/share/rover_localization/local_setup.dsv
[0.292s] -- Installing: /home/sachin/ros2_rover/install/rover_localization/share/rover_localization/package.dsv
[0.292s] -- Up-to-date: /home/sachin/ros2_rover/install/rover_localization/share/ament_index/resource_index/packages/rover_localization
[0.292s] -- Up-to-date: /home/sachin/ros2_rover/install/rover_localization/share/rover_localization/cmake/rover_localizationConfig.cmake
[0.293s] -- Up-to-date: /home/sachin/ros2_rover/install/rover_localization/share/rover_localization/cmake/rover_localizationConfig-version.cmake
[0.293s] -- Up-to-date: /home/sachin/ros2_rover/install/rover_localization/share/rover_localization/package.xml
[0.317s] Invoked command in '/home/sachin/ros2_rover/build/rover_localization' returned '0': CMAKE_PREFIX_PATH=${CMAKE_PREFIX_PATH}:/opt/ros/jazzy DEBUGINFOD_URLS=https://debuginfod.ubuntu.com PS1=(.ros2_venv) \[\e]0;\u@\h: \w\a\]${debian_chroot:+($debian_chroot)}\[\033[01;32m\]\u@\h\[\033[00m\]:\[\033[01;34m\]\w\[\033[00m\]\$ VIRTUAL_ENV_PROMPT=(.ros2_venv) /usr/bin/cmake --install /home/sachin/ros2_rover/build/rover_localization
