[0.009s] Invoking command in '/home/sachin/ros2_rover/build/rover_bringup': AMENT_PREFIX_PATH=/home/sachin/ros2_rover/install/rover_motor_controller_cpp:/home/sachin/ros2_rover/install/rover_msgs:${AMENT_PREFIX_PATH} CMAKE_PREFIX_PATH=/home/sachin/ros2_rover/install/rover_motor_controller_cpp:/home/sachin/ros2_rover/install/rover_msgs:/opt/ros/jazzy/opt/gz_sim_vendor:/opt/ros/jazzy/opt/gz_sensors_vendor:/opt/ros/jazzy/opt/gz_physics_vendor:/opt/ros/jazzy/opt/sdformat_vendor:/opt/ros/jazzy/opt/gz_gui_vendor:/opt/ros/jazzy/opt/gz_transport_vendor:/opt/ros/jazzy/opt/gz_rendering_vendor:/opt/ros/jazzy/opt/gz_plugin_vendor:/opt/ros/jazzy/opt/gz_fuel_tools_vendor:/opt/ros/jazzy/opt/gz_msgs_vendor:/opt/ros/jazzy/opt/gz_common_vendor:/opt/ros/jazzy/opt/gz_math_vendor:/opt/ros/jazzy/opt/gz_utils_vendor:/opt/ros/jazzy/opt/gz_tools_vendor:/opt/ros/jazzy/opt/gz_ogre_next_vendor:/opt/ros/jazzy/opt/gz_dartsim_vendor:/opt/ros/jazzy/opt/gz_cmake_vendor:/opt/ros/jazzy DEBUGINFOD_URLS=https://debuginfod.ubuntu.com LD_LIBRARY_PATH=/home/sachin/ros2_rover/install/rover_msgs/lib:${LD_LIBRARY_PATH} PS1=(.ros2_venv) \[\e]0;\u@\h: \w\a\]${debian_chroot:+($debian_chroot)}\[\033[01;32m\]\u@\h\[\033[00m\]:\[\033[01;34m\]\w\[\033[00m\]\$ PYTHONPATH=/home/sachin/ros2_rover/install/rover_msgs/lib/python3.12/site-packages:${PYTHONPATH} VIRTUAL_ENV_PROMPT=(.ros2_venv) /usr/bin/cmake /home/sachin/ros2_rover/src/rover_bringup -DCMAKE_INSTALL_PREFIX=/home/sachin/ros2_rover/install/rover_bringup
[0.059s] -- The C compiler identification is GNU 13.3.0
[0.096s] -- The CXX compiler identification is GNU 13.3.0
[0.111s] -- Detecting C compiler ABI info
[0.189s] -- Detecting C compiler ABI info - done
[0.195s] -- Check for working C compiler: /usr/bin/cc - skipped
[0.195s] -- Detecting C compile features
[0.196s] -- Detecting C compile features - done
[0.204s] -- Detecting CXX compiler ABI info
[0.286s] -- Detecting CXX compiler ABI info - done
[0.295s] -- Check for working CXX compiler: /usr/bin/c++ - skipped
[0.295s] -- Detecting CXX compile features
[0.295s] -- Detecting CXX compile features - done
[0.303s] -- Found ament_cmake: 2.5.6 (/opt/ros/jazzy/share/ament_cmake/cmake)
[0.393s] -- Found Python3: /home/sachin/.ros2_venv/bin/python3 (found version "3.12.3") found components: Interpreter 
[0.559s] -- Configuring done (0.5s)
[0.560s] -- Generating done (0.0s)
[0.561s] -- Build files have been written to: /home/sachin/ros2_rover/build/rover_bringup
[0.565s] Invoked command in '/home/sachin/ros2_rover/build/rover_bringup' returned '0': AMENT_PREFIX_PATH=/home/sachin/ros2_rover/install/rover_motor_controller_cpp:/home/sachin/ros2_rover/install/rover_msgs:${AMENT_PREFIX_PATH} CMAKE_PREFIX_PATH=/home/sachin/ros2_rover/install/rover_motor_controller_cpp:/home/sachin/ros2_rover/install/rover_msgs:/opt/ros/jazzy/opt/gz_sim_vendor:/opt/ros/jazzy/opt/gz_sensors_vendor:/opt/ros/jazzy/opt/gz_physics_vendor:/opt/ros/jazzy/opt/sdformat_vendor:/opt/ros/jazzy/opt/gz_gui_vendor:/opt/ros/jazzy/opt/gz_transport_vendor:/opt/ros/jazzy/opt/gz_rendering_vendor:/opt/ros/jazzy/opt/gz_plugin_vendor:/opt/ros/jazzy/opt/gz_fuel_tools_vendor:/opt/ros/jazzy/opt/gz_msgs_vendor:/opt/ros/jazzy/opt/gz_common_vendor:/opt/ros/jazzy/opt/gz_math_vendor:/opt/ros/jazzy/opt/gz_utils_vendor:/opt/ros/jazzy/opt/gz_tools_vendor:/opt/ros/jazzy/opt/gz_ogre_next_vendor:/opt/ros/jazzy/opt/gz_dartsim_vendor:/opt/ros/jazzy/opt/gz_cmake_vendor:/opt/ros/jazzy DEBUGINFOD_URLS=https://debuginfod.ubuntu.com LD_LIBRARY_PATH=/home/sachin/ros2_rover/install/rover_msgs/lib:${LD_LIBRARY_PATH} PS1=(.ros2_venv) \[\e]0;\u@\h: \w\a\]${debian_chroot:+($debian_chroot)}\[\033[01;32m\]\u@\h\[\033[00m\]:\[\033[01;34m\]\w\[\033[00m\]\$ PYTHONPATH=/home/sachin/ros2_rover/install/rover_msgs/lib/python3.12/site-packages:${PYTHONPATH} VIRTUAL_ENV_PROMPT=(.ros2_venv) /usr/bin/cmake /home/sachin/ros2_rover/src/rover_bringup -DCMAKE_INSTALL_PREFIX=/home/sachin/ros2_rover/install/rover_bringup
[0.565s] Invoking command in '/home/sachin/ros2_rover/build/rover_bringup': AMENT_PREFIX_PATH=/home/sachin/ros2_rover/install/rover_motor_controller_cpp:/home/sachin/ros2_rover/install/rover_msgs:${AMENT_PREFIX_PATH} CMAKE_PREFIX_PATH=/home/sachin/ros2_rover/install/rover_motor_controller_cpp:/home/sachin/ros2_rover/install/rover_msgs:/opt/ros/jazzy/opt/gz_sim_vendor:/opt/ros/jazzy/opt/gz_sensors_vendor:/opt/ros/jazzy/opt/gz_physics_vendor:/opt/ros/jazzy/opt/sdformat_vendor:/opt/ros/jazzy/opt/gz_gui_vendor:/opt/ros/jazzy/opt/gz_transport_vendor:/opt/ros/jazzy/opt/gz_rendering_vendor:/opt/ros/jazzy/opt/gz_plugin_vendor:/opt/ros/jazzy/opt/gz_fuel_tools_vendor:/opt/ros/jazzy/opt/gz_msgs_vendor:/opt/ros/jazzy/opt/gz_common_vendor:/opt/ros/jazzy/opt/gz_math_vendor:/opt/ros/jazzy/opt/gz_utils_vendor:/opt/ros/jazzy/opt/gz_tools_vendor:/opt/ros/jazzy/opt/gz_ogre_next_vendor:/opt/ros/jazzy/opt/gz_dartsim_vendor:/opt/ros/jazzy/opt/gz_cmake_vendor:/opt/ros/jazzy DEBUGINFOD_URLS=https://debuginfod.ubuntu.com LD_LIBRARY_PATH=/home/sachin/ros2_rover/install/rover_msgs/lib:${LD_LIBRARY_PATH} PS1=(.ros2_venv) \[\e]0;\u@\h: \w\a\]${debian_chroot:+($debian_chroot)}\[\033[01;32m\]\u@\h\[\033[00m\]:\[\033[01;34m\]\w\[\033[00m\]\$ PYTHONPATH=/home/sachin/ros2_rover/install/rover_msgs/lib/python3.12/site-packages:${PYTHONPATH} VIRTUAL_ENV_PROMPT=(.ros2_venv) /usr/bin/cmake --build /home/sachin/ros2_rover/build/rover_bringup -- -j12 -l12
[0.598s] Invoked command in '/home/sachin/ros2_rover/build/rover_bringup' returned '0': AMENT_PREFIX_PATH=/home/sachin/ros2_rover/install/rover_motor_controller_cpp:/home/sachin/ros2_rover/install/rover_msgs:${AMENT_PREFIX_PATH} CMAKE_PREFIX_PATH=/home/sachin/ros2_rover/install/rover_motor_controller_cpp:/home/sachin/ros2_rover/install/rover_msgs:/opt/ros/jazzy/opt/gz_sim_vendor:/opt/ros/jazzy/opt/gz_sensors_vendor:/opt/ros/jazzy/opt/gz_physics_vendor:/opt/ros/jazzy/opt/sdformat_vendor:/opt/ros/jazzy/opt/gz_gui_vendor:/opt/ros/jazzy/opt/gz_transport_vendor:/opt/ros/jazzy/opt/gz_rendering_vendor:/opt/ros/jazzy/opt/gz_plugin_vendor:/opt/ros/jazzy/opt/gz_fuel_tools_vendor:/opt/ros/jazzy/opt/gz_msgs_vendor:/opt/ros/jazzy/opt/gz_common_vendor:/opt/ros/jazzy/opt/gz_math_vendor:/opt/ros/jazzy/opt/gz_utils_vendor:/opt/ros/jazzy/opt/gz_tools_vendor:/opt/ros/jazzy/opt/gz_ogre_next_vendor:/opt/ros/jazzy/opt/gz_dartsim_vendor:/opt/ros/jazzy/opt/gz_cmake_vendor:/opt/ros/jazzy DEBUGINFOD_URLS=https://debuginfod.ubuntu.com LD_LIBRARY_PATH=/home/sachin/ros2_rover/install/rover_msgs/lib:${LD_LIBRARY_PATH} PS1=(.ros2_venv) \[\e]0;\u@\h: \w\a\]${debian_chroot:+($debian_chroot)}\[\033[01;32m\]\u@\h\[\033[00m\]:\[\033[01;34m\]\w\[\033[00m\]\$ PYTHONPATH=/home/sachin/ros2_rover/install/rover_msgs/lib/python3.12/site-packages:${PYTHONPATH} VIRTUAL_ENV_PROMPT=(.ros2_venv) /usr/bin/cmake --build /home/sachin/ros2_rover/build/rover_bringup -- -j12 -l12
[0.598s] Invoking command in '/home/sachin/ros2_rover/build/rover_bringup': AMENT_PREFIX_PATH=/home/sachin/ros2_rover/install/rover_motor_controller_cpp:/home/sachin/ros2_rover/install/rover_msgs:${AMENT_PREFIX_PATH} CMAKE_PREFIX_PATH=/home/sachin/ros2_rover/install/rover_motor_controller_cpp:/home/sachin/ros2_rover/install/rover_msgs:/opt/ros/jazzy/opt/gz_sim_vendor:/opt/ros/jazzy/opt/gz_sensors_vendor:/opt/ros/jazzy/opt/gz_physics_vendor:/opt/ros/jazzy/opt/sdformat_vendor:/opt/ros/jazzy/opt/gz_gui_vendor:/opt/ros/jazzy/opt/gz_transport_vendor:/opt/ros/jazzy/opt/gz_rendering_vendor:/opt/ros/jazzy/opt/gz_plugin_vendor:/opt/ros/jazzy/opt/gz_fuel_tools_vendor:/opt/ros/jazzy/opt/gz_msgs_vendor:/opt/ros/jazzy/opt/gz_common_vendor:/opt/ros/jazzy/opt/gz_math_vendor:/opt/ros/jazzy/opt/gz_utils_vendor:/opt/ros/jazzy/opt/gz_tools_vendor:/opt/ros/jazzy/opt/gz_ogre_next_vendor:/opt/ros/jazzy/opt/gz_dartsim_vendor:/opt/ros/jazzy/opt/gz_cmake_vendor:/opt/ros/jazzy DEBUGINFOD_URLS=https://debuginfod.ubuntu.com LD_LIBRARY_PATH=/home/sachin/ros2_rover/install/rover_msgs/lib:${LD_LIBRARY_PATH} PS1=(.ros2_venv) \[\e]0;\u@\h: \w\a\]${debian_chroot:+($debian_chroot)}\[\033[01;32m\]\u@\h\[\033[00m\]:\[\033[01;34m\]\w\[\033[00m\]\$ PYTHONPATH=/home/sachin/ros2_rover/install/rover_msgs/lib/python3.12/site-packages:${PYTHONPATH} VIRTUAL_ENV_PROMPT=(.ros2_venv) /usr/bin/cmake --install /home/sachin/ros2_rover/build/rover_bringup
[0.605s] -- Install configuration: ""
[0.605s] -- Installing: /home/sachin/ros2_rover/install/rover_bringup/share/rover_bringup//launch
[0.605s] -- Installing: /home/sachin/ros2_rover/install/rover_bringup/share/rover_bringup//launch/rover.launch.py
[0.605s] -- Installing: /home/sachin/ros2_rover/install/rover_bringup/share/rover_bringup//launch/urg_node.launch.py
[0.605s] -- Installing: /home/sachin/ros2_rover/install/rover_bringup/share/rover_bringup//launch/ublox.launch.py
[0.605s] -- Installing: /home/sachin/ros2_rover/install/rover_bringup/share/rover_bringup//config
[0.605s] -- Installing: /home/sachin/ros2_rover/install/rover_bringup/share/rover_bringup//config/urg_node_serial.yaml
[0.605s] -- Installing: /home/sachin/ros2_rover/install/rover_bringup/share/rover_bringup//config/ublox.yaml
[0.605s] -- Installing: /home/sachin/ros2_rover/install/rover_bringup/share/ament_index/resource_index/package_run_dependencies/rover_bringup
[0.605s] -- Installing: /home/sachin/ros2_rover/install/rover_bringup/share/ament_index/resource_index/parent_prefix_path/rover_bringup
[0.606s] -- Installing: /home/sachin/ros2_rover/install/rover_bringup/share/rover_bringup/environment/ament_prefix_path.sh
[0.606s] -- Installing: /home/sachin/ros2_rover/install/rover_bringup/share/rover_bringup/environment/ament_prefix_path.dsv
[0.606s] -- Installing: /home/sachin/ros2_rover/install/rover_bringup/share/rover_bringup/environment/path.sh
[0.606s] -- Installing: /home/sachin/ros2_rover/install/rover_bringup/share/rover_bringup/environment/path.dsv
[0.606s] -- Installing: /home/sachin/ros2_rover/install/rover_bringup/share/rover_bringup/local_setup.bash
[0.606s] -- Installing: /home/sachin/ros2_rover/install/rover_bringup/share/rover_bringup/local_setup.sh
[0.606s] -- Installing: /home/sachin/ros2_rover/install/rover_bringup/share/rover_bringup/local_setup.zsh
[0.606s] -- Installing: /home/sachin/ros2_rover/install/rover_bringup/share/rover_bringup/local_setup.dsv
[0.606s] -- Installing: /home/sachin/ros2_rover/install/rover_bringup/share/rover_bringup/package.dsv
[0.606s] -- Installing: /home/sachin/ros2_rover/install/rover_bringup/share/ament_index/resource_index/packages/rover_bringup
[0.606s] -- Installing: /home/sachin/ros2_rover/install/rover_bringup/share/rover_bringup/cmake/rover_bringupConfig.cmake
[0.606s] -- Installing: /home/sachin/ros2_rover/install/rover_bringup/share/rover_bringup/cmake/rover_bringupConfig-version.cmake
[0.606s] -- Installing: /home/sachin/ros2_rover/install/rover_bringup/share/rover_bringup/package.xml
[0.607s] Invoked command in '/home/sachin/ros2_rover/build/rover_bringup' returned '0': AMENT_PREFIX_PATH=/home/sachin/ros2_rover/install/rover_motor_controller_cpp:/home/sachin/ros2_rover/install/rover_msgs:${AMENT_PREFIX_PATH} CMAKE_PREFIX_PATH=/home/sachin/ros2_rover/install/rover_motor_controller_cpp:/home/sachin/ros2_rover/install/rover_msgs:/opt/ros/jazzy/opt/gz_sim_vendor:/opt/ros/jazzy/opt/gz_sensors_vendor:/opt/ros/jazzy/opt/gz_physics_vendor:/opt/ros/jazzy/opt/sdformat_vendor:/opt/ros/jazzy/opt/gz_gui_vendor:/opt/ros/jazzy/opt/gz_transport_vendor:/opt/ros/jazzy/opt/gz_rendering_vendor:/opt/ros/jazzy/opt/gz_plugin_vendor:/opt/ros/jazzy/opt/gz_fuel_tools_vendor:/opt/ros/jazzy/opt/gz_msgs_vendor:/opt/ros/jazzy/opt/gz_common_vendor:/opt/ros/jazzy/opt/gz_math_vendor:/opt/ros/jazzy/opt/gz_utils_vendor:/opt/ros/jazzy/opt/gz_tools_vendor:/opt/ros/jazzy/opt/gz_ogre_next_vendor:/opt/ros/jazzy/opt/gz_dartsim_vendor:/opt/ros/jazzy/opt/gz_cmake_vendor:/opt/ros/jazzy DEBUGINFOD_URLS=https://debuginfod.ubuntu.com LD_LIBRARY_PATH=/home/sachin/ros2_rover/install/rover_msgs/lib:${LD_LIBRARY_PATH} PS1=(.ros2_venv) \[\e]0;\u@\h: \w\a\]${debian_chroot:+($debian_chroot)}\[\033[01;32m\]\u@\h\[\033[00m\]:\[\033[01;34m\]\w\[\033[00m\]\$ PYTHONPATH=/home/sachin/ros2_rover/install/rover_msgs/lib/python3.12/site-packages:${PYTHONPATH} VIRTUAL_ENV_PROMPT=(.ros2_venv) /usr/bin/cmake --install /home/sachin/ros2_rover/build/rover_bringup
