/home/sachin/ros2_rover/install/rover_motor_controller/lib/python3.12/site-packages/rover_motor_controller/__init__.py
/home/sachin/ros2_rover/install/rover_motor_controller/lib/python3.12/site-packages/rover_motor_controller/vel_parser_node_main.py
/home/sachin/ros2_rover/install/rover_motor_controller/lib/python3.12/site-packages/rover_motor_controller/controller_node_main.py
/home/sachin/ros2_rover/install/rover_motor_controller/lib/python3.12/site-packages/rover_motor_controller/lx16a/__init__.py
/home/sachin/ros2_rover/install/rover_motor_controller/lib/python3.12/site-packages/rover_motor_controller/lx16a/lx16a.py
/home/sachin/ros2_rover/install/rover_motor_controller/lib/python3.12/site-packages/rover_motor_controller/lx16a/lx16a_consts.py
/home/sachin/ros2_rover/install/rover_motor_controller/lib/python3.12/site-packages/rover_motor_controller/lx16a/motor_controller.py
/home/sachin/ros2_rover/install/rover_motor_controller/lib/python3.12/site-packages/rover_motor_controller/motor_controller/__init__.py
/home/sachin/ros2_rover/install/rover_motor_controller/lib/python3.12/site-packages/rover_motor_controller/motor_controller/vel_parser_node.py
/home/sachin/ros2_rover/install/rover_motor_controller/lib/python3.12/site-packages/rover_motor_controller/motor_controller/controller_node.py
/home/sachin/ros2_rover/install/rover_motor_controller/lib/python3.12/site-packages/rover_motor_controller/__pycache__/__init__.cpython-312.pyc
/home/sachin/ros2_rover/install/rover_motor_controller/lib/python3.12/site-packages/rover_motor_controller/__pycache__/vel_parser_node_main.cpython-312.pyc
/home/sachin/ros2_rover/install/rover_motor_controller/lib/python3.12/site-packages/rover_motor_controller/__pycache__/controller_node_main.cpython-312.pyc
/home/sachin/ros2_rover/install/rover_motor_controller/lib/python3.12/site-packages/rover_motor_controller/lx16a/__pycache__/__init__.cpython-312.pyc
/home/sachin/ros2_rover/install/rover_motor_controller/lib/python3.12/site-packages/rover_motor_controller/lx16a/__pycache__/lx16a.cpython-312.pyc
/home/sachin/ros2_rover/install/rover_motor_controller/lib/python3.12/site-packages/rover_motor_controller/lx16a/__pycache__/lx16a_consts.cpython-312.pyc
/home/sachin/ros2_rover/install/rover_motor_controller/lib/python3.12/site-packages/rover_motor_controller/lx16a/__pycache__/motor_controller.cpython-312.pyc
/home/sachin/ros2_rover/install/rover_motor_controller/lib/python3.12/site-packages/rover_motor_controller/motor_controller/__pycache__/__init__.cpython-312.pyc
/home/sachin/ros2_rover/install/rover_motor_controller/lib/python3.12/site-packages/rover_motor_controller/motor_controller/__pycache__/vel_parser_node.cpython-312.pyc
/home/sachin/ros2_rover/install/rover_motor_controller/lib/python3.12/site-packages/rover_motor_controller/motor_controller/__pycache__/controller_node.cpython-312.pyc
/home/sachin/ros2_rover/install/rover_motor_controller/share/ament_index/resource_index/packages/rover_motor_controller
/home/sachin/ros2_rover/install/rover_motor_controller/share/rover_motor_controller/package.xml
/home/sachin/ros2_rover/install/rover_motor_controller/share/rover_motor_controller/launch/motor_controller.launch.py
/home/sachin/ros2_rover/install/rover_motor_controller/lib/python3.12/site-packages/rover_motor_controller-2.0.0-py3.12.egg-info/PKG-INFO
/home/sachin/ros2_rover/install/rover_motor_controller/lib/python3.12/site-packages/rover_motor_controller-2.0.0-py3.12.egg-info/requires.txt
/home/sachin/ros2_rover/install/rover_motor_controller/lib/python3.12/site-packages/rover_motor_controller-2.0.0-py3.12.egg-info/zip-safe
/home/sachin/ros2_rover/install/rover_motor_controller/lib/python3.12/site-packages/rover_motor_controller-2.0.0-py3.12.egg-info/dependency_links.txt
/home/sachin/ros2_rover/install/rover_motor_controller/lib/python3.12/site-packages/rover_motor_controller-2.0.0-py3.12.egg-info/SOURCES.txt
/home/sachin/ros2_rover/install/rover_motor_controller/lib/python3.12/site-packages/rover_motor_controller-2.0.0-py3.12.egg-info/top_level.txt
/home/sachin/ros2_rover/install/rover_motor_controller/lib/python3.12/site-packages/rover_motor_controller-2.0.0-py3.12.egg-info/entry_points.txt
/home/sachin/ros2_rover/install/rover_motor_controller/lib/rover_motor_controller/controller_node
/home/sachin/ros2_rover/install/rover_motor_controller/lib/rover_motor_controller/vel_parser_node
