[0.015s] Invoking command in '/home/sachin/ros2_rover/build/rover_navigation': CMAKE_PREFIX_PATH=${CMAKE_PREFIX_PATH}:/opt/ros/jazzy DEBUGINFOD_URLS=https://debuginfod.ubuntu.com PS1=(.ros2_venv) \[\e]0;\u@\h: \w\a\]${debian_chroot:+($debian_chroot)}\[\033[01;32m\]\u@\h\[\033[00m\]:\[\033[01;34m\]\w\[\033[00m\]\$ VIRTUAL_ENV_PROMPT=(.ros2_venv) /usr/bin/cmake /home/sachin/ros2_rover/src/rover_navigation -DCMAKE_INSTALL_PREFIX=/home/sachin/ros2_rover/install/rover_navigation
[0.130s] -- The C compiler identification is GNU 13.3.0
[0.224s] -- The CXX compiler identification is GNU 13.3.0
[0.238s] -- Detecting C compiler ABI info
[0.305s] -- Detecting C compiler ABI info - done
[0.312s] -- Check for working C compiler: /usr/bin/cc - skipped
[0.312s] -- Detecting C compile features
[0.313s] -- Detecting C compile features - done
[0.319s] -- Detecting CXX compiler ABI info
[0.401s] -- Detecting CXX compiler ABI info - done
[0.410s] -- Check for working CXX compiler: /usr/bin/c++ - skipped
[0.410s] -- Detecting CXX compile features
[0.410s] -- Detecting CXX compile features - done
[0.413s] -- Found ament_cmake: 2.5.6 (/opt/ros/jazzy/share/ament_cmake/cmake)
[0.525s] -- Found Python3: /home/sachin/.ros2_venv/bin/python3 (found version "3.12.3") found components: Interpreter 
[0.740s] -- Configuring done (0.7s)
[0.742s] -- Generating done (0.0s)
[0.744s] -- Build files have been written to: /home/sachin/ros2_rover/build/rover_navigation
[0.749s] Invoked command in '/home/sachin/ros2_rover/build/rover_navigation' returned '0': CMAKE_PREFIX_PATH=${CMAKE_PREFIX_PATH}:/opt/ros/jazzy DEBUGINFOD_URLS=https://debuginfod.ubuntu.com PS1=(.ros2_venv) \[\e]0;\u@\h: \w\a\]${debian_chroot:+($debian_chroot)}\[\033[01;32m\]\u@\h\[\033[00m\]:\[\033[01;34m\]\w\[\033[00m\]\$ VIRTUAL_ENV_PROMPT=(.ros2_venv) /usr/bin/cmake /home/sachin/ros2_rover/src/rover_navigation -DCMAKE_INSTALL_PREFIX=/home/sachin/ros2_rover/install/rover_navigation
[0.750s] Invoking command in '/home/sachin/ros2_rover/build/rover_navigation': CMAKE_PREFIX_PATH=${CMAKE_PREFIX_PATH}:/opt/ros/jazzy DEBUGINFOD_URLS=https://debuginfod.ubuntu.com PS1=(.ros2_venv) \[\e]0;\u@\h: \w\a\]${debian_chroot:+($debian_chroot)}\[\033[01;32m\]\u@\h\[\033[00m\]:\[\033[01;34m\]\w\[\033[00m\]\$ VIRTUAL_ENV_PROMPT=(.ros2_venv) /usr/bin/cmake --build /home/sachin/ros2_rover/build/rover_navigation -- -j12 -l12
[0.787s] Invoked command in '/home/sachin/ros2_rover/build/rover_navigation' returned '0': CMAKE_PREFIX_PATH=${CMAKE_PREFIX_PATH}:/opt/ros/jazzy DEBUGINFOD_URLS=https://debuginfod.ubuntu.com PS1=(.ros2_venv) \[\e]0;\u@\h: \w\a\]${debian_chroot:+($debian_chroot)}\[\033[01;32m\]\u@\h\[\033[00m\]:\[\033[01;34m\]\w\[\033[00m\]\$ VIRTUAL_ENV_PROMPT=(.ros2_venv) /usr/bin/cmake --build /home/sachin/ros2_rover/build/rover_navigation -- -j12 -l12
[0.788s] Invoking command in '/home/sachin/ros2_rover/build/rover_navigation': CMAKE_PREFIX_PATH=${CMAKE_PREFIX_PATH}:/opt/ros/jazzy DEBUGINFOD_URLS=https://debuginfod.ubuntu.com PS1=(.ros2_venv) \[\e]0;\u@\h: \w\a\]${debian_chroot:+($debian_chroot)}\[\033[01;32m\]\u@\h\[\033[00m\]:\[\033[01;34m\]\w\[\033[00m\]\$ VIRTUAL_ENV_PROMPT=(.ros2_venv) /usr/bin/cmake --install /home/sachin/ros2_rover/build/rover_navigation
[0.799s] -- Install configuration: ""
[0.799s] -- Installing: /home/sachin/ros2_rover/install/rover_navigation/share/rover_navigation/launch
[0.799s] -- Installing: /home/sachin/ros2_rover/install/rover_navigation/share/rover_navigation/launch/navigation.launch.py
[0.799s] -- Installing: /home/sachin/ros2_rover/install/rover_navigation/share/rover_navigation/launch/bringup.launch.py
[0.799s] -- Installing: /home/sachin/ros2_rover/install/rover_navigation/share/rover_navigation/params
[0.800s] -- Installing: /home/sachin/ros2_rover/install/rover_navigation/share/rover_navigation/params/SmacHybrid.yaml
[0.800s] -- Installing: /home/sachin/ros2_rover/install/rover_navigation/share/rover_navigation/params/common.yaml
[0.800s] -- Installing: /home/sachin/ros2_rover/install/rover_navigation/share/rover_navigation/params/RPP.yaml
[0.800s] -- Installing: /home/sachin/ros2_rover/install/rover_navigation/share/rover_navigation/params/TEB.yaml
[0.801s] -- Installing: /home/sachin/ros2_rover/install/rover_navigation/share/rover_navigation/params/costmaps.yaml
[0.801s] -- Installing: /home/sachin/ros2_rover/install/rover_navigation/share/rover_navigation/params/SmacLattice.yaml
[0.801s] -- Installing: /home/sachin/ros2_rover/install/rover_navigation/share/rover_navigation/behavior_trees
[0.801s] -- Installing: /home/sachin/ros2_rover/install/rover_navigation/share/rover_navigation/behavior_trees/rover_bt.xml
[0.801s] -- Installing: /home/sachin/ros2_rover/install/rover_navigation/share/ament_index/resource_index/package_run_dependencies/rover_navigation
[0.801s] -- Installing: /home/sachin/ros2_rover/install/rover_navigation/share/ament_index/resource_index/parent_prefix_path/rover_navigation
[0.801s] -- Installing: /home/sachin/ros2_rover/install/rover_navigation/share/rover_navigation/environment/ament_prefix_path.sh
[0.801s] -- Installing: /home/sachin/ros2_rover/install/rover_navigation/share/rover_navigation/environment/ament_prefix_path.dsv
[0.802s] -- Installing: /home/sachin/ros2_rover/install/rover_navigation/share/rover_navigation/environment/path.sh
[0.802s] -- Installing: /home/sachin/ros2_rover/install/rover_navigation/share/rover_navigation/environment/path.dsv
[0.802s] -- Installing: /home/sachin/ros2_rover/install/rover_navigation/share/rover_navigation/local_setup.bash
[0.802s] -- Installing: /home/sachin/ros2_rover/install/rover_navigation/share/rover_navigation/local_setup.sh
[0.802s] -- Installing: /home/sachin/ros2_rover/install/rover_navigation/share/rover_navigation/local_setup.zsh
[0.802s] -- Installing: /home/sachin/ros2_rover/install/rover_navigation/share/rover_navigation/local_setup.dsv
[0.802s] -- Installing: /home/sachin/ros2_rover/install/rover_navigation/share/rover_navigation/package.dsv
[0.803s] -- Installing: /home/sachin/ros2_rover/install/rover_navigation/share/ament_index/resource_index/packages/rover_navigation
[0.803s] -- Installing: /home/sachin/ros2_rover/install/rover_navigation/share/rover_navigation/cmake/rover_navigationConfig.cmake
[0.803s] -- Installing: /home/sachin/ros2_rover/install/rover_navigation/share/rover_navigation/cmake/rover_navigationConfig-version.cmake
[0.803s] -- Installing: /home/sachin/ros2_rover/install/rover_navigation/share/rover_navigation/package.xml
[0.831s] Invoked command in '/home/sachin/ros2_rover/build/rover_navigation' returned '0': CMAKE_PREFIX_PATH=${CMAKE_PREFIX_PATH}:/opt/ros/jazzy DEBUGINFOD_URLS=https://debuginfod.ubuntu.com PS1=(.ros2_venv) \[\e]0;\u@\h: \w\a\]${debian_chroot:+($debian_chroot)}\[\033[01;32m\]\u@\h\[\033[00m\]:\[\033[01;34m\]\w\[\033[00m\]\$ VIRTUAL_ENV_PROMPT=(.ros2_venv) /usr/bin/cmake --install /home/sachin/ros2_rover/build/rover_navigation
