/usr/lib/python3/dist-packages/setuptools/dist.py:744: SetuptoolsDeprecationWarning: Invalid dash-separated options
!!

        ********************************************************************************
        Usage of dash-separated 'script-dir' will not be supported in future
        versions. Please use the underscore name 'script_dir' instead.

        This deprecation is overdue, please update your project and remove deprecated
        calls to avoid build errors in the future.

        See https://setuptools.pypa.io/en/latest/userguide/declarative_config.html for details.
        ********************************************************************************

!!
  opt = self.warn_dash_deprecation(opt, section)
running egg_info
writing ../../build/rover_teleop/rover_teleop.egg-info/PKG-INFO
writing dependency_links to ../../build/rover_teleop/rover_teleop.egg-info/dependency_links.txt
writing entry points to ../../build/rover_teleop/rover_teleop.egg-info/entry_points.txt
writing requirements to ../../build/rover_teleop/rover_teleop.egg-info/requires.txt
writing top-level names to ../../build/rover_teleop/rover_teleop.egg-info/top_level.txt
reading manifest file '../../build/rover_teleop/rover_teleop.egg-info/SOURCES.txt'
writing manifest file '../../build/rover_teleop/rover_teleop.egg-info/SOURCES.txt'
running build
running build_py
running install
running install_lib
running install_data
copying launch/joy_teleop.launch.py -> /home/sachin/ros2_rover/install/rover_teleop/share/rover_teleop/launch/
running install_egg_info
removing '/home/sachin/ros2_rover/install/rover_teleop/lib/python3.12/site-packages/rover_teleop-2.0.0-py3.12.egg-info' (and everything under it)
Copying ../../build/rover_teleop/rover_teleop.egg-info to /home/sachin/ros2_rover/install/rover_teleop/lib/python3.12/site-packages/rover_teleop-2.0.0-py3.12.egg-info
running install_scripts
Installing teleop_keyboard_node script to /home/sachin/ros2_rover/install/rover_teleop/lib/rover_teleop
writing list of installed files to '/home/sachin/ros2_rover/build/rover_teleop/install.log'
