-- The C compiler identification is GNU 13.3.0
-- The CXX compiler identification is GNU 13.3.0
-- Detecting C compiler ABI info
-- Detecting C compiler ABI info - done
-- Check for working C compiler: /usr/bin/cc - skipped
-- Detecting C compile features
-- Detecting C compile features - done
-- Detecting CXX compiler ABI info
-- Detecting CXX compiler ABI info - done
-- Check for working CXX compiler: /usr/bin/c++ - skipped
-- Detecting CXX compile features
-- Detecting CXX compile features - done
-- Found ament_cmake: 2.5.6 (/opt/ros/jazzy/share/ament_cmake/cmake)
-- Found Python3: /home/sachin/.ros2_venv/bin/python3 (found version "3.12.3") found components: Interpreter 
-- Found rosidl_default_generators: 1.6.0 (/opt/ros/jazzy/share/rosidl_default_generators/cmake)
-- Using all available rosidl_typesupport_c: rosidl_typesupport_fastrtps_c;rosidl_typesupport_introspection_c
-- Using all available rosidl_typesupport_cpp: rosidl_typesupport_fastrtps_cpp;rosidl_typesupport_introspection_cpp
-- Found rosidl_adapter: 4.6.7 (/opt/ros/jazzy/share/rosidl_adapter/cmake)
-- Found ament_cmake_ros: 0.12.0 (/opt/ros/jazzy/share/ament_cmake_ros/cmake)
-- Using all available rosidl_typesupport_c: rosidl_typesupport_fastrtps_c;rosidl_typesupport_introspection_c
-- Using all available rosidl_typesupport_cpp: rosidl_typesupport_fastrtps_cpp;rosidl_typesupport_introspection_cpp
-- Found python_cmake_module: 0.11.1 (/opt/ros/jazzy/share/python_cmake_module/cmake)
-- Found PythonExtra: /home/sachin/.ros2_venv/bin/python3  
-- Found Python3: /home/sachin/.ros2_venv/bin/python3 (found version "3.12.3") found components: Interpreter Development NumPy Development.Module Development.Embed 
-- Found Python3: /home/sachin/.ros2_venv/bin/python3 (found version "3.12.3") found components: Interpreter 
-- Configuring done (2.3s)
-- Generating done (0.0s)
-- Build files have been written to: /home/sachin/ros2_rover/build/rover_msgs
[  2%] [34m[1mGenerating Rust code for ROS interfaces[0m
[  5%] [34m[1mGenerating type hashes for ROS interfaces[0m
[  5%] Built target ament_cmake_python_copy_rover_msgs
[  5%] Built target rover_msgs__rosidl_generator_type_description
[  8%] [34m[1mGenerating C code for ROS interfaces[0m
[ 11%] [34m[1mGenerating C++ code for ROS interfaces[0m
[ 11%] Built target rover_msgs__rs
running egg_info
creating rover_msgs.egg-info
writing rover_msgs.egg-info/PKG-INFO
writing dependency_links to rover_msgs.egg-info/dependency_links.txt
writing top-level names to rover_msgs.egg-info/top_level.txt
writing manifest file 'rover_msgs.egg-info/SOURCES.txt'
reading manifest file 'rover_msgs.egg-info/SOURCES.txt'
writing manifest file 'rover_msgs.egg-info/SOURCES.txt'
[ 11%] Built target ament_cmake_python_build_rover_msgs_egg
[ 11%] Built target rover_msgs__cpp
[ 14%] [32mBuilding C object CMakeFiles/rover_msgs__rosidl_generator_c.dir/rosidl_generator_c/rover_msgs/msg/detail/motors_command__functions.c.o[0m
[ 20%] [32mBuilding C object CMakeFiles/rover_msgs__rosidl_generator_c.dir/rosidl_generator_c/rover_msgs/msg/detail/motors_command__description.c.o[0m
[ 20%] [32mBuilding C object CMakeFiles/rover_msgs__rosidl_generator_c.dir/rosidl_generator_c/rover_msgs/msg/detail/motors_command__type_support.c.o[0m
[ 22%] [32m[1mLinking C shared library librover_msgs__rosidl_generator_c.so[0m
[ 22%] Built target rover_msgs__rosidl_generator_c
[ 25%] [34m[1mGenerating C++ type support dispatch for ROS interfaces[0m
[ 31%] [34m[1mGenerating C++ introspection for ROS interfaces[0m
[ 31%] [34m[1mGenerating C introspection for ROS interfaces[0m
[ 34%] [34m[1mGenerating C++ type support for eProsima Fast-RTPS[0m
[ 37%] [34m[1mGenerating C type support dispatch for ROS interfaces[0m
[ 40%] [34m[1mGenerating C type support for eProsima Fast-RTPS[0m
[ 42%] [32mBuilding CXX object CMakeFiles/rover_msgs__rosidl_typesupport_c.dir/rosidl_typesupport_c/rover_msgs/msg/motors_command__type_support.cpp.o[0m
[ 45%] [32mBuilding CXX object CMakeFiles/rover_msgs__rosidl_typesupport_cpp.dir/rosidl_typesupport_cpp/rover_msgs/msg/motors_command__type_support.cpp.o[0m
[ 48%] [32mBuilding CXX object CMakeFiles/rover_msgs__rosidl_typesupport_introspection_cpp.dir/rosidl_typesupport_introspection_cpp/rover_msgs/msg/detail/motors_command__type_support.cpp.o[0m
[ 51%] [32mBuilding CXX object CMakeFiles/rover_msgs__rosidl_typesupport_fastrtps_c.dir/rosidl_typesupport_fastrtps_c/rover_msgs/msg/detail/motors_command__type_support_c.cpp.o[0m
[ 54%] [32mBuilding C object CMakeFiles/rover_msgs__rosidl_typesupport_introspection_c.dir/rosidl_typesupport_introspection_c/rover_msgs/msg/detail/motors_command__type_support.c.o[0m
[ 57%] [32m[1mLinking CXX shared library librover_msgs__rosidl_typesupport_c.so[0m
[ 60%] [32mBuilding CXX object CMakeFiles/rover_msgs__rosidl_typesupport_fastrtps_cpp.dir/rosidl_typesupport_fastrtps_cpp/rover_msgs/msg/detail/dds_fastrtps/motors_command__type_support.cpp.o[0m
[ 60%] Built target rover_msgs__rosidl_typesupport_c
[ 62%] [32m[1mLinking C shared library librover_msgs__rosidl_typesupport_introspection_c.so[0m
[ 62%] Built target rover_msgs__rosidl_typesupport_introspection_c
[ 65%] [32m[1mLinking CXX shared library librover_msgs__rosidl_typesupport_cpp.so[0m
[ 65%] Built target rover_msgs__rosidl_typesupport_cpp
[ 68%] [32m[1mLinking CXX shared library librover_msgs__rosidl_typesupport_introspection_cpp.so[0m
[ 68%] Built target rover_msgs__rosidl_typesupport_introspection_cpp
[ 71%] [32m[1mLinking CXX shared library librover_msgs__rosidl_typesupport_fastrtps_c.so[0m
[ 71%] Built target rover_msgs__rosidl_typesupport_fastrtps_c
[ 74%] [32m[1mLinking CXX shared library librover_msgs__rosidl_typesupport_fastrtps_cpp.so[0m
[ 74%] Built target rover_msgs__rosidl_typesupport_fastrtps_cpp
[ 74%] Built target rover_msgs
[ 77%] [34m[1mGenerating Python code for ROS interfaces[0m
[ 77%] Built target rover_msgs__py
[ 80%] [32mBuilding C object CMakeFiles/rover_msgs__rosidl_generator_py.dir/rosidl_generator_py/rover_msgs/msg/_motors_command_s.c.o[0m
[ 82%] [32m[1mLinking C shared library librover_msgs__rosidl_generator_py.so[0m
[ 82%] Built target rover_msgs__rosidl_generator_py
[ 85%] [32mBuilding C object CMakeFiles/rover_msgs_s__rosidl_typesupport_fastrtps_c.dir/rosidl_generator_py/rover_msgs/_rover_msgs_s.ep.rosidl_typesupport_fastrtps_c.c.o[0m
[ 88%] [32mBuilding C object CMakeFiles/rover_msgs_s__rosidl_typesupport_c.dir/rosidl_generator_py/rover_msgs/_rover_msgs_s.ep.rosidl_typesupport_c.c.o[0m
[ 91%] [32mBuilding C object CMakeFiles/rover_msgs_s__rosidl_typesupport_introspection_c.dir/rosidl_generator_py/rover_msgs/_rover_msgs_s.ep.rosidl_typesupport_introspection_c.c.o[0m
[ 94%] [32m[1mLinking C shared module rosidl_generator_py/rover_msgs/rover_msgs_s__rosidl_typesupport_c.so[0m
[ 97%] [32m[1mLinking C shared module rosidl_generator_py/rover_msgs/rover_msgs_s__rosidl_typesupport_fastrtps_c.so[0m
[100%] [32m[1mLinking C shared module rosidl_generator_py/rover_msgs/rover_msgs_s__rosidl_typesupport_introspection_c.so[0m
[100%] Built target rover_msgs_s__rosidl_typesupport_c
[100%] Built target rover_msgs_s__rosidl_typesupport_fastrtps_c
[100%] Built target rover_msgs_s__rosidl_typesupport_introspection_c
-- Install configuration: ""
-- Installing: /home/sachin/ros2_rover/install/rover_msgs/share/ament_index/resource_index/rosidl_interfaces/rover_msgs
-- Installing: /home/sachin/ros2_rover/install/rover_msgs/share/rover_msgs/msg/MotorsCommand.json
-- Installing: /home/sachin/ros2_rover/install/rover_msgs/include/rover_msgs/rover_msgs
-- Installing: /home/sachin/ros2_rover/install/rover_msgs/include/rover_msgs/rover_msgs/msg
-- Installing: /home/sachin/ros2_rover/install/rover_msgs/include/rover_msgs/rover_msgs/msg/detail
-- Installing: /home/sachin/ros2_rover/install/rover_msgs/include/rover_msgs/rover_msgs/msg/detail/motors_command__type_support.c
-- Installing: /home/sachin/ros2_rover/install/rover_msgs/include/rover_msgs/rover_msgs/msg/detail/motors_command__type_support.h
-- Installing: /home/sachin/ros2_rover/install/rover_msgs/include/rover_msgs/rover_msgs/msg/detail/motors_command__functions.c
-- Installing: /home/sachin/ros2_rover/install/rover_msgs/include/rover_msgs/rover_msgs/msg/detail/motors_command__struct.h
-- Installing: /home/sachin/ros2_rover/install/rover_msgs/include/rover_msgs/rover_msgs/msg/detail/motors_command__functions.h
-- Installing: /home/sachin/ros2_rover/install/rover_msgs/include/rover_msgs/rover_msgs/msg/detail/motors_command__description.c
-- Installing: /home/sachin/ros2_rover/install/rover_msgs/include/rover_msgs/rover_msgs/msg/motors_command.h
-- Installing: /home/sachin/ros2_rover/install/rover_msgs/include/rover_msgs/rover_msgs/msg/rosidl_generator_c__visibility_control.h
-- Installing: /home/sachin/ros2_rover/install/rover_msgs/share/rover_msgs/environment/library_path.sh
-- Installing: /home/sachin/ros2_rover/install/rover_msgs/share/rover_msgs/environment/library_path.dsv
-- Installing: /home/sachin/ros2_rover/install/rover_msgs/lib/librover_msgs__rosidl_generator_c.so
-- Set non-toolchain portion of runtime path of "/home/sachin/ros2_rover/install/rover_msgs/lib/librover_msgs__rosidl_generator_c.so" to ""
-- Up-to-date: /home/sachin/ros2_rover/install/rover_msgs/include/rover_msgs/rover_msgs
-- Up-to-date: /home/sachin/ros2_rover/install/rover_msgs/include/rover_msgs/rover_msgs/msg
-- Up-to-date: /home/sachin/ros2_rover/install/rover_msgs/include/rover_msgs/rover_msgs/msg/detail
-- Installing: /home/sachin/ros2_rover/install/rover_msgs/include/rover_msgs/rover_msgs/msg/detail/motors_command__rosidl_typesupport_fastrtps_c.h
-- Installing: /home/sachin/ros2_rover/install/rover_msgs/include/rover_msgs/rover_msgs/msg/rosidl_typesupport_fastrtps_c__visibility_control.h
-- Installing: /home/sachin/ros2_rover/install/rover_msgs/lib/librover_msgs__rosidl_typesupport_fastrtps_c.so
-- Set non-toolchain portion of runtime path of "/home/sachin/ros2_rover/install/rover_msgs/lib/librover_msgs__rosidl_typesupport_fastrtps_c.so" to ""
-- Up-to-date: /home/sachin/ros2_rover/install/rover_msgs/include/rover_msgs/rover_msgs
-- Up-to-date: /home/sachin/ros2_rover/install/rover_msgs/include/rover_msgs/rover_msgs/msg
-- Installing: /home/sachin/ros2_rover/install/rover_msgs/include/rover_msgs/rover_msgs/msg/rosidl_typesupport_introspection_c__visibility_control.h
-- Up-to-date: /home/sachin/ros2_rover/install/rover_msgs/include/rover_msgs/rover_msgs/msg/detail
-- Installing: /home/sachin/ros2_rover/install/rover_msgs/include/rover_msgs/rover_msgs/msg/detail/motors_command__rosidl_typesupport_introspection_c.h
-- Installing: /home/sachin/ros2_rover/install/rover_msgs/include/rover_msgs/rover_msgs/msg/detail/motors_command__type_support.c
-- Installing: /home/sachin/ros2_rover/install/rover_msgs/lib/librover_msgs__rosidl_typesupport_introspection_c.so
-- Set non-toolchain portion of runtime path of "/home/sachin/ros2_rover/install/rover_msgs/lib/librover_msgs__rosidl_typesupport_introspection_c.so" to ""
-- Installing: /home/sachin/ros2_rover/install/rover_msgs/lib/librover_msgs__rosidl_typesupport_c.so
-- Set non-toolchain portion of runtime path of "/home/sachin/ros2_rover/install/rover_msgs/lib/librover_msgs__rosidl_typesupport_c.so" to ""
-- Up-to-date: /home/sachin/ros2_rover/install/rover_msgs/include/rover_msgs/rover_msgs
-- Up-to-date: /home/sachin/ros2_rover/install/rover_msgs/include/rover_msgs/rover_msgs/msg
-- Up-to-date: /home/sachin/ros2_rover/install/rover_msgs/include/rover_msgs/rover_msgs/msg/detail
-- Installing: /home/sachin/ros2_rover/install/rover_msgs/include/rover_msgs/rover_msgs/msg/detail/motors_command__type_support.hpp
-- Installing: /home/sachin/ros2_rover/install/rover_msgs/include/rover_msgs/rover_msgs/msg/detail/motors_command__traits.hpp
-- Installing: /home/sachin/ros2_rover/install/rover_msgs/include/rover_msgs/rover_msgs/msg/detail/motors_command__struct.hpp
-- Installing: /home/sachin/ros2_rover/install/rover_msgs/include/rover_msgs/rover_msgs/msg/detail/motors_command__builder.hpp
-- Installing: /home/sachin/ros2_rover/install/rover_msgs/include/rover_msgs/rover_msgs/msg/motors_command.hpp
-- Installing: /home/sachin/ros2_rover/install/rover_msgs/include/rover_msgs/rover_msgs/msg/rosidl_generator_cpp__visibility_control.hpp
-- Up-to-date: /home/sachin/ros2_rover/install/rover_msgs/include/rover_msgs/rover_msgs
-- Up-to-date: /home/sachin/ros2_rover/install/rover_msgs/include/rover_msgs/rover_msgs/msg
-- Up-to-date: /home/sachin/ros2_rover/install/rover_msgs/include/rover_msgs/rover_msgs/msg/detail
-- Installing: /home/sachin/ros2_rover/install/rover_msgs/include/rover_msgs/rover_msgs/msg/detail/motors_command__rosidl_typesupport_fastrtps_cpp.hpp
-- Installing: /home/sachin/ros2_rover/install/rover_msgs/include/rover_msgs/rover_msgs/msg/detail/dds_fastrtps
-- Installing: /home/sachin/ros2_rover/install/rover_msgs/include/rover_msgs/rover_msgs/msg/rosidl_typesupport_fastrtps_cpp__visibility_control.h
-- Installing: /home/sachin/ros2_rover/install/rover_msgs/lib/librover_msgs__rosidl_typesupport_fastrtps_cpp.so
-- Set non-toolchain portion of runtime path of "/home/sachin/ros2_rover/install/rover_msgs/lib/librover_msgs__rosidl_typesupport_fastrtps_cpp.so" to ""
-- Up-to-date: /home/sachin/ros2_rover/install/rover_msgs/include/rover_msgs/rover_msgs
-- Up-to-date: /home/sachin/ros2_rover/install/rover_msgs/include/rover_msgs/rover_msgs/msg
-- Up-to-date: /home/sachin/ros2_rover/install/rover_msgs/include/rover_msgs/rover_msgs/msg/detail
-- Installing: /home/sachin/ros2_rover/install/rover_msgs/include/rover_msgs/rover_msgs/msg/detail/motors_command__rosidl_typesupport_introspection_cpp.hpp
-- Installing: /home/sachin/ros2_rover/install/rover_msgs/include/rover_msgs/rover_msgs/msg/detail/motors_command__type_support.cpp
-- Installing: /home/sachin/ros2_rover/install/rover_msgs/lib/librover_msgs__rosidl_typesupport_introspection_cpp.so
-- Set non-toolchain portion of runtime path of "/home/sachin/ros2_rover/install/rover_msgs/lib/librover_msgs__rosidl_typesupport_introspection_cpp.so" to ""
-- Installing: /home/sachin/ros2_rover/install/rover_msgs/lib/librover_msgs__rosidl_typesupport_cpp.so
-- Set non-toolchain portion of runtime path of "/home/sachin/ros2_rover/install/rover_msgs/lib/librover_msgs__rosidl_typesupport_cpp.so" to ""
-- Installing: /home/sachin/ros2_rover/install/rover_msgs/share/rover_msgs/environment/pythonpath.sh
-- Installing: /home/sachin/ros2_rover/install/rover_msgs/share/rover_msgs/environment/pythonpath.dsv
-- Installing: /home/sachin/ros2_rover/install/rover_msgs/lib/python3.12/site-packages/rover_msgs-2.0.0-py3.12.egg-info
-- Installing: /home/sachin/ros2_rover/install/rover_msgs/lib/python3.12/site-packages/rover_msgs-2.0.0-py3.12.egg-info/PKG-INFO
-- Installing: /home/sachin/ros2_rover/install/rover_msgs/lib/python3.12/site-packages/rover_msgs-2.0.0-py3.12.egg-info/dependency_links.txt
-- Installing: /home/sachin/ros2_rover/install/rover_msgs/lib/python3.12/site-packages/rover_msgs-2.0.0-py3.12.egg-info/SOURCES.txt
-- Installing: /home/sachin/ros2_rover/install/rover_msgs/lib/python3.12/site-packages/rover_msgs-2.0.0-py3.12.egg-info/top_level.txt
-- Installing: /home/sachin/ros2_rover/install/rover_msgs/lib/python3.12/site-packages/rover_msgs
-- Installing: /home/sachin/ros2_rover/install/rover_msgs/lib/python3.12/site-packages/rover_msgs/rover_msgs_s__rosidl_typesupport_c.so
-- Installing: /home/sachin/ros2_rover/install/rover_msgs/lib/python3.12/site-packages/rover_msgs/__init__.py
-- Installing: /home/sachin/ros2_rover/install/rover_msgs/lib/python3.12/site-packages/rover_msgs/_rover_msgs_s.ep.rosidl_typesupport_c.c
-- Installing: /home/sachin/ros2_rover/install/rover_msgs/lib/python3.12/site-packages/rover_msgs/rover_msgs_s__rosidl_typesupport_fastrtps_c.so
-- Installing: /home/sachin/ros2_rover/install/rover_msgs/lib/python3.12/site-packages/rover_msgs/msg
-- Installing: /home/sachin/ros2_rover/install/rover_msgs/lib/python3.12/site-packages/rover_msgs/msg/__init__.py
-- Installing: /home/sachin/ros2_rover/install/rover_msgs/lib/python3.12/site-packages/rover_msgs/msg/_motors_command.py
-- Installing: /home/sachin/ros2_rover/install/rover_msgs/lib/python3.12/site-packages/rover_msgs/msg/_motors_command_s.c
-- Installing: /home/sachin/ros2_rover/install/rover_msgs/lib/python3.12/site-packages/rover_msgs/_rover_msgs_s.ep.rosidl_typesupport_introspection_c.c
-- Installing: /home/sachin/ros2_rover/install/rover_msgs/lib/python3.12/site-packages/rover_msgs/rover_msgs_s__rosidl_typesupport_introspection_c.so
-- Installing: /home/sachin/ros2_rover/install/rover_msgs/lib/python3.12/site-packages/rover_msgs/_rover_msgs_s.ep.rosidl_typesupport_fastrtps_c.c
Listing '/home/sachin/ros2_rover/install/rover_msgs/lib/python3.12/site-packages/rover_msgs'...
Compiling '/home/sachin/ros2_rover/install/rover_msgs/lib/python3.12/site-packages/rover_msgs/__init__.py'...
Listing '/home/sachin/ros2_rover/install/rover_msgs/lib/python3.12/site-packages/rover_msgs/msg'...
Compiling '/home/sachin/ros2_rover/install/rover_msgs/lib/python3.12/site-packages/rover_msgs/msg/__init__.py'...
Compiling '/home/sachin/ros2_rover/install/rover_msgs/lib/python3.12/site-packages/rover_msgs/msg/_motors_command.py'...
-- Installing: /home/sachin/ros2_rover/install/rover_msgs/lib/python3.12/site-packages/rover_msgs/rover_msgs_s__rosidl_typesupport_fastrtps_c.so
-- Set non-toolchain portion of runtime path of "/home/sachin/ros2_rover/install/rover_msgs/lib/python3.12/site-packages/rover_msgs/rover_msgs_s__rosidl_typesupport_fastrtps_c.so" to ""
-- Installing: /home/sachin/ros2_rover/install/rover_msgs/lib/python3.12/site-packages/rover_msgs/rover_msgs_s__rosidl_typesupport_introspection_c.so
-- Set non-toolchain portion of runtime path of "/home/sachin/ros2_rover/install/rover_msgs/lib/python3.12/site-packages/rover_msgs/rover_msgs_s__rosidl_typesupport_introspection_c.so" to ""
-- Installing: /home/sachin/ros2_rover/install/rover_msgs/lib/python3.12/site-packages/rover_msgs/rover_msgs_s__rosidl_typesupport_c.so
-- Set non-toolchain portion of runtime path of "/home/sachin/ros2_rover/install/rover_msgs/lib/python3.12/site-packages/rover_msgs/rover_msgs_s__rosidl_typesupport_c.so" to ""
-- Installing: /home/sachin/ros2_rover/install/rover_msgs/lib/librover_msgs__rosidl_generator_py.so
-- Set non-toolchain portion of runtime path of "/home/sachin/ros2_rover/install/rover_msgs/lib/librover_msgs__rosidl_generator_py.so" to ""
-- Installing: /home/sachin/ros2_rover/install/rover_msgs/share/ament_index/resource_index/rust_packages/rover_msgs
-- Installing: /home/sachin/ros2_rover/install/rover_msgs/share/rover_msgs/rust
-- Installing: /home/sachin/ros2_rover/install/rover_msgs/share/rover_msgs/rust/Cargo.toml
-- Installing: /home/sachin/ros2_rover/install/rover_msgs/share/rover_msgs/rust/src
-- Installing: /home/sachin/ros2_rover/install/rover_msgs/share/rover_msgs/rust/src/lib.rs
-- Installing: /home/sachin/ros2_rover/install/rover_msgs/share/rover_msgs/rust/src/msg
-- Installing: /home/sachin/ros2_rover/install/rover_msgs/share/rover_msgs/rust/src/msg/rmw.rs
-- Installing: /home/sachin/ros2_rover/install/rover_msgs/share/rover_msgs/rust/src/msg.rs
-- Installing: /home/sachin/ros2_rover/install/rover_msgs/share/rover_msgs/rust/build.rs
-- Installing: /home/sachin/ros2_rover/install/rover_msgs/share/rover_msgs/msg/MotorsCommand.idl
-- Installing: /home/sachin/ros2_rover/install/rover_msgs/share/rover_msgs/msg/MotorsCommand.msg
-- Installing: /home/sachin/ros2_rover/install/rover_msgs/share/ament_index/resource_index/package_run_dependencies/rover_msgs
-- Installing: /home/sachin/ros2_rover/install/rover_msgs/share/ament_index/resource_index/parent_prefix_path/rover_msgs
-- Installing: /home/sachin/ros2_rover/install/rover_msgs/share/rover_msgs/environment/ament_prefix_path.sh
-- Installing: /home/sachin/ros2_rover/install/rover_msgs/share/rover_msgs/environment/ament_prefix_path.dsv
-- Installing: /home/sachin/ros2_rover/install/rover_msgs/share/rover_msgs/environment/path.sh
-- Installing: /home/sachin/ros2_rover/install/rover_msgs/share/rover_msgs/environment/path.dsv
-- Installing: /home/sachin/ros2_rover/install/rover_msgs/share/rover_msgs/local_setup.bash
-- Installing: /home/sachin/ros2_rover/install/rover_msgs/share/rover_msgs/local_setup.sh
-- Installing: /home/sachin/ros2_rover/install/rover_msgs/share/rover_msgs/local_setup.zsh
-- Installing: /home/sachin/ros2_rover/install/rover_msgs/share/rover_msgs/local_setup.dsv
-- Installing: /home/sachin/ros2_rover/install/rover_msgs/share/rover_msgs/package.dsv
-- Installing: /home/sachin/ros2_rover/install/rover_msgs/share/ament_index/resource_index/packages/rover_msgs
-- Installing: /home/sachin/ros2_rover/install/rover_msgs/share/rover_msgs/cmake/export_rover_msgs__rosidl_generator_cExport.cmake
-- Installing: /home/sachin/ros2_rover/install/rover_msgs/share/rover_msgs/cmake/export_rover_msgs__rosidl_generator_cExport-noconfig.cmake
-- Installing: /home/sachin/ros2_rover/install/rover_msgs/share/rover_msgs/cmake/export_rover_msgs__rosidl_typesupport_fastrtps_cExport.cmake
-- Installing: /home/sachin/ros2_rover/install/rover_msgs/share/rover_msgs/cmake/export_rover_msgs__rosidl_typesupport_fastrtps_cExport-noconfig.cmake
-- Installing: /home/sachin/ros2_rover/install/rover_msgs/share/rover_msgs/cmake/rover_msgs__rosidl_typesupport_introspection_cExport.cmake
-- Installing: /home/sachin/ros2_rover/install/rover_msgs/share/rover_msgs/cmake/rover_msgs__rosidl_typesupport_introspection_cExport-noconfig.cmake
-- Installing: /home/sachin/ros2_rover/install/rover_msgs/share/rover_msgs/cmake/rover_msgs__rosidl_typesupport_cExport.cmake
-- Installing: /home/sachin/ros2_rover/install/rover_msgs/share/rover_msgs/cmake/rover_msgs__rosidl_typesupport_cExport-noconfig.cmake
-- Installing: /home/sachin/ros2_rover/install/rover_msgs/share/rover_msgs/cmake/export_rover_msgs__rosidl_generator_cppExport.cmake
-- Installing: /home/sachin/ros2_rover/install/rover_msgs/share/rover_msgs/cmake/export_rover_msgs__rosidl_typesupport_fastrtps_cppExport.cmake
-- Installing: /home/sachin/ros2_rover/install/rover_msgs/share/rover_msgs/cmake/export_rover_msgs__rosidl_typesupport_fastrtps_cppExport-noconfig.cmake
-- Installing: /home/sachin/ros2_rover/install/rover_msgs/share/rover_msgs/cmake/rover_msgs__rosidl_typesupport_introspection_cppExport.cmake
-- Installing: /home/sachin/ros2_rover/install/rover_msgs/share/rover_msgs/cmake/rover_msgs__rosidl_typesupport_introspection_cppExport-noconfig.cmake
-- Installing: /home/sachin/ros2_rover/install/rover_msgs/share/rover_msgs/cmake/rover_msgs__rosidl_typesupport_cppExport.cmake
-- Installing: /home/sachin/ros2_rover/install/rover_msgs/share/rover_msgs/cmake/rover_msgs__rosidl_typesupport_cppExport-noconfig.cmake
-- Installing: /home/sachin/ros2_rover/install/rover_msgs/share/rover_msgs/cmake/export_rover_msgs__rosidl_generator_pyExport.cmake
-- Installing: /home/sachin/ros2_rover/install/rover_msgs/share/rover_msgs/cmake/export_rover_msgs__rosidl_generator_pyExport-noconfig.cmake
-- Installing: /home/sachin/ros2_rover/install/rover_msgs/share/rover_msgs/cmake/rosidl_cmake-extras.cmake
-- Installing: /home/sachin/ros2_rover/install/rover_msgs/share/rover_msgs/cmake/ament_cmake_export_include_directories-extras.cmake
-- Installing: /home/sachin/ros2_rover/install/rover_msgs/share/rover_msgs/cmake/ament_cmake_export_libraries-extras.cmake
-- Installing: /home/sachin/ros2_rover/install/rover_msgs/share/rover_msgs/cmake/ament_cmake_export_targets-extras.cmake
-- Installing: /home/sachin/ros2_rover/install/rover_msgs/share/rover_msgs/cmake/rosidl_cmake_export_typesupport_targets-extras.cmake
-- Installing: /home/sachin/ros2_rover/install/rover_msgs/share/rover_msgs/cmake/ament_cmake_export_dependencies-extras.cmake
-- Installing: /home/sachin/ros2_rover/install/rover_msgs/share/rover_msgs/cmake/rosidl_cmake_export_typesupport_libraries-extras.cmake
-- Installing: /home/sachin/ros2_rover/install/rover_msgs/share/rover_msgs/cmake/rover_msgsConfig.cmake
-- Installing: /home/sachin/ros2_rover/install/rover_msgs/share/rover_msgs/cmake/rover_msgsConfig-version.cmake
-- Installing: /home/sachin/ros2_rover/install/rover_msgs/share/rover_msgs/package.xml
