[0.019s] Invoking command in '/home/sachin/ros2_rover/build/rover_msgs': CMAKE_PREFIX_PATH=${CMAKE_PREFIX_PATH}:/opt/ros/jazzy DEBUGINFOD_URLS=https://debuginfod.ubuntu.com PS1=(.ros2_venv) \[\e]0;\u@\h: \w\a\]${debian_chroot:+($debian_chroot)}\[\033[01;32m\]\u@\h\[\033[00m\]:\[\033[01;34m\]\w\[\033[00m\]\$ VIRTUAL_ENV_PROMPT=(.ros2_venv) /usr/bin/cmake /home/sachin/ros2_rover/src/rover_msgs -DCMAKE_INSTALL_PREFIX=/home/sachin/ros2_rover/install/rover_msgs
[0.140s] -- The C compiler identification is GNU 13.3.0
[0.228s] -- The CXX compiler identification is GNU 13.3.0
[0.243s] -- Detecting C compiler ABI info
[0.328s] -- Detecting C compiler ABI info - done
[0.339s] -- Check for working C compiler: /usr/bin/cc - skipped
[0.339s] -- Detecting C compile features
[0.339s] -- Detecting C compile features - done
[0.348s] -- Detecting CXX compiler ABI info
[0.431s] -- Detecting CXX compiler ABI info - done
[0.438s] -- Check for working CXX compiler: /usr/bin/c++ - skipped
[0.438s] -- Detecting CXX compile features
[0.438s] -- Detecting CXX compile features - done
[0.441s] -- Found ament_cmake: 2.5.6 (/opt/ros/jazzy/share/ament_cmake/cmake)
[0.545s] -- Found Python3: /home/sachin/.ros2_venv/bin/python3 (found version "3.12.3") found components: Interpreter 
[0.666s] -- Found rosidl_default_generators: 1.6.0 (/opt/ros/jazzy/share/rosidl_default_generators/cmake)
[0.679s] -- Using all available rosidl_typesupport_c: rosidl_typesupport_fastrtps_c;rosidl_typesupport_introspection_c
[0.758s] -- Using all available rosidl_typesupport_cpp: rosidl_typesupport_fastrtps_cpp;rosidl_typesupport_introspection_cpp
[0.822s] -- Found rosidl_adapter: 4.6.7 (/opt/ros/jazzy/share/rosidl_adapter/cmake)
[1.201s] -- Found ament_cmake_ros: 0.12.0 (/opt/ros/jazzy/share/ament_cmake_ros/cmake)
[1.454s] -- Using all available rosidl_typesupport_c: rosidl_typesupport_fastrtps_c;rosidl_typesupport_introspection_c
[1.784s] -- Using all available rosidl_typesupport_cpp: rosidl_typesupport_fastrtps_cpp;rosidl_typesupport_introspection_cpp
[1.788s] -- Found python_cmake_module: 0.11.1 (/opt/ros/jazzy/share/python_cmake_module/cmake)
[1.869s] -- Found PythonExtra: /home/sachin/.ros2_venv/bin/python3  
[2.266s] -- Found Python3: /home/sachin/.ros2_venv/bin/python3 (found version "3.12.3") found components: Interpreter Development NumPy Development.Module Development.Embed 
[2.313s] -- Found Python3: /home/sachin/.ros2_venv/bin/python3 (found version "3.12.3") found components: Interpreter 
[2.318s] -- Configuring done (2.3s)
[2.335s] -- Generating done (0.0s)
[2.341s] -- Build files have been written to: /home/sachin/ros2_rover/build/rover_msgs
[2.346s] Invoked command in '/home/sachin/ros2_rover/build/rover_msgs' returned '0': CMAKE_PREFIX_PATH=${CMAKE_PREFIX_PATH}:/opt/ros/jazzy DEBUGINFOD_URLS=https://debuginfod.ubuntu.com PS1=(.ros2_venv) \[\e]0;\u@\h: \w\a\]${debian_chroot:+($debian_chroot)}\[\033[01;32m\]\u@\h\[\033[00m\]:\[\033[01;34m\]\w\[\033[00m\]\$ VIRTUAL_ENV_PROMPT=(.ros2_venv) /usr/bin/cmake /home/sachin/ros2_rover/src/rover_msgs -DCMAKE_INSTALL_PREFIX=/home/sachin/ros2_rover/install/rover_msgs
[2.347s] Invoking command in '/home/sachin/ros2_rover/build/rover_msgs': CMAKE_PREFIX_PATH=${CMAKE_PREFIX_PATH}:/opt/ros/jazzy DEBUGINFOD_URLS=https://debuginfod.ubuntu.com PS1=(.ros2_venv) \[\e]0;\u@\h: \w\a\]${debian_chroot:+($debian_chroot)}\[\033[01;32m\]\u@\h\[\033[00m\]:\[\033[01;34m\]\w\[\033[00m\]\$ VIRTUAL_ENV_PROMPT=(.ros2_venv) /usr/bin/cmake --build /home/sachin/ros2_rover/build/rover_msgs -- -j12 -l12
[2.387s] [  2%] [34m[1mGenerating Rust code for ROS interfaces[0m
[2.391s] [  5%] [34m[1mGenerating type hashes for ROS interfaces[0m
[2.396s] [  5%] Built target ament_cmake_python_copy_rover_msgs
[2.522s] [  5%] Built target rover_msgs__rosidl_generator_type_description
[2.531s] [  8%] [34m[1mGenerating C code for ROS interfaces[0m
[2.539s] [ 11%] [34m[1mGenerating C++ code for ROS interfaces[0m
[2.539s] [ 11%] Built target rover_msgs__rs
[2.551s] running egg_info
[2.560s] creating rover_msgs.egg-info
[2.560s] writing rover_msgs.egg-info/PKG-INFO
[2.560s] writing dependency_links to rover_msgs.egg-info/dependency_links.txt
[2.560s] writing top-level names to rover_msgs.egg-info/top_level.txt
[2.560s] writing manifest file 'rover_msgs.egg-info/SOURCES.txt'
[2.588s] reading manifest file 'rover_msgs.egg-info/SOURCES.txt'
[2.589s] writing manifest file 'rover_msgs.egg-info/SOURCES.txt'
[2.613s] [ 11%] Built target ament_cmake_python_build_rover_msgs_egg
[2.682s] [ 11%] Built target rover_msgs__cpp
[2.696s] [ 14%] [32mBuilding C object CMakeFiles/rover_msgs__rosidl_generator_c.dir/rosidl_generator_c/rover_msgs/msg/detail/motors_command__functions.c.o[0m
[2.698s] [ 20%] [32mBuilding C object CMakeFiles/rover_msgs__rosidl_generator_c.dir/rosidl_generator_c/rover_msgs/msg/detail/motors_command__description.c.o[0m
[2.698s] [ 20%] [32mBuilding C object CMakeFiles/rover_msgs__rosidl_generator_c.dir/rosidl_generator_c/rover_msgs/msg/detail/motors_command__type_support.c.o[0m
[2.742s] [ 22%] [32m[1mLinking C shared library librover_msgs__rosidl_generator_c.so[0m
[2.771s] [ 22%] Built target rover_msgs__rosidl_generator_c
[2.782s] [ 25%] [34m[1mGenerating C++ type support dispatch for ROS interfaces[0m
[2.782s] [ 31%] [34m[1mGenerating C++ introspection for ROS interfaces[0m
[2.782s] [ 31%] [34m[1mGenerating C introspection for ROS interfaces[0m
[2.784s] [ 34%] [34m[1mGenerating C++ type support for eProsima Fast-RTPS[0m
[2.787s] [ 37%] [34m[1mGenerating C type support dispatch for ROS interfaces[0m
[2.788s] [ 40%] [34m[1mGenerating C type support for eProsima Fast-RTPS[0m
[2.941s] [ 42%] [32mBuilding CXX object CMakeFiles/rover_msgs__rosidl_typesupport_c.dir/rosidl_typesupport_c/rover_msgs/msg/motors_command__type_support.cpp.o[0m
[2.942s] [ 45%] [32mBuilding CXX object CMakeFiles/rover_msgs__rosidl_typesupport_cpp.dir/rosidl_typesupport_cpp/rover_msgs/msg/motors_command__type_support.cpp.o[0m
[2.962s] [ 48%] [32mBuilding CXX object CMakeFiles/rover_msgs__rosidl_typesupport_introspection_cpp.dir/rosidl_typesupport_introspection_cpp/rover_msgs/msg/detail/motors_command__type_support.cpp.o[0m
[2.965s] [ 51%] [32mBuilding CXX object CMakeFiles/rover_msgs__rosidl_typesupport_fastrtps_c.dir/rosidl_typesupport_fastrtps_c/rover_msgs/msg/detail/motors_command__type_support_c.cpp.o[0m
[2.987s] [ 54%] [32mBuilding C object CMakeFiles/rover_msgs__rosidl_typesupport_introspection_c.dir/rosidl_typesupport_introspection_c/rover_msgs/msg/detail/motors_command__type_support.c.o[0m
[2.988s] [ 57%] [32m[1mLinking CXX shared library librover_msgs__rosidl_typesupport_c.so[0m
[3.020s] [ 60%] [32mBuilding CXX object CMakeFiles/rover_msgs__rosidl_typesupport_fastrtps_cpp.dir/rosidl_typesupport_fastrtps_cpp/rover_msgs/msg/detail/dds_fastrtps/motors_command__type_support.cpp.o[0m
[3.029s] [ 60%] Built target rover_msgs__rosidl_typesupport_c
[3.033s] [ 62%] [32m[1mLinking C shared library librover_msgs__rosidl_typesupport_introspection_c.so[0m
[3.064s] [ 62%] Built target rover_msgs__rosidl_typesupport_introspection_c
[3.154s] [ 65%] [32m[1mLinking CXX shared library librover_msgs__rosidl_typesupport_cpp.so[0m
[3.188s] [ 65%] Built target rover_msgs__rosidl_typesupport_cpp
[3.196s] [ 68%] [32m[1mLinking CXX shared library librover_msgs__rosidl_typesupport_introspection_cpp.so[0m
[3.253s] [ 68%] Built target rover_msgs__rosidl_typesupport_introspection_cpp
[3.258s] [ 71%] [32m[1mLinking CXX shared library librover_msgs__rosidl_typesupport_fastrtps_c.so[0m
[3.292s] [ 71%] Built target rover_msgs__rosidl_typesupport_fastrtps_c
[3.320s] [ 74%] [32m[1mLinking CXX shared library librover_msgs__rosidl_typesupport_fastrtps_cpp.so[0m
[3.370s] [ 74%] Built target rover_msgs__rosidl_typesupport_fastrtps_cpp
[3.390s] [ 74%] Built target rover_msgs
[3.413s] [ 77%] [34m[1mGenerating Python code for ROS interfaces[0m
[3.576s] [ 77%] Built target rover_msgs__py
[3.595s] [ 80%] [32mBuilding C object CMakeFiles/rover_msgs__rosidl_generator_py.dir/rosidl_generator_py/rover_msgs/msg/_motors_command_s.c.o[0m
[3.691s] [ 82%] [32m[1mLinking C shared library librover_msgs__rosidl_generator_py.so[0m
[3.720s] [ 82%] Built target rover_msgs__rosidl_generator_py
[3.736s] [ 85%] [32mBuilding C object CMakeFiles/rover_msgs_s__rosidl_typesupport_fastrtps_c.dir/rosidl_generator_py/rover_msgs/_rover_msgs_s.ep.rosidl_typesupport_fastrtps_c.c.o[0m
[3.737s] [ 88%] [32mBuilding C object CMakeFiles/rover_msgs_s__rosidl_typesupport_c.dir/rosidl_generator_py/rover_msgs/_rover_msgs_s.ep.rosidl_typesupport_c.c.o[0m
[3.739s] [ 91%] [32mBuilding C object CMakeFiles/rover_msgs_s__rosidl_typesupport_introspection_c.dir/rosidl_generator_py/rover_msgs/_rover_msgs_s.ep.rosidl_typesupport_introspection_c.c.o[0m
[3.799s] [ 94%] [32m[1mLinking C shared module rosidl_generator_py/rover_msgs/rover_msgs_s__rosidl_typesupport_c.so[0m
[3.799s] [ 97%] [32m[1mLinking C shared module rosidl_generator_py/rover_msgs/rover_msgs_s__rosidl_typesupport_fastrtps_c.so[0m
[3.804s] [100%] [32m[1mLinking C shared module rosidl_generator_py/rover_msgs/rover_msgs_s__rosidl_typesupport_introspection_c.so[0m
[3.820s] [100%] Built target rover_msgs_s__rosidl_typesupport_c
[3.822s] [100%] Built target rover_msgs_s__rosidl_typesupport_fastrtps_c
[3.828s] [100%] Built target rover_msgs_s__rosidl_typesupport_introspection_c
[3.838s] Invoked command in '/home/sachin/ros2_rover/build/rover_msgs' returned '0': CMAKE_PREFIX_PATH=${CMAKE_PREFIX_PATH}:/opt/ros/jazzy DEBUGINFOD_URLS=https://debuginfod.ubuntu.com PS1=(.ros2_venv) \[\e]0;\u@\h: \w\a\]${debian_chroot:+($debian_chroot)}\[\033[01;32m\]\u@\h\[\033[00m\]:\[\033[01;34m\]\w\[\033[00m\]\$ VIRTUAL_ENV_PROMPT=(.ros2_venv) /usr/bin/cmake --build /home/sachin/ros2_rover/build/rover_msgs -- -j12 -l12
[3.838s] Invoking command in '/home/sachin/ros2_rover/build/rover_msgs': CMAKE_PREFIX_PATH=${CMAKE_PREFIX_PATH}:/opt/ros/jazzy DEBUGINFOD_URLS=https://debuginfod.ubuntu.com PS1=(.ros2_venv) \[\e]0;\u@\h: \w\a\]${debian_chroot:+($debian_chroot)}\[\033[01;32m\]\u@\h\[\033[00m\]:\[\033[01;34m\]\w\[\033[00m\]\$ VIRTUAL_ENV_PROMPT=(.ros2_venv) /usr/bin/cmake --install /home/sachin/ros2_rover/build/rover_msgs
[3.845s] -- Install configuration: ""
[3.845s] -- Installing: /home/sachin/ros2_rover/install/rover_msgs/share/ament_index/resource_index/rosidl_interfaces/rover_msgs
[3.845s] -- Installing: /home/sachin/ros2_rover/install/rover_msgs/share/rover_msgs/msg/MotorsCommand.json
[3.845s] -- Installing: /home/sachin/ros2_rover/install/rover_msgs/include/rover_msgs/rover_msgs
[3.845s] -- Installing: /home/sachin/ros2_rover/install/rover_msgs/include/rover_msgs/rover_msgs/msg
[3.845s] -- Installing: /home/sachin/ros2_rover/install/rover_msgs/include/rover_msgs/rover_msgs/msg/detail
[3.845s] -- Installing: /home/sachin/ros2_rover/install/rover_msgs/include/rover_msgs/rover_msgs/msg/detail/motors_command__type_support.c
[3.845s] -- Installing: /home/sachin/ros2_rover/install/rover_msgs/include/rover_msgs/rover_msgs/msg/detail/motors_command__type_support.h
[3.845s] -- Installing: /home/sachin/ros2_rover/install/rover_msgs/include/rover_msgs/rover_msgs/msg/detail/motors_command__functions.c
[3.845s] -- Installing: /home/sachin/ros2_rover/install/rover_msgs/include/rover_msgs/rover_msgs/msg/detail/motors_command__struct.h
[3.845s] -- Installing: /home/sachin/ros2_rover/install/rover_msgs/include/rover_msgs/rover_msgs/msg/detail/motors_command__functions.h
[3.845s] -- Installing: /home/sachin/ros2_rover/install/rover_msgs/include/rover_msgs/rover_msgs/msg/detail/motors_command__description.c
[3.845s] -- Installing: /home/sachin/ros2_rover/install/rover_msgs/include/rover_msgs/rover_msgs/msg/motors_command.h
[3.845s] -- Installing: /home/sachin/ros2_rover/install/rover_msgs/include/rover_msgs/rover_msgs/msg/rosidl_generator_c__visibility_control.h
[3.845s] -- Installing: /home/sachin/ros2_rover/install/rover_msgs/share/rover_msgs/environment/library_path.sh
[3.845s] -- Installing: /home/sachin/ros2_rover/install/rover_msgs/share/rover_msgs/environment/library_path.dsv
[3.845s] -- Installing: /home/sachin/ros2_rover/install/rover_msgs/lib/librover_msgs__rosidl_generator_c.so
[3.845s] -- Set non-toolchain portion of runtime path of "/home/sachin/ros2_rover/install/rover_msgs/lib/librover_msgs__rosidl_generator_c.so" to ""
[3.845s] -- Up-to-date: /home/sachin/ros2_rover/install/rover_msgs/include/rover_msgs/rover_msgs
[3.845s] -- Up-to-date: /home/sachin/ros2_rover/install/rover_msgs/include/rover_msgs/rover_msgs/msg
[3.845s] -- Up-to-date: /home/sachin/ros2_rover/install/rover_msgs/include/rover_msgs/rover_msgs/msg/detail
[3.845s] -- Installing: /home/sachin/ros2_rover/install/rover_msgs/include/rover_msgs/rover_msgs/msg/detail/motors_command__rosidl_typesupport_fastrtps_c.h
[3.845s] -- Installing: /home/sachin/ros2_rover/install/rover_msgs/include/rover_msgs/rover_msgs/msg/rosidl_typesupport_fastrtps_c__visibility_control.h
[3.845s] -- Installing: /home/sachin/ros2_rover/install/rover_msgs/lib/librover_msgs__rosidl_typesupport_fastrtps_c.so
[3.846s] -- Set non-toolchain portion of runtime path of "/home/sachin/ros2_rover/install/rover_msgs/lib/librover_msgs__rosidl_typesupport_fastrtps_c.so" to ""
[3.846s] -- Up-to-date: /home/sachin/ros2_rover/install/rover_msgs/include/rover_msgs/rover_msgs
[3.846s] -- Up-to-date: /home/sachin/ros2_rover/install/rover_msgs/include/rover_msgs/rover_msgs/msg
[3.846s] -- Installing: /home/sachin/ros2_rover/install/rover_msgs/include/rover_msgs/rover_msgs/msg/rosidl_typesupport_introspection_c__visibility_control.h
[3.846s] -- Up-to-date: /home/sachin/ros2_rover/install/rover_msgs/include/rover_msgs/rover_msgs/msg/detail
[3.846s] -- Installing: /home/sachin/ros2_rover/install/rover_msgs/include/rover_msgs/rover_msgs/msg/detail/motors_command__rosidl_typesupport_introspection_c.h
[3.846s] -- Installing: /home/sachin/ros2_rover/install/rover_msgs/include/rover_msgs/rover_msgs/msg/detail/motors_command__type_support.c
[3.846s] -- Installing: /home/sachin/ros2_rover/install/rover_msgs/lib/librover_msgs__rosidl_typesupport_introspection_c.so
[3.846s] -- Set non-toolchain portion of runtime path of "/home/sachin/ros2_rover/install/rover_msgs/lib/librover_msgs__rosidl_typesupport_introspection_c.so" to ""
[3.846s] -- Installing: /home/sachin/ros2_rover/install/rover_msgs/lib/librover_msgs__rosidl_typesupport_c.so
[3.846s] -- Set non-toolchain portion of runtime path of "/home/sachin/ros2_rover/install/rover_msgs/lib/librover_msgs__rosidl_typesupport_c.so" to ""
[3.846s] -- Up-to-date: /home/sachin/ros2_rover/install/rover_msgs/include/rover_msgs/rover_msgs
[3.846s] -- Up-to-date: /home/sachin/ros2_rover/install/rover_msgs/include/rover_msgs/rover_msgs/msg
[3.846s] -- Up-to-date: /home/sachin/ros2_rover/install/rover_msgs/include/rover_msgs/rover_msgs/msg/detail
[3.846s] -- Installing: /home/sachin/ros2_rover/install/rover_msgs/include/rover_msgs/rover_msgs/msg/detail/motors_command__type_support.hpp
[3.846s] -- Installing: /home/sachin/ros2_rover/install/rover_msgs/include/rover_msgs/rover_msgs/msg/detail/motors_command__traits.hpp
[3.846s] -- Installing: /home/sachin/ros2_rover/install/rover_msgs/include/rover_msgs/rover_msgs/msg/detail/motors_command__struct.hpp
[3.846s] -- Installing: /home/sachin/ros2_rover/install/rover_msgs/include/rover_msgs/rover_msgs/msg/detail/motors_command__builder.hpp
[3.846s] -- Installing: /home/sachin/ros2_rover/install/rover_msgs/include/rover_msgs/rover_msgs/msg/motors_command.hpp
[3.846s] -- Installing: /home/sachin/ros2_rover/install/rover_msgs/include/rover_msgs/rover_msgs/msg/rosidl_generator_cpp__visibility_control.hpp
[3.846s] -- Up-to-date: /home/sachin/ros2_rover/install/rover_msgs/include/rover_msgs/rover_msgs
[3.846s] -- Up-to-date: /home/sachin/ros2_rover/install/rover_msgs/include/rover_msgs/rover_msgs/msg
[3.846s] -- Up-to-date: /home/sachin/ros2_rover/install/rover_msgs/include/rover_msgs/rover_msgs/msg/detail
[3.847s] -- Installing: /home/sachin/ros2_rover/install/rover_msgs/include/rover_msgs/rover_msgs/msg/detail/motors_command__rosidl_typesupport_fastrtps_cpp.hpp
[3.847s] -- Installing: /home/sachin/ros2_rover/install/rover_msgs/include/rover_msgs/rover_msgs/msg/detail/dds_fastrtps
[3.847s] -- Installing: /home/sachin/ros2_rover/install/rover_msgs/include/rover_msgs/rover_msgs/msg/rosidl_typesupport_fastrtps_cpp__visibility_control.h
[3.847s] -- Installing: /home/sachin/ros2_rover/install/rover_msgs/lib/librover_msgs__rosidl_typesupport_fastrtps_cpp.so
[3.847s] -- Set non-toolchain portion of runtime path of "/home/sachin/ros2_rover/install/rover_msgs/lib/librover_msgs__rosidl_typesupport_fastrtps_cpp.so" to ""
[3.847s] -- Up-to-date: /home/sachin/ros2_rover/install/rover_msgs/include/rover_msgs/rover_msgs
[3.847s] -- Up-to-date: /home/sachin/ros2_rover/install/rover_msgs/include/rover_msgs/rover_msgs/msg
[3.847s] -- Up-to-date: /home/sachin/ros2_rover/install/rover_msgs/include/rover_msgs/rover_msgs/msg/detail
[3.847s] -- Installing: /home/sachin/ros2_rover/install/rover_msgs/include/rover_msgs/rover_msgs/msg/detail/motors_command__rosidl_typesupport_introspection_cpp.hpp
[3.847s] -- Installing: /home/sachin/ros2_rover/install/rover_msgs/include/rover_msgs/rover_msgs/msg/detail/motors_command__type_support.cpp
[3.847s] -- Installing: /home/sachin/ros2_rover/install/rover_msgs/lib/librover_msgs__rosidl_typesupport_introspection_cpp.so
[3.847s] -- Set non-toolchain portion of runtime path of "/home/sachin/ros2_rover/install/rover_msgs/lib/librover_msgs__rosidl_typesupport_introspection_cpp.so" to ""
[3.847s] -- Installing: /home/sachin/ros2_rover/install/rover_msgs/lib/librover_msgs__rosidl_typesupport_cpp.so
[3.847s] -- Set non-toolchain portion of runtime path of "/home/sachin/ros2_rover/install/rover_msgs/lib/librover_msgs__rosidl_typesupport_cpp.so" to ""
[3.847s] -- Installing: /home/sachin/ros2_rover/install/rover_msgs/share/rover_msgs/environment/pythonpath.sh
[3.847s] -- Installing: /home/sachin/ros2_rover/install/rover_msgs/share/rover_msgs/environment/pythonpath.dsv
[3.847s] -- Installing: /home/sachin/ros2_rover/install/rover_msgs/lib/python3.12/site-packages/rover_msgs-2.0.0-py3.12.egg-info
[3.847s] -- Installing: /home/sachin/ros2_rover/install/rover_msgs/lib/python3.12/site-packages/rover_msgs-2.0.0-py3.12.egg-info/PKG-INFO
[3.847s] -- Installing: /home/sachin/ros2_rover/install/rover_msgs/lib/python3.12/site-packages/rover_msgs-2.0.0-py3.12.egg-info/dependency_links.txt
[3.847s] -- Installing: /home/sachin/ros2_rover/install/rover_msgs/lib/python3.12/site-packages/rover_msgs-2.0.0-py3.12.egg-info/SOURCES.txt
[3.847s] -- Installing: /home/sachin/ros2_rover/install/rover_msgs/lib/python3.12/site-packages/rover_msgs-2.0.0-py3.12.egg-info/top_level.txt
[3.847s] -- Installing: /home/sachin/ros2_rover/install/rover_msgs/lib/python3.12/site-packages/rover_msgs
[3.847s] -- Installing: /home/sachin/ros2_rover/install/rover_msgs/lib/python3.12/site-packages/rover_msgs/rover_msgs_s__rosidl_typesupport_c.so
[3.847s] -- Installing: /home/sachin/ros2_rover/install/rover_msgs/lib/python3.12/site-packages/rover_msgs/__init__.py
[3.848s] -- Installing: /home/sachin/ros2_rover/install/rover_msgs/lib/python3.12/site-packages/rover_msgs/_rover_msgs_s.ep.rosidl_typesupport_c.c
[3.848s] -- Installing: /home/sachin/ros2_rover/install/rover_msgs/lib/python3.12/site-packages/rover_msgs/rover_msgs_s__rosidl_typesupport_fastrtps_c.so
[3.848s] -- Installing: /home/sachin/ros2_rover/install/rover_msgs/lib/python3.12/site-packages/rover_msgs/msg
[3.848s] -- Installing: /home/sachin/ros2_rover/install/rover_msgs/lib/python3.12/site-packages/rover_msgs/msg/__init__.py
[3.848s] -- Installing: /home/sachin/ros2_rover/install/rover_msgs/lib/python3.12/site-packages/rover_msgs/msg/_motors_command.py
[3.848s] -- Installing: /home/sachin/ros2_rover/install/rover_msgs/lib/python3.12/site-packages/rover_msgs/msg/_motors_command_s.c
[3.848s] -- Installing: /home/sachin/ros2_rover/install/rover_msgs/lib/python3.12/site-packages/rover_msgs/_rover_msgs_s.ep.rosidl_typesupport_introspection_c.c
[3.848s] -- Installing: /home/sachin/ros2_rover/install/rover_msgs/lib/python3.12/site-packages/rover_msgs/rover_msgs_s__rosidl_typesupport_introspection_c.so
[3.848s] -- Installing: /home/sachin/ros2_rover/install/rover_msgs/lib/python3.12/site-packages/rover_msgs/_rover_msgs_s.ep.rosidl_typesupport_fastrtps_c.c
[3.873s] Listing '/home/sachin/ros2_rover/install/rover_msgs/lib/python3.12/site-packages/rover_msgs'...
[3.873s] Compiling '/home/sachin/ros2_rover/install/rover_msgs/lib/python3.12/site-packages/rover_msgs/__init__.py'...
[3.873s] Listing '/home/sachin/ros2_rover/install/rover_msgs/lib/python3.12/site-packages/rover_msgs/msg'...
[3.873s] Compiling '/home/sachin/ros2_rover/install/rover_msgs/lib/python3.12/site-packages/rover_msgs/msg/__init__.py'...
[3.873s] Compiling '/home/sachin/ros2_rover/install/rover_msgs/lib/python3.12/site-packages/rover_msgs/msg/_motors_command.py'...
[3.877s] -- Installing: /home/sachin/ros2_rover/install/rover_msgs/lib/python3.12/site-packages/rover_msgs/rover_msgs_s__rosidl_typesupport_fastrtps_c.so
[3.877s] -- Set non-toolchain portion of runtime path of "/home/sachin/ros2_rover/install/rover_msgs/lib/python3.12/site-packages/rover_msgs/rover_msgs_s__rosidl_typesupport_fastrtps_c.so" to ""
[3.877s] -- Installing: /home/sachin/ros2_rover/install/rover_msgs/lib/python3.12/site-packages/rover_msgs/rover_msgs_s__rosidl_typesupport_introspection_c.so
[3.877s] -- Set non-toolchain portion of runtime path of "/home/sachin/ros2_rover/install/rover_msgs/lib/python3.12/site-packages/rover_msgs/rover_msgs_s__rosidl_typesupport_introspection_c.so" to ""
[3.877s] -- Installing: /home/sachin/ros2_rover/install/rover_msgs/lib/python3.12/site-packages/rover_msgs/rover_msgs_s__rosidl_typesupport_c.so
[3.877s] -- Set non-toolchain portion of runtime path of "/home/sachin/ros2_rover/install/rover_msgs/lib/python3.12/site-packages/rover_msgs/rover_msgs_s__rosidl_typesupport_c.so" to ""
[3.877s] -- Installing: /home/sachin/ros2_rover/install/rover_msgs/lib/librover_msgs__rosidl_generator_py.so
[3.877s] -- Set non-toolchain portion of runtime path of "/home/sachin/ros2_rover/install/rover_msgs/lib/librover_msgs__rosidl_generator_py.so" to ""
[3.877s] -- Installing: /home/sachin/ros2_rover/install/rover_msgs/share/ament_index/resource_index/rust_packages/rover_msgs
[3.878s] -- Installing: /home/sachin/ros2_rover/install/rover_msgs/share/rover_msgs/rust
[3.878s] -- Installing: /home/sachin/ros2_rover/install/rover_msgs/share/rover_msgs/rust/Cargo.toml
[3.878s] -- Installing: /home/sachin/ros2_rover/install/rover_msgs/share/rover_msgs/rust/src
[3.878s] -- Installing: /home/sachin/ros2_rover/install/rover_msgs/share/rover_msgs/rust/src/lib.rs
[3.878s] -- Installing: /home/sachin/ros2_rover/install/rover_msgs/share/rover_msgs/rust/src/msg
[3.878s] -- Installing: /home/sachin/ros2_rover/install/rover_msgs/share/rover_msgs/rust/src/msg/rmw.rs
[3.878s] -- Installing: /home/sachin/ros2_rover/install/rover_msgs/share/rover_msgs/rust/src/msg.rs
[3.878s] -- Installing: /home/sachin/ros2_rover/install/rover_msgs/share/rover_msgs/rust/build.rs
[3.878s] -- Installing: /home/sachin/ros2_rover/install/rover_msgs/share/rover_msgs/msg/MotorsCommand.idl
[3.878s] -- Installing: /home/sachin/ros2_rover/install/rover_msgs/share/rover_msgs/msg/MotorsCommand.msg
[3.878s] -- Installing: /home/sachin/ros2_rover/install/rover_msgs/share/ament_index/resource_index/package_run_dependencies/rover_msgs
[3.878s] -- Installing: /home/sachin/ros2_rover/install/rover_msgs/share/ament_index/resource_index/parent_prefix_path/rover_msgs
[3.878s] -- Installing: /home/sachin/ros2_rover/install/rover_msgs/share/rover_msgs/environment/ament_prefix_path.sh
[3.878s] -- Installing: /home/sachin/ros2_rover/install/rover_msgs/share/rover_msgs/environment/ament_prefix_path.dsv
[3.878s] -- Installing: /home/sachin/ros2_rover/install/rover_msgs/share/rover_msgs/environment/path.sh
[3.878s] -- Installing: /home/sachin/ros2_rover/install/rover_msgs/share/rover_msgs/environment/path.dsv
[3.878s] -- Installing: /home/sachin/ros2_rover/install/rover_msgs/share/rover_msgs/local_setup.bash
[3.878s] -- Installing: /home/sachin/ros2_rover/install/rover_msgs/share/rover_msgs/local_setup.sh
[3.878s] -- Installing: /home/sachin/ros2_rover/install/rover_msgs/share/rover_msgs/local_setup.zsh
[3.878s] -- Installing: /home/sachin/ros2_rover/install/rover_msgs/share/rover_msgs/local_setup.dsv
[3.878s] -- Installing: /home/sachin/ros2_rover/install/rover_msgs/share/rover_msgs/package.dsv
[3.879s] -- Installing: /home/sachin/ros2_rover/install/rover_msgs/share/ament_index/resource_index/packages/rover_msgs
[3.879s] -- Installing: /home/sachin/ros2_rover/install/rover_msgs/share/rover_msgs/cmake/export_rover_msgs__rosidl_generator_cExport.cmake
[3.879s] -- Installing: /home/sachin/ros2_rover/install/rover_msgs/share/rover_msgs/cmake/export_rover_msgs__rosidl_generator_cExport-noconfig.cmake
[3.879s] -- Installing: /home/sachin/ros2_rover/install/rover_msgs/share/rover_msgs/cmake/export_rover_msgs__rosidl_typesupport_fastrtps_cExport.cmake
[3.879s] -- Installing: /home/sachin/ros2_rover/install/rover_msgs/share/rover_msgs/cmake/export_rover_msgs__rosidl_typesupport_fastrtps_cExport-noconfig.cmake
[3.879s] -- Installing: /home/sachin/ros2_rover/install/rover_msgs/share/rover_msgs/cmake/rover_msgs__rosidl_typesupport_introspection_cExport.cmake
[3.879s] -- Installing: /home/sachin/ros2_rover/install/rover_msgs/share/rover_msgs/cmake/rover_msgs__rosidl_typesupport_introspection_cExport-noconfig.cmake
[3.879s] -- Installing: /home/sachin/ros2_rover/install/rover_msgs/share/rover_msgs/cmake/rover_msgs__rosidl_typesupport_cExport.cmake
[3.879s] -- Installing: /home/sachin/ros2_rover/install/rover_msgs/share/rover_msgs/cmake/rover_msgs__rosidl_typesupport_cExport-noconfig.cmake
[3.879s] -- Installing: /home/sachin/ros2_rover/install/rover_msgs/share/rover_msgs/cmake/export_rover_msgs__rosidl_generator_cppExport.cmake
[3.879s] -- Installing: /home/sachin/ros2_rover/install/rover_msgs/share/rover_msgs/cmake/export_rover_msgs__rosidl_typesupport_fastrtps_cppExport.cmake
[3.879s] -- Installing: /home/sachin/ros2_rover/install/rover_msgs/share/rover_msgs/cmake/export_rover_msgs__rosidl_typesupport_fastrtps_cppExport-noconfig.cmake
[3.879s] -- Installing: /home/sachin/ros2_rover/install/rover_msgs/share/rover_msgs/cmake/rover_msgs__rosidl_typesupport_introspection_cppExport.cmake
[3.879s] -- Installing: /home/sachin/ros2_rover/install/rover_msgs/share/rover_msgs/cmake/rover_msgs__rosidl_typesupport_introspection_cppExport-noconfig.cmake
[3.879s] -- Installing: /home/sachin/ros2_rover/install/rover_msgs/share/rover_msgs/cmake/rover_msgs__rosidl_typesupport_cppExport.cmake
[3.879s] -- Installing: /home/sachin/ros2_rover/install/rover_msgs/share/rover_msgs/cmake/rover_msgs__rosidl_typesupport_cppExport-noconfig.cmake
[3.879s] -- Installing: /home/sachin/ros2_rover/install/rover_msgs/share/rover_msgs/cmake/export_rover_msgs__rosidl_generator_pyExport.cmake
[3.879s] -- Installing: /home/sachin/ros2_rover/install/rover_msgs/share/rover_msgs/cmake/export_rover_msgs__rosidl_generator_pyExport-noconfig.cmake
[3.879s] -- Installing: /home/sachin/ros2_rover/install/rover_msgs/share/rover_msgs/cmake/rosidl_cmake-extras.cmake
[3.879s] -- Installing: /home/sachin/ros2_rover/install/rover_msgs/share/rover_msgs/cmake/ament_cmake_export_include_directories-extras.cmake
[3.879s] -- Installing: /home/sachin/ros2_rover/install/rover_msgs/share/rover_msgs/cmake/ament_cmake_export_libraries-extras.cmake
[3.879s] -- Installing: /home/sachin/ros2_rover/install/rover_msgs/share/rover_msgs/cmake/ament_cmake_export_targets-extras.cmake
[3.879s] -- Installing: /home/sachin/ros2_rover/install/rover_msgs/share/rover_msgs/cmake/rosidl_cmake_export_typesupport_targets-extras.cmake
[3.879s] -- Installing: /home/sachin/ros2_rover/install/rover_msgs/share/rover_msgs/cmake/ament_cmake_export_dependencies-extras.cmake
[3.879s] -- Installing: /home/sachin/ros2_rover/install/rover_msgs/share/rover_msgs/cmake/rosidl_cmake_export_typesupport_libraries-extras.cmake
[3.880s] -- Installing: /home/sachin/ros2_rover/install/rover_msgs/share/rover_msgs/cmake/rover_msgsConfig.cmake
[3.880s] -- Installing: /home/sachin/ros2_rover/install/rover_msgs/share/rover_msgs/cmake/rover_msgsConfig-version.cmake
[3.880s] -- Installing: /home/sachin/ros2_rover/install/rover_msgs/share/rover_msgs/package.xml
[3.881s] Invoked command in '/home/sachin/ros2_rover/build/rover_msgs' returned '0': CMAKE_PREFIX_PATH=${CMAKE_PREFIX_PATH}:/opt/ros/jazzy DEBUGINFOD_URLS=https://debuginfod.ubuntu.com PS1=(.ros2_venv) \[\e]0;\u@\h: \w\a\]${debian_chroot:+($debian_chroot)}\[\033[01;32m\]\u@\h\[\033[00m\]:\[\033[01;34m\]\w\[\033[00m\]\$ VIRTUAL_ENV_PROMPT=(.ros2_venv) /usr/bin/cmake --install /home/sachin/ros2_rover/build/rover_msgs
