[0.820s] Invoking command in '/home/sachin/ros2_rover/src/rover_teleop': DEBUGINFOD_URLS=https://debuginfod.ubuntu.com PS1=(.ros2_venv) \[\e]0;\u@\h: \w\a\]${debian_chroot:+($debian_chroot)}\[\033[01;32m\]\u@\h\[\033[00m\]:\[\033[01;34m\]\w\[\033[00m\]\$ PYTHONPATH=/home/sachin/ros2_rover/build/rover_teleop/prefix_override:/usr/lib/python3/dist-packages/colcon_core/task/python/colcon_distutils_commands:/home/sachin/ros2_rover/install/rover_teleop/lib/python3.12/site-packages:${PYTHONPATH} VIRTUAL_ENV_PROMPT=(.ros2_venv) /usr/bin/python3 -W ignore:setup.py install is deprecated -W ignore:easy_install command is deprecated setup.py egg_info --egg-base ../../build/rover_teleop build --build-base /home/sachin/ros2_rover/build/rover_teleop/build install --record /home/sachin/ros2_rover/build/rover_teleop/install.log --install-scripts $base/lib/rover_teleop --single-version-externally-managed install_data
[0.904s] /usr/lib/python3/dist-packages/setuptools/dist.py:744: SetuptoolsDeprecationWarning: Invalid dash-separated options
[0.905s] !!
[0.905s] 
[0.905s]         ********************************************************************************
[0.905s]         Usage of dash-separated 'script-dir' will not be supported in future
[0.905s]         versions. Please use the underscore name 'script_dir' instead.
[0.905s] 
[0.905s]         This deprecation is overdue, please update your project and remove deprecated
[0.905s]         calls to avoid build errors in the future.
[0.905s] 
[0.905s]         See https://setuptools.pypa.io/en/latest/userguide/declarative_config.html for details.
[0.905s]         ********************************************************************************
[0.905s] 
[0.905s] !!
[0.906s]   opt = self.warn_dash_deprecation(opt, section)
[0.998s] running egg_info
[1.011s] writing ../../build/rover_teleop/rover_teleop.egg-info/PKG-INFO
[1.011s] writing dependency_links to ../../build/rover_teleop/rover_teleop.egg-info/dependency_links.txt
[1.011s] writing entry points to ../../build/rover_teleop/rover_teleop.egg-info/entry_points.txt
[1.011s] writing requirements to ../../build/rover_teleop/rover_teleop.egg-info/requires.txt
[1.011s] writing top-level names to ../../build/rover_teleop/rover_teleop.egg-info/top_level.txt
[1.039s] reading manifest file '../../build/rover_teleop/rover_teleop.egg-info/SOURCES.txt'
[1.041s] writing manifest file '../../build/rover_teleop/rover_teleop.egg-info/SOURCES.txt'
[1.041s] running build
[1.041s] running build_py
[1.041s] running install
[1.045s] running install_lib
[1.059s] running install_data
[1.059s] running install_egg_info
[1.072s] removing '/home/sachin/ros2_rover/install/rover_teleop/lib/python3.12/site-packages/rover_teleop-2.0.0-py3.12.egg-info' (and everything under it)
[1.072s] Copying ../../build/rover_teleop/rover_teleop.egg-info to /home/sachin/ros2_rover/install/rover_teleop/lib/python3.12/site-packages/rover_teleop-2.0.0-py3.12.egg-info
[1.074s] running install_scripts
[1.160s] Installing teleop_keyboard_node script to /home/sachin/ros2_rover/install/rover_teleop/lib/rover_teleop
[1.160s] writing list of installed files to '/home/sachin/ros2_rover/build/rover_teleop/install.log'
[1.181s] Invoked command in '/home/sachin/ros2_rover/src/rover_teleop' returned '0': DEBUGINFOD_URLS=https://debuginfod.ubuntu.com PS1=(.ros2_venv) \[\e]0;\u@\h: \w\a\]${debian_chroot:+($debian_chroot)}\[\033[01;32m\]\u@\h\[\033[00m\]:\[\033[01;34m\]\w\[\033[00m\]\$ PYTHONPATH=/home/sachin/ros2_rover/build/rover_teleop/prefix_override:/usr/lib/python3/dist-packages/colcon_core/task/python/colcon_distutils_commands:/home/sachin/ros2_rover/install/rover_teleop/lib/python3.12/site-packages:${PYTHONPATH} VIRTUAL_ENV_PROMPT=(.ros2_venv) /usr/bin/python3 -W ignore:setup.py install is deprecated -W ignore:easy_install command is deprecated setup.py egg_info --egg-base ../../build/rover_teleop build --build-base /home/sachin/ros2_rover/build/rover_teleop/build install --record /home/sachin/ros2_rover/build/rover_teleop/install.log --install-scripts $base/lib/rover_teleop --single-version-externally-managed install_data
