[0.018s] Invoking command in '/home/sachin/ros2_rover/build/rover_description': CMAKE_PREFIX_PATH=${CMAKE_PREFIX_PATH}:/home/sachin/ros2_rover/install/rover_teleop:/home/sachin/ros2_rover/install/rover_motor_controller:/opt/ros/jazzy DEBUGINFOD_URLS=https://debuginfod.ubuntu.com PS1=(.ros2_venv) \[\e]0;\u@\h: \w\a\]${debian_chroot:+($debian_chroot)}\[\033[01;32m\]\u@\h\[\033[00m\]:\[\033[01;34m\]\w\[\033[00m\]\$ VIRTUAL_ENV_PROMPT=(.ros2_venv) /usr/bin/cmake --build /home/sachin/ros2_rover/build/rover_description -- -j12 -l12
[0.206s] Invoked command in '/home/sachin/ros2_rover/build/rover_description' returned '0': CMAKE_PREFIX_PATH=${CMAKE_PREFIX_PATH}:/home/sachin/ros2_rover/install/rover_teleop:/home/sachin/ros2_rover/install/rover_motor_controller:/opt/ros/jazzy DEBUGINFOD_URLS=https://debuginfod.ubuntu.com PS1=(.ros2_venv) \[\e]0;\u@\h: \w\a\]${debian_chroot:+($debian_chroot)}\[\033[01;32m\]\u@\h\[\033[00m\]:\[\033[01;34m\]\w\[\033[00m\]\$ VIRTUAL_ENV_PROMPT=(.ros2_venv) /usr/bin/cmake --build /home/sachin/ros2_rover/build/rover_description -- -j12 -l12
[0.206s] Invoking command in '/home/sachin/ros2_rover/build/rover_description': CMAKE_PREFIX_PATH=${CMAKE_PREFIX_PATH}:/home/sachin/ros2_rover/install/rover_teleop:/home/sachin/ros2_rover/install/rover_motor_controller:/opt/ros/jazzy DEBUGINFOD_URLS=https://debuginfod.ubuntu.com PS1=(.ros2_venv) \[\e]0;\u@\h: \w\a\]${debian_chroot:+($debian_chroot)}\[\033[01;32m\]\u@\h\[\033[00m\]:\[\033[01;34m\]\w\[\033[00m\]\$ VIRTUAL_ENV_PROMPT=(.ros2_venv) /usr/bin/cmake --install /home/sachin/ros2_rover/build/rover_description
[0.213s] -- Install configuration: ""
[0.213s] -- Up-to-date: /home/sachin/ros2_rover/install/rover_description/share/rover_description/config
[0.213s] -- Up-to-date: /home/sachin/ros2_rover/install/rover_description/share/rover_description/config/control.yaml
[0.214s] -- Up-to-date: /home/sachin/ros2_rover/install/rover_description/share/rover_description/launch
[0.214s] -- Up-to-date: /home/sachin/ros2_rover/install/rover_description/share/rover_description/launch/robot_state_publisher.launch.py
[0.214s] -- Up-to-date: /home/sachin/ros2_rover/install/rover_description/share/rover_description/meshes
[0.215s] -- Up-to-date: /home/sachin/ros2_rover/install/rover_description/share/rover_description/meshes/sensors
[0.215s] -- Up-to-date: /home/sachin/ros2_rover/install/rover_description/share/rover_description/meshes/sensors/asus_xtion
[0.215s] -- Up-to-date: /home/sachin/ros2_rover/install/rover_description/share/rover_description/meshes/sensors/asus_xtion/asus_xtion_pro_live.png
[0.215s] -- Up-to-date: /home/sachin/ros2_rover/install/rover_description/share/rover_description/meshes/sensors/asus_xtion/asus_xtion_pro_live.dae
[0.216s] -- Up-to-date: /home/sachin/ros2_rover/install/rover_description/share/rover_description/meshes/sensors/hokuyo
[0.216s] -- Up-to-date: /home/sachin/ros2_rover/install/rover_description/share/rover_description/meshes/sensors/hokuyo/hokuyo3d.jpg
[0.216s] -- Up-to-date: /home/sachin/ros2_rover/install/rover_description/share/rover_description/meshes/sensors/hokuyo/hokuyo_ust_20lx.dae
[0.216s] -- Up-to-date: /home/sachin/ros2_rover/install/rover_description/share/rover_description/meshes/sensors/hokuyo/hokuyo_ust_10lx.dae
[0.216s] -- Up-to-date: /home/sachin/ros2_rover/install/rover_description/share/rover_description/meshes/sensors/hokuyo/hokuyo_urg_04lx.stl
[0.216s] -- Up-to-date: /home/sachin/ros2_rover/install/rover_description/share/rover_description/meshes/sensors/hokuyo/hokuyo3d.stl
[0.217s] -- Up-to-date: /home/sachin/ros2_rover/install/rover_description/share/rover_description/meshes/sensors/hokuyo/hokuyo_urg_04lx.dae
[0.217s] -- Up-to-date: /home/sachin/ros2_rover/install/rover_description/share/rover_description/meshes/sensors/hokuyo/hokuyo3d.dae
[0.217s] -- Up-to-date: /home/sachin/ros2_rover/install/rover_description/share/rover_description/meshes/sensors/hokuyo/hokuyo.png
[0.217s] -- Up-to-date: /home/sachin/ros2_rover/install/rover_description/share/rover_description/meshes/sensors/hokuyo/hokuyo_utm_30lx.dae
[0.217s] -- Up-to-date: /home/sachin/ros2_rover/install/rover_description/share/rover_description/meshes/sensors/hokuyo/hokuyo_utm_30lx.stl
[0.218s] -- Up-to-date: /home/sachin/ros2_rover/install/rover_description/share/rover_description/meshes/bases
[0.218s] -- Up-to-date: /home/sachin/ros2_rover/install/rover_description/share/rover_description/meshes/bases/back_right_steering_asm.stl
[0.218s] -- Up-to-date: /home/sachin/ros2_rover/install/rover_description/share/rover_description/meshes/bases/left_bogie_asm.stl
[0.219s] -- Up-to-date: /home/sachin/ros2_rover/install/rover_description/share/rover_description/meshes/bases/right_rocker_asm.stl
[0.219s] -- Up-to-date: /home/sachin/ros2_rover/install/rover_description/share/rover_description/meshes/bases/left_rocker_asm.stl
[0.219s] -- Up-to-date: /home/sachin/ros2_rover/install/rover_description/share/rover_description/meshes/bases/body_box.stl
[0.219s] -- Up-to-date: /home/sachin/ros2_rover/install/rover_description/share/rover_description/meshes/bases/front_right_steering_asm.stl
[0.219s] -- Up-to-date: /home/sachin/ros2_rover/install/rover_description/share/rover_description/meshes/bases/right_bogie_asm.stl
[0.219s] -- Up-to-date: /home/sachin/ros2_rover/install/rover_description/share/rover_description/meshes/bases/turnbuckle.stl
[0.219s] -- Up-to-date: /home/sachin/ros2_rover/install/rover_description/share/rover_description/meshes/bases/front_left_steering_asm.stl
[0.220s] -- Up-to-date: /home/sachin/ros2_rover/install/rover_description/share/rover_description/meshes/bases/back_left_steering_asm.stl
[0.220s] -- Up-to-date: /home/sachin/ros2_rover/install/rover_description/share/rover_description/meshes/bases/differential.stl
[0.220s] -- Up-to-date: /home/sachin/ros2_rover/install/rover_description/share/rover_description/meshes/wheels
[0.222s] -- Up-to-date: /home/sachin/ros2_rover/install/rover_description/share/rover_description/meshes/wheels/wheel.stl
[0.223s] -- Up-to-date: /home/sachin/ros2_rover/install/rover_description/share/rover_description/meshes/wheels/wheel_asm.stl
[0.224s] -- Up-to-date: /home/sachin/ros2_rover/install/rover_description/share/rover_description/urdf
[0.224s] -- Up-to-date: /home/sachin/ros2_rover/install/rover_description/share/rover_description/urdf/sensors
[0.225s] -- Up-to-date: /home/sachin/ros2_rover/install/rover_description/share/rover_description/urdf/sensors/asus_xtion.urdf.xacro
[0.225s] -- Up-to-date: /home/sachin/ros2_rover/install/rover_description/share/rover_description/urdf/sensors/imu.urdf.xacro
[0.225s] -- Up-to-date: /home/sachin/ros2_rover/install/rover_description/share/rover_description/urdf/sensors/hokuyo.urdf.xacro
[0.225s] -- Up-to-date: /home/sachin/ros2_rover/install/rover_description/share/rover_description/urdf/sensors/all_sensors.urdf.xacro
[0.226s] -- Up-to-date: /home/sachin/ros2_rover/install/rover_description/share/rover_description/urdf/inertials.xacro
[0.226s] -- Up-to-date: /home/sachin/ros2_rover/install/rover_description/share/rover_description/urdf/bases
[0.226s] -- Up-to-date: /home/sachin/ros2_rover/install/rover_description/share/rover_description/urdf/bases/bogie.urdf.xacro
[0.227s] -- Up-to-date: /home/sachin/ros2_rover/install/rover_description/share/rover_description/urdf/bases/differential.urdf.xacro
[0.227s] -- Up-to-date: /home/sachin/ros2_rover/install/rover_description/share/rover_description/urdf/bases/rocker.urdf.xacro
[0.227s] -- Up-to-date: /home/sachin/ros2_rover/install/rover_description/share/rover_description/urdf/bases/turnbuckle.urdf.xacro
[0.228s] -- Up-to-date: /home/sachin/ros2_rover/install/rover_description/share/rover_description/urdf/bases/body.urdf.xacro
[0.229s] -- Up-to-date: /home/sachin/ros2_rover/install/rover_description/share/rover_description/urdf/wheels
[0.230s] -- Up-to-date: /home/sachin/ros2_rover/install/rover_description/share/rover_description/urdf/wheels/corner.urdf.xacro
[0.230s] -- Up-to-date: /home/sachin/ros2_rover/install/rover_description/share/rover_description/urdf/wheels/wheel.urdf.xacro
[0.230s] -- Up-to-date: /home/sachin/ros2_rover/install/rover_description/share/rover_description/urdf/materials.xacro
[0.231s] -- Up-to-date: /home/sachin/ros2_rover/install/rover_description/share/rover_description/robots
[0.232s] -- Installing: /home/sachin/ros2_rover/install/rover_description/share/rover_description/robots/rover.urdf.xacro
[0.233s] -- Up-to-date: /home/sachin/ros2_rover/install/rover_description/share/rover_description/hooks
[0.233s] -- Up-to-date: /home/sachin/ros2_rover/install/rover_description/share/rover_description/hooks/gz_sim_resource_path.dsv
[0.234s] -- Up-to-date: /home/sachin/ros2_rover/install/rover_description/share/rover_description/hooks/gz_sim_resource_path.sh
[0.234s] -- Up-to-date: /home/sachin/ros2_rover/install/rover_description/share/rover_description/environment/gz_sim_resource_path.sh
[0.235s] -- Up-to-date: /home/sachin/ros2_rover/install/rover_description/share/rover_description/environment/gz_sim_resource_path.dsv
[0.236s] -- Up-to-date: /home/sachin/ros2_rover/install/rover_description/share/ament_index/resource_index/package_run_dependencies/rover_description
[0.236s] -- Up-to-date: /home/sachin/ros2_rover/install/rover_description/share/ament_index/resource_index/parent_prefix_path/rover_description
[0.236s] -- Up-to-date: /home/sachin/ros2_rover/install/rover_description/share/rover_description/environment/ament_prefix_path.sh
[0.236s] -- Up-to-date: /home/sachin/ros2_rover/install/rover_description/share/rover_description/environment/ament_prefix_path.dsv
[0.236s] -- Up-to-date: /home/sachin/ros2_rover/install/rover_description/share/rover_description/environment/path.sh
[0.236s] -- Up-to-date: /home/sachin/ros2_rover/install/rover_description/share/rover_description/environment/path.dsv
[0.236s] -- Up-to-date: /home/sachin/ros2_rover/install/rover_description/share/rover_description/local_setup.bash
[0.237s] -- Up-to-date: /home/sachin/ros2_rover/install/rover_description/share/rover_description/local_setup.sh
[0.237s] -- Up-to-date: /home/sachin/ros2_rover/install/rover_description/share/rover_description/local_setup.zsh
[0.237s] -- Up-to-date: /home/sachin/ros2_rover/install/rover_description/share/rover_description/local_setup.dsv
[0.238s] -- Installing: /home/sachin/ros2_rover/install/rover_description/share/rover_description/package.dsv
[0.239s] -- Up-to-date: /home/sachin/ros2_rover/install/rover_description/share/ament_index/resource_index/packages/rover_description
[0.239s] -- Up-to-date: /home/sachin/ros2_rover/install/rover_description/share/rover_description/cmake/rover_descriptionConfig.cmake
[0.239s] -- Up-to-date: /home/sachin/ros2_rover/install/rover_description/share/rover_description/cmake/rover_descriptionConfig-version.cmake
[0.240s] -- Up-to-date: /home/sachin/ros2_rover/install/rover_description/share/rover_description/package.xml
[0.242s] Invoked command in '/home/sachin/ros2_rover/build/rover_description' returned '0': CMAKE_PREFIX_PATH=${CMAKE_PREFIX_PATH}:/home/sachin/ros2_rover/install/rover_teleop:/home/sachin/ros2_rover/install/rover_motor_controller:/opt/ros/jazzy DEBUGINFOD_URLS=https://debuginfod.ubuntu.com PS1=(.ros2_venv) \[\e]0;\u@\h: \w\a\]${debian_chroot:+($debian_chroot)}\[\033[01;32m\]\u@\h\[\033[00m\]:\[\033[01;34m\]\w\[\033[00m\]\$ VIRTUAL_ENV_PROMPT=(.ros2_venv) /usr/bin/cmake --install /home/sachin/ros2_rover/build/rover_description
