[0.015s] Invoking command in '/home/sachin/ros2_rover/build/rover_localization': CMAKE_PREFIX_PATH=${CMAKE_PREFIX_PATH}:/opt/ros/jazzy DEBUGINFOD_URLS=https://debuginfod.ubuntu.com PS1=(.ros2_venv) \[\e]0;\u@\h: \w\a\]${debian_chroot:+($debian_chroot)}\[\033[01;32m\]\u@\h\[\033[00m\]:\[\033[01;34m\]\w\[\033[00m\]\$ VIRTUAL_ENV_PROMPT=(.ros2_venv) /usr/bin/cmake /home/sachin/ros2_rover/src/rover_localization -DCMAKE_INSTALL_PREFIX=/home/sachin/ros2_rover/install/rover_localization
[0.130s] -- The C compiler identification is GNU 13.3.0
[0.218s] -- The CXX compiler identification is GNU 13.3.0
[0.233s] -- Detecting C compiler ABI info
[0.301s] -- Detecting C compiler ABI info - done
[0.308s] -- Check for working C compiler: /usr/bin/cc - skipped
[0.309s] -- Detecting C compile features
[0.309s] -- Detecting C compile features - done
[0.318s] -- Detecting CXX compiler ABI info
[0.389s] -- Detecting CXX compiler ABI info - done
[0.396s] -- Check for working CXX compiler: /usr/bin/c++ - skipped
[0.396s] -- Detecting CXX compile features
[0.396s] -- Detecting CXX compile features - done
[0.412s] -- Found ament_cmake: 2.5.6 (/opt/ros/jazzy/share/ament_cmake/cmake)
[0.521s] -- Found Python3: /home/sachin/.ros2_venv/bin/python3 (found version "3.12.3") found components: Interpreter 
[0.741s] -- Configuring done (0.7s)
[0.744s] -- Generating done (0.0s)
[0.745s] -- Build files have been written to: /home/sachin/ros2_rover/build/rover_localization
[0.750s] Invoked command in '/home/sachin/ros2_rover/build/rover_localization' returned '0': CMAKE_PREFIX_PATH=${CMAKE_PREFIX_PATH}:/opt/ros/jazzy DEBUGINFOD_URLS=https://debuginfod.ubuntu.com PS1=(.ros2_venv) \[\e]0;\u@\h: \w\a\]${debian_chroot:+($debian_chroot)}\[\033[01;32m\]\u@\h\[\033[00m\]:\[\033[01;34m\]\w\[\033[00m\]\$ VIRTUAL_ENV_PROMPT=(.ros2_venv) /usr/bin/cmake /home/sachin/ros2_rover/src/rover_localization -DCMAKE_INSTALL_PREFIX=/home/sachin/ros2_rover/install/rover_localization
[0.751s] Invoking command in '/home/sachin/ros2_rover/build/rover_localization': CMAKE_PREFIX_PATH=${CMAKE_PREFIX_PATH}:/opt/ros/jazzy DEBUGINFOD_URLS=https://debuginfod.ubuntu.com PS1=(.ros2_venv) \[\e]0;\u@\h: \w\a\]${debian_chroot:+($debian_chroot)}\[\033[01;32m\]\u@\h\[\033[00m\]:\[\033[01;34m\]\w\[\033[00m\]\$ VIRTUAL_ENV_PROMPT=(.ros2_venv) /usr/bin/cmake --build /home/sachin/ros2_rover/build/rover_localization -- -j12 -l12
[0.788s] Invoked command in '/home/sachin/ros2_rover/build/rover_localization' returned '0': CMAKE_PREFIX_PATH=${CMAKE_PREFIX_PATH}:/opt/ros/jazzy DEBUGINFOD_URLS=https://debuginfod.ubuntu.com PS1=(.ros2_venv) \[\e]0;\u@\h: \w\a\]${debian_chroot:+($debian_chroot)}\[\033[01;32m\]\u@\h\[\033[00m\]:\[\033[01;34m\]\w\[\033[00m\]\$ VIRTUAL_ENV_PROMPT=(.ros2_venv) /usr/bin/cmake --build /home/sachin/ros2_rover/build/rover_localization -- -j12 -l12
[0.789s] Invoking command in '/home/sachin/ros2_rover/build/rover_localization': CMAKE_PREFIX_PATH=${CMAKE_PREFIX_PATH}:/opt/ros/jazzy DEBUGINFOD_URLS=https://debuginfod.ubuntu.com PS1=(.ros2_venv) \[\e]0;\u@\h: \w\a\]${debian_chroot:+($debian_chroot)}\[\033[01;32m\]\u@\h\[\033[00m\]:\[\033[01;34m\]\w\[\033[00m\]\$ VIRTUAL_ENV_PROMPT=(.ros2_venv) /usr/bin/cmake --install /home/sachin/ros2_rover/build/rover_localization
[0.798s] -- Install configuration: ""
[0.798s] -- Installing: /home/sachin/ros2_rover/install/rover_localization/share/rover_localization//launch
[0.798s] -- Installing: /home/sachin/ros2_rover/install/rover_localization/share/rover_localization//launch/rtabmap.launch.py
[0.798s] -- Installing: /home/sachin/ros2_rover/install/rover_localization/share/rover_localization//launch/rgbd_odometry.launch.py
[0.798s] -- Installing: /home/sachin/ros2_rover/install/rover_localization/share/rover_localization//launch/ekf.launch.py
[0.798s] -- Installing: /home/sachin/ros2_rover/install/rover_localization/share/rover_localization//launch/localization.launch.py
[0.798s] -- Installing: /home/sachin/ros2_rover/install/rover_localization/share/rover_localization//config
[0.799s] -- Installing: /home/sachin/ros2_rover/install/rover_localization/share/rover_localization//config/ekf.yaml
[0.799s] -- Installing: /home/sachin/ros2_rover/install/rover_localization/share/ament_index/resource_index/package_run_dependencies/rover_localization
[0.799s] -- Installing: /home/sachin/ros2_rover/install/rover_localization/share/ament_index/resource_index/parent_prefix_path/rover_localization
[0.799s] -- Installing: /home/sachin/ros2_rover/install/rover_localization/share/rover_localization/environment/ament_prefix_path.sh
[0.799s] -- Installing: /home/sachin/ros2_rover/install/rover_localization/share/rover_localization/environment/ament_prefix_path.dsv
[0.799s] -- Installing: /home/sachin/ros2_rover/install/rover_localization/share/rover_localization/environment/path.sh
[0.799s] -- Installing: /home/sachin/ros2_rover/install/rover_localization/share/rover_localization/environment/path.dsv
[0.799s] -- Installing: /home/sachin/ros2_rover/install/rover_localization/share/rover_localization/local_setup.bash
[0.799s] -- Installing: /home/sachin/ros2_rover/install/rover_localization/share/rover_localization/local_setup.sh
[0.799s] -- Installing: /home/sachin/ros2_rover/install/rover_localization/share/rover_localization/local_setup.zsh
[0.799s] -- Installing: /home/sachin/ros2_rover/install/rover_localization/share/rover_localization/local_setup.dsv
[0.799s] -- Installing: /home/sachin/ros2_rover/install/rover_localization/share/rover_localization/package.dsv
[0.800s] -- Installing: /home/sachin/ros2_rover/install/rover_localization/share/ament_index/resource_index/packages/rover_localization
[0.800s] -- Installing: /home/sachin/ros2_rover/install/rover_localization/share/rover_localization/cmake/rover_localizationConfig.cmake
[0.800s] -- Installing: /home/sachin/ros2_rover/install/rover_localization/share/rover_localization/cmake/rover_localizationConfig-version.cmake
[0.800s] -- Installing: /home/sachin/ros2_rover/install/rover_localization/share/rover_localization/package.xml
[0.802s] Invoked command in '/home/sachin/ros2_rover/build/rover_localization' returned '0': CMAKE_PREFIX_PATH=${CMAKE_PREFIX_PATH}:/opt/ros/jazzy DEBUGINFOD_URLS=https://debuginfod.ubuntu.com PS1=(.ros2_venv) \[\e]0;\u@\h: \w\a\]${debian_chroot:+($debian_chroot)}\[\033[01;32m\]\u@\h\[\033[00m\]:\[\033[01;34m\]\w\[\033[00m\]\$ VIRTUAL_ENV_PROMPT=(.ros2_venv) /usr/bin/cmake --install /home/sachin/ros2_rover/build/rover_localization
