[1.120s] Invoking command in '/home/sachin/ros2_rover/src/rover_motor_controller': CMAKE_PREFIX_PATH=/home/sachin/ros2_rover/install/rover_msgs:/home/sachin/ros2_rover/install/rover_navigation:/home/sachin/ros2_rover/install/rover_gazebo:/home/sachin/ros2_rover/install/rover_bringup:/home/sachin/ros2_rover/install/rover_motor_controller_cpp:/home/sachin/ros2_rover/install/rover_localization:/home/sachin/ros2_rover/install/rover_description:/opt/ros/jazzy/opt/gz_sim_vendor:/opt/ros/jazzy/opt/gz_sensors_vendor:/opt/ros/jazzy/opt/gz_physics_vendor:/opt/ros/jazzy/opt/sdformat_vendor:/opt/ros/jazzy/opt/gz_gui_vendor:/opt/ros/jazzy/opt/gz_transport_vendor:/opt/ros/jazzy/opt/gz_rendering_vendor:/opt/ros/jazzy/opt/gz_plugin_vendor:/opt/ros/jazzy/opt/gz_fuel_tools_vendor:/opt/ros/jazzy/opt/gz_msgs_vendor:/opt/ros/jazzy/opt/gz_common_vendor:/opt/ros/jazzy/opt/gz_math_vendor:/opt/ros/jazzy/opt/gz_utils_vendor:/opt/ros/jazzy/opt/gz_tools_vendor:/opt/ros/jazzy/opt/gz_ogre_next_vendor:/opt/ros/jazzy/opt/gz_dartsim_vendor:/opt/ros/jazzy/opt/gz_cmake_vendor DEBUGINFOD_URLS=https://debuginfod.ubuntu.com PS1=(.ros2_venv) \[\e]0;\u@\h: \w\a\]${debian_chroot:+($debian_chroot)}\[\033[01;32m\]\u@\h\[\033[00m\]:\[\033[01;34m\]\w\[\033[00m\]\$ PYTHONPATH=/home/sachin/ros2_rover/build/rover_motor_controller/prefix_override:/usr/lib/python3/dist-packages/colcon_core/task/python/colcon_distutils_commands:/home/sachin/ros2_rover/install/rover_motor_controller/lib/python3.12/site-packages:/home/sachin/ros2_rover/install/rover_msgs/lib/python3.12/site-packages:/home/sachin/ros2_rover/install/rover_teleop/lib/python3.12/site-packages:/home/sachin/ros2_rover/install/rover_motor_controller/lib/python3.12/site-packages:/opt/ros/jazzy/lib/python3.12/site-packages VIRTUAL_ENV_PROMPT=(.ros2_venv) /usr/bin/python3 -W ignore:setup.py install is deprecated -W ignore:easy_install command is deprecated setup.py egg_info --egg-base ../../build/rover_motor_controller build --build-base /home/sachin/ros2_rover/build/rover_motor_controller/build install --record /home/sachin/ros2_rover/build/rover_motor_controller/install.log --install-scripts $base/lib/rover_motor_controller --single-version-externally-managed install_data
[1.284s] /usr/lib/python3/dist-packages/setuptools/dist.py:744: SetuptoolsDeprecationWarning: Invalid dash-separated options
[1.284s] !!
[1.284s] 
[1.284s]         ********************************************************************************
[1.284s]         Usage of dash-separated 'script-dir' will not be supported in future
[1.284s]         versions. Please use the underscore name 'script_dir' instead.
[1.284s] 
[1.284s]         This deprecation is overdue, please update your project and remove deprecated
[1.284s]         calls to avoid build errors in the future.
[1.285s] 
[1.285s]         See https://setuptools.pypa.io/en/latest/userguide/declarative_config.html for details.
[1.285s]         ********************************************************************************
[1.285s] 
[1.285s] !!
[1.285s]   opt = self.warn_dash_deprecation(opt, section)
[1.455s] running egg_info
[1.479s] writing ../../build/rover_motor_controller/rover_motor_controller.egg-info/PKG-INFO
[1.480s] writing dependency_links to ../../build/rover_motor_controller/rover_motor_controller.egg-info/dependency_links.txt
[1.480s] writing entry points to ../../build/rover_motor_controller/rover_motor_controller.egg-info/entry_points.txt
[1.480s] writing requirements to ../../build/rover_motor_controller/rover_motor_controller.egg-info/requires.txt
[1.480s] writing top-level names to ../../build/rover_motor_controller/rover_motor_controller.egg-info/top_level.txt
[1.529s] reading manifest file '../../build/rover_motor_controller/rover_motor_controller.egg-info/SOURCES.txt'
[1.531s] writing manifest file '../../build/rover_motor_controller/rover_motor_controller.egg-info/SOURCES.txt'
[1.531s] running build
[1.531s] running build_py
[1.532s] running install
[1.539s] running install_lib
[1.565s] running install_data
[1.565s] running install_egg_info
[1.590s] removing '/home/sachin/ros2_rover/install/rover_motor_controller/lib/python3.12/site-packages/rover_motor_controller-2.0.0-py3.12.egg-info' (and everything under it)
[1.591s] Copying ../../build/rover_motor_controller/rover_motor_controller.egg-info to /home/sachin/ros2_rover/install/rover_motor_controller/lib/python3.12/site-packages/rover_motor_controller-2.0.0-py3.12.egg-info
[1.593s] running install_scripts
[1.757s] Installing controller_node script to /home/sachin/ros2_rover/install/rover_motor_controller/lib/rover_motor_controller
[1.757s] Installing vel_parser_node script to /home/sachin/ros2_rover/install/rover_motor_controller/lib/rover_motor_controller
[1.757s] writing list of installed files to '/home/sachin/ros2_rover/build/rover_motor_controller/install.log'
[1.792s] Invoked command in '/home/sachin/ros2_rover/src/rover_motor_controller' returned '0': CMAKE_PREFIX_PATH=/home/sachin/ros2_rover/install/rover_msgs:/home/sachin/ros2_rover/install/rover_navigation:/home/sachin/ros2_rover/install/rover_gazebo:/home/sachin/ros2_rover/install/rover_bringup:/home/sachin/ros2_rover/install/rover_motor_controller_cpp:/home/sachin/ros2_rover/install/rover_localization:/home/sachin/ros2_rover/install/rover_description:/opt/ros/jazzy/opt/gz_sim_vendor:/opt/ros/jazzy/opt/gz_sensors_vendor:/opt/ros/jazzy/opt/gz_physics_vendor:/opt/ros/jazzy/opt/sdformat_vendor:/opt/ros/jazzy/opt/gz_gui_vendor:/opt/ros/jazzy/opt/gz_transport_vendor:/opt/ros/jazzy/opt/gz_rendering_vendor:/opt/ros/jazzy/opt/gz_plugin_vendor:/opt/ros/jazzy/opt/gz_fuel_tools_vendor:/opt/ros/jazzy/opt/gz_msgs_vendor:/opt/ros/jazzy/opt/gz_common_vendor:/opt/ros/jazzy/opt/gz_math_vendor:/opt/ros/jazzy/opt/gz_utils_vendor:/opt/ros/jazzy/opt/gz_tools_vendor:/opt/ros/jazzy/opt/gz_ogre_next_vendor:/opt/ros/jazzy/opt/gz_dartsim_vendor:/opt/ros/jazzy/opt/gz_cmake_vendor DEBUGINFOD_URLS=https://debuginfod.ubuntu.com PS1=(.ros2_venv) \[\e]0;\u@\h: \w\a\]${debian_chroot:+($debian_chroot)}\[\033[01;32m\]\u@\h\[\033[00m\]:\[\033[01;34m\]\w\[\033[00m\]\$ PYTHONPATH=/home/sachin/ros2_rover/build/rover_motor_controller/prefix_override:/usr/lib/python3/dist-packages/colcon_core/task/python/colcon_distutils_commands:/home/sachin/ros2_rover/install/rover_motor_controller/lib/python3.12/site-packages:/home/sachin/ros2_rover/install/rover_msgs/lib/python3.12/site-packages:/home/sachin/ros2_rover/install/rover_teleop/lib/python3.12/site-packages:/home/sachin/ros2_rover/install/rover_motor_controller/lib/python3.12/site-packages:/opt/ros/jazzy/lib/python3.12/site-packages VIRTUAL_ENV_PROMPT=(.ros2_venv) /usr/bin/python3 -W ignore:setup.py install is deprecated -W ignore:easy_install command is deprecated setup.py egg_info --egg-base ../../build/rover_motor_controller build --build-base /home/sachin/ros2_rover/build/rover_motor_controller/build install --record /home/sachin/ros2_rover/build/rover_motor_controller/install.log --install-scripts $base/lib/rover_motor_controller --single-version-externally-managed install_data
