In file included from [01m[K/usr/include/boost/system/detail/requires_cxx11.hpp:9[m[K,
                 from [01m[K/usr/include/boost/system/detail/config.hpp:11[m[K,
                 from [01m[K/usr/include/boost/system/detail/error_category.hpp:13[m[K,
                 from [01m[K/usr/include/boost/system/detail/error_code.hpp:14[m[K,
                 from [01m[K/usr/include/boost/system/error_code.hpp:13[m[K,
                 from [01m[K/usr/include/boost/asio/detail/throw_error.hpp:20[m[K,
                 from [01m[K/usr/include/boost/asio/detail/impl/posix_event.ipp:23[m[K,
                 from [01m[K/usr/include/boost/asio/detail/posix_event.hpp:172[m[K,
                 from [01m[K/usr/include/boost/asio/detail/event.hpp:25[m[K,
                 from [01m[K/usr/include/boost/asio/execution/blocking_adaptation.hpp:19[m[K,
                 from [01m[K/usr/include/boost/asio/execution.hpp:22[m[K,
                 from [01m[K/usr/include/boost/asio/any_completion_executor.hpp:22[m[K,
                 from [01m[K/usr/include/boost/asio.hpp:20[m[K,
                 from [01m[K/home/sachin/ros2_rover/src/rover_motor_controller_cpp/include/lx16a/serial.hpp:28[m[K,
                 from [01m[K/home/sachin/ros2_rover/src/rover_motor_controller_cpp/include/lx16a/lx16a.hpp:33[m[K,
                 from [01m[K/home/sachin/ros2_rover/src/rover_motor_controller_cpp/src/lx16a/lx16a.cpp:30[m[K:
[01m[K/usr/include/boost/bind.hpp:36:1:[m[K [01;36m[Knote: [m[K‘[01m[K#pragma message: The practice of declaring the Bind placeholders (_1, _2, ...) in the global namespace is deprecated. Please use <boost/bind/bind.hpp> + using namespace boost::placeholders, or define BOOST_BIND_GLOBAL_PLACEHOLDERS to retain the current behavior.[m[K’
   36 | [01;36m[KBOOST_PRAGMA_MESSAGE[m[K(
      | [01;36m[K^~~~~~~~~~~~~~~~~~~~[m[K
In file included from [01m[K/usr/include/boost/system/detail/requires_cxx11.hpp:9[m[K,
                 from [01m[K/usr/include/boost/system/detail/config.hpp:11[m[K,
                 from [01m[K/usr/include/boost/system/detail/error_category.hpp:13[m[K,
                 from [01m[K/usr/include/boost/system/detail/error_code.hpp:14[m[K,
                 from [01m[K/usr/include/boost/system/error_code.hpp:13[m[K,
                 from [01m[K/usr/include/boost/asio/detail/throw_error.hpp:20[m[K,
                 from [01m[K/usr/include/boost/asio/detail/impl/posix_event.ipp:23[m[K,
                 from [01m[K/usr/include/boost/asio/detail/posix_event.hpp:172[m[K,
                 from [01m[K/usr/include/boost/asio/detail/event.hpp:25[m[K,
                 from [01m[K/usr/include/boost/asio/execution/blocking_adaptation.hpp:19[m[K,
                 from [01m[K/usr/include/boost/asio/execution.hpp:22[m[K,
                 from [01m[K/usr/include/boost/asio/any_completion_executor.hpp:22[m[K,
                 from [01m[K/usr/include/boost/asio.hpp:20[m[K,
                 from [01m[K/home/sachin/ros2_rover/src/rover_motor_controller_cpp/include/lx16a/serial.hpp:28[m[K,
                 from [01m[K/home/sachin/ros2_rover/src/rover_motor_controller_cpp/src/lx16a/serial.cpp:26[m[K:
[01m[K/usr/include/boost/bind.hpp:36:1:[m[K [01;36m[Knote: [m[K‘[01m[K#pragma message: The practice of declaring the Bind placeholders (_1, _2, ...) in the global namespace is deprecated. Please use <boost/bind/bind.hpp> + using namespace boost::placeholders, or define BOOST_BIND_GLOBAL_PLACEHOLDERS to retain the current behavior.[m[K’
   36 | [01;36m[KBOOST_PRAGMA_MESSAGE[m[K(
      | [01;36m[K^~~~~~~~~~~~~~~~~~~~[m[K
In file included from [01m[K/usr/include/boost/system/detail/requires_cxx11.hpp:9[m[K,
                 from [01m[K/usr/include/boost/system/detail/config.hpp:11[m[K,
                 from [01m[K/usr/include/boost/system/detail/error_category.hpp:13[m[K,
                 from [01m[K/usr/include/boost/system/detail/error_code.hpp:14[m[K,
                 from [01m[K/usr/include/boost/system/error_code.hpp:13[m[K,
                 from [01m[K/usr/include/boost/asio/detail/throw_error.hpp:20[m[K,
                 from [01m[K/usr/include/boost/asio/detail/impl/posix_event.ipp:23[m[K,
                 from [01m[K/usr/include/boost/asio/detail/posix_event.hpp:172[m[K,
                 from [01m[K/usr/include/boost/asio/detail/event.hpp:25[m[K,
                 from [01m[K/usr/include/boost/asio/execution/blocking_adaptation.hpp:19[m[K,
                 from [01m[K/usr/include/boost/asio/execution.hpp:22[m[K,
                 from [01m[K/usr/include/boost/asio/any_completion_executor.hpp:22[m[K,
                 from [01m[K/usr/include/boost/asio.hpp:20[m[K,
                 from [01m[K/home/sachin/ros2_rover/src/rover_motor_controller_cpp/include/lx16a/serial.hpp:28[m[K,
                 from [01m[K/home/sachin/ros2_rover/src/rover_motor_controller_cpp/include/lx16a/lx16a.hpp:33[m[K,
                 from [01m[K/home/sachin/ros2_rover/src/rover_motor_controller_cpp/src/lx16a/motor_controller.cpp:26[m[K:
[01m[K/usr/include/boost/bind.hpp:36:1:[m[K [01;36m[Knote: [m[K‘[01m[K#pragma message: The practice of declaring the Bind placeholders (_1, _2, ...) in the global namespace is deprecated. Please use <boost/bind/bind.hpp> + using namespace boost::placeholders, or define BOOST_BIND_GLOBAL_PLACEHOLDERS to retain the current behavior.[m[K’
   36 | [01;36m[KBOOST_PRAGMA_MESSAGE[m[K(
      | [01;36m[K^~~~~~~~~~~~~~~~~~~~[m[K
In file included from [01m[K/usr/include/boost/system/detail/requires_cxx11.hpp:9[m[K,
                 from [01m[K/usr/include/boost/system/detail/config.hpp:11[m[K,
                 from [01m[K/usr/include/boost/system/detail/error_category.hpp:13[m[K,
                 from [01m[K/usr/include/boost/system/detail/error_code.hpp:14[m[K,
                 from [01m[K/usr/include/boost/system/error_code.hpp:13[m[K,
                 from [01m[K/usr/include/boost/asio/detail/throw_error.hpp:20[m[K,
                 from [01m[K/usr/include/boost/asio/detail/impl/posix_event.ipp:23[m[K,
                 from [01m[K/usr/include/boost/asio/detail/posix_event.hpp:172[m[K,
                 from [01m[K/usr/include/boost/asio/detail/event.hpp:25[m[K,
                 from [01m[K/usr/include/boost/asio/execution/blocking_adaptation.hpp:19[m[K,
                 from [01m[K/usr/include/boost/asio/execution.hpp:22[m[K,
                 from [01m[K/usr/include/boost/asio/any_completion_executor.hpp:22[m[K,
                 from [01m[K/usr/include/boost/asio.hpp:20[m[K,
                 from [01m[K/home/sachin/ros2_rover/src/rover_motor_controller_cpp/include/lx16a/serial.hpp:28[m[K,
                 from [01m[K/home/sachin/ros2_rover/src/rover_motor_controller_cpp/include/lx16a/lx16a.hpp:33[m[K,
                 from [01m[K/home/sachin/ros2_rover/src/rover_motor_controller_cpp/include/lx16a/motor_controller.hpp:31[m[K,
                 from [01m[K/home/sachin/ros2_rover/src/rover_motor_controller_cpp/include/motor_controller/controller_node.hpp:30[m[K,
                 from [01m[K/home/sachin/ros2_rover/src/rover_motor_controller_cpp/src/controller_node_main.cpp:25[m[K:
[01m[K/usr/include/boost/bind.hpp:36:1:[m[K [01;36m[Knote: [m[K‘[01m[K#pragma message: The practice of declaring the Bind placeholders (_1, _2, ...) in the global namespace is deprecated. Please use <boost/bind/bind.hpp> + using namespace boost::placeholders, or define BOOST_BIND_GLOBAL_PLACEHOLDERS to retain the current behavior.[m[K’
   36 | [01;36m[KBOOST_PRAGMA_MESSAGE[m[K(
      | [01;36m[K^~~~~~~~~~~~~~~~~~~~[m[K
