-- The C compiler identification is GNU 13.3.0
-- The CXX compiler identification is GNU 13.3.0
-- Detecting C compiler ABI info
-- Detecting C compiler ABI info - done
-- Check for working C compiler: /usr/bin/cc - skipped
-- Detecting C compile features
-- Detecting C compile features - done
-- Detecting CXX compiler ABI info
-- Detecting CXX compiler ABI info - done
-- Check for working CXX compiler: /usr/bin/c++ - skipped
-- Detecting CXX compile features
-- Detecting CXX compile features - done
-- Found ament_cmake: 2.5.6 (/opt/ros/jazzy/share/ament_cmake/cmake)
-- Found Python3: /home/sachin/.ros2_venv/bin/python3 (found version "3.12.3") found components: Interpreter 
-- Found rclcpp: 28.1.18 (/opt/ros/jazzy/share/rclcpp/cmake)
-- Found rosidl_generator_c: 4.6.7 (/opt/ros/jazzy/share/rosidl_generator_c/cmake)
-- Found rosidl_generator_cpp: 4.6.7 (/opt/ros/jazzy/share/rosidl_generator_cpp/cmake)
-- Using all available rosidl_typesupport_c: rosidl_typesupport_fastrtps_c;rosidl_typesupport_introspection_c
-- Using all available rosidl_typesupport_cpp: rosidl_typesupport_fastrtps_cpp;rosidl_typesupport_introspection_cpp
-- Found rmw_implementation_cmake: 7.3.3 (/opt/ros/jazzy/share/rmw_implementation_cmake/cmake)
-- Found rmw_fastrtps_cpp: 8.4.3 (/opt/ros/jazzy/share/rmw_fastrtps_cpp/cmake)
-- Found OpenSSL: /usr/lib/x86_64-linux-gnu/libcrypto.so (found version "3.0.13")  
-- Found FastRTPS: /opt/ros/jazzy/include (Required is at least version "2.13") 
-- Using RMW implementation 'rmw_fastrtps_cpp' as default
-- Found rover_msgs: 2.0.0 (/home/sachin/ros2_rover/install/rover_msgs/share/rover_msgs/cmake)
-- Found geometry_msgs: 5.3.7 (/opt/ros/jazzy/share/geometry_msgs/cmake)
-- Found ament_cmake_clang_format: 0.17.5 (/opt/ros/jazzy/share/ament_cmake_clang_format/cmake)
-- Configuring done (0.9s)
-- Generating done (0.0s)
-- Build files have been written to: /home/sachin/ros2_rover/build/rover_motor_controller_cpp
[ 11%] [32mBuilding CXX object CMakeFiles/controller_node.dir/src/lx16a/serial.cpp.o[0m
[ 33%] [32mBuilding CXX object CMakeFiles/controller_node.dir/src/lx16a/motor_controller.cpp.o[0m
[ 33%] [32mBuilding CXX object CMakeFiles/controller_node.dir/src/lx16a/lx16a.cpp.o[0m
[ 44%] [32mBuilding CXX object CMakeFiles/vel_parser_node.dir/src/motor_controller/vel_parser_node.cpp.o[0m
[ 55%] [32mBuilding CXX object CMakeFiles/controller_node.dir/src/controller_node_main.cpp.o[0m
[ 66%] [32mBuilding CXX object CMakeFiles/vel_parser_node.dir/src/vel_parser_node_main.cpp.o[0m
[ 77%] [32mBuilding CXX object CMakeFiles/controller_node.dir/src/motor_controller/controller_node.cpp.o[0m
[ 88%] [32m[1mLinking CXX executable vel_parser_node[0m
[ 88%] Built target vel_parser_node
[100%] [32m[1mLinking CXX executable controller_node[0m
[100%] Built target controller_node
-- Install configuration: ""
-- Installing: /home/sachin/ros2_rover/install/rover_motor_controller_cpp/lib/rover_motor_controller_cpp/controller_node
-- Set non-toolchain portion of runtime path of "/home/sachin/ros2_rover/install/rover_motor_controller_cpp/lib/rover_motor_controller_cpp/controller_node" to ""
-- Installing: /home/sachin/ros2_rover/install/rover_motor_controller_cpp/lib/rover_motor_controller_cpp/vel_parser_node
-- Set non-toolchain portion of runtime path of "/home/sachin/ros2_rover/install/rover_motor_controller_cpp/lib/rover_motor_controller_cpp/vel_parser_node" to ""
-- Installing: /home/sachin/ros2_rover/install/rover_motor_controller_cpp/share/rover_motor_controller_cpp//launch
-- Installing: /home/sachin/ros2_rover/install/rover_motor_controller_cpp/share/rover_motor_controller_cpp//launch/motor_controller.launch.py
-- Installing: /home/sachin/ros2_rover/install/rover_motor_controller_cpp/share/ament_index/resource_index/package_run_dependencies/rover_motor_controller_cpp
-- Installing: /home/sachin/ros2_rover/install/rover_motor_controller_cpp/share/ament_index/resource_index/parent_prefix_path/rover_motor_controller_cpp
-- Installing: /home/sachin/ros2_rover/install/rover_motor_controller_cpp/share/rover_motor_controller_cpp/environment/ament_prefix_path.sh
-- Installing: /home/sachin/ros2_rover/install/rover_motor_controller_cpp/share/rover_motor_controller_cpp/environment/ament_prefix_path.dsv
-- Installing: /home/sachin/ros2_rover/install/rover_motor_controller_cpp/share/rover_motor_controller_cpp/environment/path.sh
-- Installing: /home/sachin/ros2_rover/install/rover_motor_controller_cpp/share/rover_motor_controller_cpp/environment/path.dsv
-- Installing: /home/sachin/ros2_rover/install/rover_motor_controller_cpp/share/rover_motor_controller_cpp/local_setup.bash
-- Installing: /home/sachin/ros2_rover/install/rover_motor_controller_cpp/share/rover_motor_controller_cpp/local_setup.sh
-- Installing: /home/sachin/ros2_rover/install/rover_motor_controller_cpp/share/rover_motor_controller_cpp/local_setup.zsh
-- Installing: /home/sachin/ros2_rover/install/rover_motor_controller_cpp/share/rover_motor_controller_cpp/local_setup.dsv
-- Installing: /home/sachin/ros2_rover/install/rover_motor_controller_cpp/share/rover_motor_controller_cpp/package.dsv
-- Installing: /home/sachin/ros2_rover/install/rover_motor_controller_cpp/share/ament_index/resource_index/packages/rover_motor_controller_cpp
-- Installing: /home/sachin/ros2_rover/install/rover_motor_controller_cpp/share/rover_motor_controller_cpp/cmake/rover_motor_controller_cppConfig.cmake
-- Installing: /home/sachin/ros2_rover/install/rover_motor_controller_cpp/share/rover_motor_controller_cpp/cmake/rover_motor_controller_cppConfig-version.cmake
-- Installing: /home/sachin/ros2_rover/install/rover_motor_controller_cpp/share/rover_motor_controller_cpp/package.xml
