[0.008s] Invoking command in '/home/sachin/ros2_rover/build/rover_motor_controller_cpp': AMENT_PREFIX_PATH=/home/sachin/ros2_rover/install/rover_msgs:${AMENT_PREFIX_PATH} CMAKE_PREFIX_PATH=/home/sachin/ros2_rover/install/rover_msgs:/opt/ros/jazzy/opt/gz_sim_vendor:/opt/ros/jazzy/opt/gz_sensors_vendor:/opt/ros/jazzy/opt/gz_physics_vendor:/opt/ros/jazzy/opt/sdformat_vendor:/opt/ros/jazzy/opt/gz_gui_vendor:/opt/ros/jazzy/opt/gz_transport_vendor:/opt/ros/jazzy/opt/gz_rendering_vendor:/opt/ros/jazzy/opt/gz_plugin_vendor:/opt/ros/jazzy/opt/gz_fuel_tools_vendor:/opt/ros/jazzy/opt/gz_msgs_vendor:/opt/ros/jazzy/opt/gz_common_vendor:/opt/ros/jazzy/opt/gz_math_vendor:/opt/ros/jazzy/opt/gz_utils_vendor:/opt/ros/jazzy/opt/gz_tools_vendor:/opt/ros/jazzy/opt/gz_ogre_next_vendor:/opt/ros/jazzy/opt/gz_dartsim_vendor:/opt/ros/jazzy/opt/gz_cmake_vendor:/opt/ros/jazzy DEBUGINFOD_URLS=https://debuginfod.ubuntu.com LD_LIBRARY_PATH=/home/sachin/ros2_rover/install/rover_msgs/lib:${LD_LIBRARY_PATH} PS1=(.ros2_venv) \[\e]0;\u@\h: \w\a\]${debian_chroot:+($debian_chroot)}\[\033[01;32m\]\u@\h\[\033[00m\]:\[\033[01;34m\]\w\[\033[00m\]\$ PYTHONPATH=/home/sachin/ros2_rover/install/rover_msgs/lib/python3.12/site-packages:${PYTHONPATH} VIRTUAL_ENV_PROMPT=(.ros2_venv) /usr/bin/cmake /home/sachin/ros2_rover/src/rover_motor_controller_cpp -DCMAKE_INSTALL_PREFIX=/home/sachin/ros2_rover/install/rover_motor_controller_cpp
[0.052s] -- The C compiler identification is GNU 13.3.0
[0.093s] -- The CXX compiler identification is GNU 13.3.0
[0.107s] -- Detecting C compiler ABI info
[0.176s] -- Detecting C compiler ABI info - done
[0.187s] -- Check for working C compiler: /usr/bin/cc - skipped
[0.187s] -- Detecting C compile features
[0.188s] -- Detecting C compile features - done
[0.196s] -- Detecting CXX compiler ABI info
[0.275s] -- Detecting CXX compiler ABI info - done
[0.281s] -- Check for working CXX compiler: /usr/bin/c++ - skipped
[0.281s] -- Detecting CXX compile features
[0.282s] -- Detecting CXX compile features - done
[0.284s] -- Found ament_cmake: 2.5.6 (/opt/ros/jazzy/share/ament_cmake/cmake)
[0.367s] -- Found Python3: /home/sachin/.ros2_venv/bin/python3 (found version "3.12.3") found components: Interpreter 
[0.454s] -- Found rclcpp: 28.1.18 (/opt/ros/jazzy/share/rclcpp/cmake)
[0.491s] -- Found rosidl_generator_c: 4.6.7 (/opt/ros/jazzy/share/rosidl_generator_c/cmake)
[0.503s] -- Found rosidl_generator_cpp: 4.6.7 (/opt/ros/jazzy/share/rosidl_generator_cpp/cmake)
[0.517s] -- Using all available rosidl_typesupport_c: rosidl_typesupport_fastrtps_c;rosidl_typesupport_introspection_c
[0.533s] -- Using all available rosidl_typesupport_cpp: rosidl_typesupport_fastrtps_cpp;rosidl_typesupport_introspection_cpp
[0.605s] -- Found rmw_implementation_cmake: 7.3.3 (/opt/ros/jazzy/share/rmw_implementation_cmake/cmake)
[0.608s] -- Found rmw_fastrtps_cpp: 8.4.3 (/opt/ros/jazzy/share/rmw_fastrtps_cpp/cmake)
[0.690s] -- Found OpenSSL: /usr/lib/x86_64-linux-gnu/libcrypto.so (found version "3.0.13")  
[0.707s] -- Found FastRTPS: /opt/ros/jazzy/include (Required is at least version "2.13") 
[0.728s] -- Using RMW implementation 'rmw_fastrtps_cpp' as default
[0.797s] -- Found rover_msgs: 2.0.0 (/home/sachin/ros2_rover/install/rover_msgs/share/rover_msgs/cmake)
[0.805s] -- Found geometry_msgs: 5.3.7 (/opt/ros/jazzy/share/geometry_msgs/cmake)
[0.837s] -- Found ament_cmake_clang_format: 0.17.5 (/opt/ros/jazzy/share/ament_cmake_clang_format/cmake)
[0.904s] -- Configuring done (0.9s)
[0.915s] -- Generating done (0.0s)
[0.919s] -- Build files have been written to: /home/sachin/ros2_rover/build/rover_motor_controller_cpp
[0.928s] Invoked command in '/home/sachin/ros2_rover/build/rover_motor_controller_cpp' returned '0': AMENT_PREFIX_PATH=/home/sachin/ros2_rover/install/rover_msgs:${AMENT_PREFIX_PATH} CMAKE_PREFIX_PATH=/home/sachin/ros2_rover/install/rover_msgs:/opt/ros/jazzy/opt/gz_sim_vendor:/opt/ros/jazzy/opt/gz_sensors_vendor:/opt/ros/jazzy/opt/gz_physics_vendor:/opt/ros/jazzy/opt/sdformat_vendor:/opt/ros/jazzy/opt/gz_gui_vendor:/opt/ros/jazzy/opt/gz_transport_vendor:/opt/ros/jazzy/opt/gz_rendering_vendor:/opt/ros/jazzy/opt/gz_plugin_vendor:/opt/ros/jazzy/opt/gz_fuel_tools_vendor:/opt/ros/jazzy/opt/gz_msgs_vendor:/opt/ros/jazzy/opt/gz_common_vendor:/opt/ros/jazzy/opt/gz_math_vendor:/opt/ros/jazzy/opt/gz_utils_vendor:/opt/ros/jazzy/opt/gz_tools_vendor:/opt/ros/jazzy/opt/gz_ogre_next_vendor:/opt/ros/jazzy/opt/gz_dartsim_vendor:/opt/ros/jazzy/opt/gz_cmake_vendor:/opt/ros/jazzy DEBUGINFOD_URLS=https://debuginfod.ubuntu.com LD_LIBRARY_PATH=/home/sachin/ros2_rover/install/rover_msgs/lib:${LD_LIBRARY_PATH} PS1=(.ros2_venv) \[\e]0;\u@\h: \w\a\]${debian_chroot:+($debian_chroot)}\[\033[01;32m\]\u@\h\[\033[00m\]:\[\033[01;34m\]\w\[\033[00m\]\$ PYTHONPATH=/home/sachin/ros2_rover/install/rover_msgs/lib/python3.12/site-packages:${PYTHONPATH} VIRTUAL_ENV_PROMPT=(.ros2_venv) /usr/bin/cmake /home/sachin/ros2_rover/src/rover_motor_controller_cpp -DCMAKE_INSTALL_PREFIX=/home/sachin/ros2_rover/install/rover_motor_controller_cpp
[0.928s] Invoking command in '/home/sachin/ros2_rover/build/rover_motor_controller_cpp': AMENT_PREFIX_PATH=/home/sachin/ros2_rover/install/rover_msgs:${AMENT_PREFIX_PATH} CMAKE_PREFIX_PATH=/home/sachin/ros2_rover/install/rover_msgs:/opt/ros/jazzy/opt/gz_sim_vendor:/opt/ros/jazzy/opt/gz_sensors_vendor:/opt/ros/jazzy/opt/gz_physics_vendor:/opt/ros/jazzy/opt/sdformat_vendor:/opt/ros/jazzy/opt/gz_gui_vendor:/opt/ros/jazzy/opt/gz_transport_vendor:/opt/ros/jazzy/opt/gz_rendering_vendor:/opt/ros/jazzy/opt/gz_plugin_vendor:/opt/ros/jazzy/opt/gz_fuel_tools_vendor:/opt/ros/jazzy/opt/gz_msgs_vendor:/opt/ros/jazzy/opt/gz_common_vendor:/opt/ros/jazzy/opt/gz_math_vendor:/opt/ros/jazzy/opt/gz_utils_vendor:/opt/ros/jazzy/opt/gz_tools_vendor:/opt/ros/jazzy/opt/gz_ogre_next_vendor:/opt/ros/jazzy/opt/gz_dartsim_vendor:/opt/ros/jazzy/opt/gz_cmake_vendor:/opt/ros/jazzy DEBUGINFOD_URLS=https://debuginfod.ubuntu.com LD_LIBRARY_PATH=/home/sachin/ros2_rover/install/rover_msgs/lib:${LD_LIBRARY_PATH} PS1=(.ros2_venv) \[\e]0;\u@\h: \w\a\]${debian_chroot:+($debian_chroot)}\[\033[01;32m\]\u@\h\[\033[00m\]:\[\033[01;34m\]\w\[\033[00m\]\$ PYTHONPATH=/home/sachin/ros2_rover/install/rover_msgs/lib/python3.12/site-packages:${PYTHONPATH} VIRTUAL_ENV_PROMPT=(.ros2_venv) /usr/bin/cmake --build /home/sachin/ros2_rover/build/rover_motor_controller_cpp -- -j12 -l12
[0.978s] [ 11%] [32mBuilding CXX object CMakeFiles/controller_node.dir/src/lx16a/serial.cpp.o[0m
[0.978s] [ 33%] [32mBuilding CXX object CMakeFiles/controller_node.dir/src/lx16a/motor_controller.cpp.o[0m
[0.979s] [ 33%] [32mBuilding CXX object CMakeFiles/controller_node.dir/src/lx16a/lx16a.cpp.o[0m
[0.979s] [ 44%] [32mBuilding CXX object CMakeFiles/vel_parser_node.dir/src/motor_controller/vel_parser_node.cpp.o[0m
[0.982s] [ 55%] [32mBuilding CXX object CMakeFiles/controller_node.dir/src/controller_node_main.cpp.o[0m
[0.984s] [ 66%] [32mBuilding CXX object CMakeFiles/vel_parser_node.dir/src/vel_parser_node_main.cpp.o[0m
[0.984s] [ 77%] [32mBuilding CXX object CMakeFiles/controller_node.dir/src/motor_controller/controller_node.cpp.o[0m
[2.470s] In file included from [01m[K/usr/include/boost/system/detail/requires_cxx11.hpp:9[m[K,
[2.470s]                  from [01m[K/usr/include/boost/system/detail/config.hpp:11[m[K,
[2.470s]                  from [01m[K/usr/include/boost/system/detail/error_category.hpp:13[m[K,
[2.470s]                  from [01m[K/usr/include/boost/system/detail/error_code.hpp:14[m[K,
[2.470s]                  from [01m[K/usr/include/boost/system/error_code.hpp:13[m[K,
[2.470s]                  from [01m[K/usr/include/boost/asio/detail/throw_error.hpp:20[m[K,
[2.470s]                  from [01m[K/usr/include/boost/asio/detail/impl/posix_event.ipp:23[m[K,
[2.470s]                  from [01m[K/usr/include/boost/asio/detail/posix_event.hpp:172[m[K,
[2.470s]                  from [01m[K/usr/include/boost/asio/detail/event.hpp:25[m[K,
[2.470s]                  from [01m[K/usr/include/boost/asio/execution/blocking_adaptation.hpp:19[m[K,
[2.470s]                  from [01m[K/usr/include/boost/asio/execution.hpp:22[m[K,
[2.470s]                  from [01m[K/usr/include/boost/asio/any_completion_executor.hpp:22[m[K,
[2.470s]                  from [01m[K/usr/include/boost/asio.hpp:20[m[K,
[2.470s]                  from [01m[K/home/sachin/ros2_rover/src/rover_motor_controller_cpp/include/lx16a/serial.hpp:28[m[K,
[2.470s]                  from [01m[K/home/sachin/ros2_rover/src/rover_motor_controller_cpp/include/lx16a/lx16a.hpp:33[m[K,
[2.470s]                  from [01m[K/home/sachin/ros2_rover/src/rover_motor_controller_cpp/src/lx16a/lx16a.cpp:30[m[K:
[2.470s] [01m[K/usr/include/boost/bind.hpp:36:1:[m[K [01;36m[Knote: [m[K‘[01m[K#pragma message: The practice of declaring the Bind placeholders (_1, _2, ...) in the global namespace is deprecated. Please use <boost/bind/bind.hpp> + using namespace boost::placeholders, or define BOOST_BIND_GLOBAL_PLACEHOLDERS to retain the current behavior.[m[K’
[2.471s]    36 | [01;36m[KBOOST_PRAGMA_MESSAGE[m[K(
[2.471s]       | [01;36m[K^~~~~~~~~~~~~~~~~~~~[m[K
[2.714s] In file included from [01m[K/usr/include/boost/system/detail/requires_cxx11.hpp:9[m[K,
[2.714s]                  from [01m[K/usr/include/boost/system/detail/config.hpp:11[m[K,
[2.714s]                  from [01m[K/usr/include/boost/system/detail/error_category.hpp:13[m[K,
[2.714s]                  from [01m[K/usr/include/boost/system/detail/error_code.hpp:14[m[K,
[2.714s]                  from [01m[K/usr/include/boost/system/error_code.hpp:13[m[K,
[2.715s]                  from [01m[K/usr/include/boost/asio/detail/throw_error.hpp:20[m[K,
[2.715s]                  from [01m[K/usr/include/boost/asio/detail/impl/posix_event.ipp:23[m[K,
[2.715s]                  from [01m[K/usr/include/boost/asio/detail/posix_event.hpp:172[m[K,
[2.715s]                  from [01m[K/usr/include/boost/asio/detail/event.hpp:25[m[K,
[2.715s]                  from [01m[K/usr/include/boost/asio/execution/blocking_adaptation.hpp:19[m[K,
[2.715s]                  from [01m[K/usr/include/boost/asio/execution.hpp:22[m[K,
[2.715s]                  from [01m[K/usr/include/boost/asio/any_completion_executor.hpp:22[m[K,
[2.715s]                  from [01m[K/usr/include/boost/asio.hpp:20[m[K,
[2.715s]                  from [01m[K/home/sachin/ros2_rover/src/rover_motor_controller_cpp/include/lx16a/serial.hpp:28[m[K,
[2.715s]                  from [01m[K/home/sachin/ros2_rover/src/rover_motor_controller_cpp/src/lx16a/serial.cpp:26[m[K:
[2.715s] [01m[K/usr/include/boost/bind.hpp:36:1:[m[K [01;36m[Knote: [m[K‘[01m[K#pragma message: The practice of declaring the Bind placeholders (_1, _2, ...) in the global namespace is deprecated. Please use <boost/bind/bind.hpp> + using namespace boost::placeholders, or define BOOST_BIND_GLOBAL_PLACEHOLDERS to retain the current behavior.[m[K’
[2.715s]    36 | [01;36m[KBOOST_PRAGMA_MESSAGE[m[K(
[2.715s]       | [01;36m[K^~~~~~~~~~~~~~~~~~~~[m[K
[2.788s] In file included from [01m[K/usr/include/boost/system/detail/requires_cxx11.hpp:9[m[K,
[2.788s]                  from [01m[K/usr/include/boost/system/detail/config.hpp:11[m[K,
[2.788s]                  from [01m[K/usr/include/boost/system/detail/error_category.hpp:13[m[K,
[2.788s]                  from [01m[K/usr/include/boost/system/detail/error_code.hpp:14[m[K,
[2.788s]                  from [01m[K/usr/include/boost/system/error_code.hpp:13[m[K,
[2.788s]                  from [01m[K/usr/include/boost/asio/detail/throw_error.hpp:20[m[K,
[2.789s]                  from [01m[K/usr/include/boost/asio/detail/impl/posix_event.ipp:23[m[K,
[2.789s]                  from [01m[K/usr/include/boost/asio/detail/posix_event.hpp:172[m[K,
[2.789s]                  from [01m[K/usr/include/boost/asio/detail/event.hpp:25[m[K,
[2.789s]                  from [01m[K/usr/include/boost/asio/execution/blocking_adaptation.hpp:19[m[K,
[2.789s]                  from [01m[K/usr/include/boost/asio/execution.hpp:22[m[K,
[2.789s]                  from [01m[K/usr/include/boost/asio/any_completion_executor.hpp:22[m[K,
[2.789s]                  from [01m[K/usr/include/boost/asio.hpp:20[m[K,
[2.789s]                  from [01m[K/home/sachin/ros2_rover/src/rover_motor_controller_cpp/include/lx16a/serial.hpp:28[m[K,
[2.789s]                  from [01m[K/home/sachin/ros2_rover/src/rover_motor_controller_cpp/include/lx16a/lx16a.hpp:33[m[K,
[2.789s]                  from [01m[K/home/sachin/ros2_rover/src/rover_motor_controller_cpp/src/lx16a/motor_controller.cpp:26[m[K:
[2.789s] [01m[K/usr/include/boost/bind.hpp:36:1:[m[K [01;36m[Knote: [m[K‘[01m[K#pragma message: The practice of declaring the Bind placeholders (_1, _2, ...) in the global namespace is deprecated. Please use <boost/bind/bind.hpp> + using namespace boost::placeholders, or define BOOST_BIND_GLOBAL_PLACEHOLDERS to retain the current behavior.[m[K’
[2.789s]    36 | [01;36m[KBOOST_PRAGMA_MESSAGE[m[K(
[2.790s]       | [01;36m[K^~~~~~~~~~~~~~~~~~~~[m[K
[4.283s] In file included from [01m[K/usr/include/boost/system/detail/requires_cxx11.hpp:9[m[K,
[4.283s]                  from [01m[K/usr/include/boost/system/detail/config.hpp:11[m[K,
[4.284s]                  from [01m[K/usr/include/boost/system/detail/error_category.hpp:13[m[K,
[4.284s]                  from [01m[K/usr/include/boost/system/detail/error_code.hpp:14[m[K,
[4.284s]                  from [01m[K/usr/include/boost/system/error_code.hpp:13[m[K,
[4.284s]                  from [01m[K/usr/include/boost/asio/detail/throw_error.hpp:20[m[K,
[4.284s]                  from [01m[K/usr/include/boost/asio/detail/impl/posix_event.ipp:23[m[K,
[4.284s]                  from [01m[K/usr/include/boost/asio/detail/posix_event.hpp:172[m[K,
[4.284s]                  from [01m[K/usr/include/boost/asio/detail/event.hpp:25[m[K,
[4.284s]                  from [01m[K/usr/include/boost/asio/execution/blocking_adaptation.hpp:19[m[K,
[4.284s]                  from [01m[K/usr/include/boost/asio/execution.hpp:22[m[K,
[4.284s]                  from [01m[K/usr/include/boost/asio/any_completion_executor.hpp:22[m[K,
[4.284s]                  from [01m[K/usr/include/boost/asio.hpp:20[m[K,
[4.284s]                  from [01m[K/home/sachin/ros2_rover/src/rover_motor_controller_cpp/include/lx16a/serial.hpp:28[m[K,
[4.284s]                  from [01m[K/home/sachin/ros2_rover/src/rover_motor_controller_cpp/include/lx16a/lx16a.hpp:33[m[K,
[4.284s]                  from [01m[K/home/sachin/ros2_rover/src/rover_motor_controller_cpp/include/lx16a/motor_controller.hpp:31[m[K,
[4.285s]                  from [01m[K/home/sachin/ros2_rover/src/rover_motor_controller_cpp/include/motor_controller/controller_node.hpp:30[m[K,
[4.285s]                  from [01m[K/home/sachin/ros2_rover/src/rover_motor_controller_cpp/src/controller_node_main.cpp:25[m[K:
[4.285s] [01m[K/usr/include/boost/bind.hpp:36:1:[m[K [01;36m[Knote: [m[K‘[01m[K#pragma message: The practice of declaring the Bind placeholders (_1, _2, ...) in the global namespace is deprecated. Please use <boost/bind/bind.hpp> + using namespace boost::placeholders, or define BOOST_BIND_GLOBAL_PLACEHOLDERS to retain the current behavior.[m[K’
[4.285s]    36 | [01;36m[KBOOST_PRAGMA_MESSAGE[m[K(
[4.285s]       | [01;36m[K^~~~~~~~~~~~~~~~~~~~[m[K
[7.290s] [ 88%] [32m[1mLinking CXX executable vel_parser_node[0m
[7.527s] [ 88%] Built target vel_parser_node
[7.714s] [100%] [32m[1mLinking CXX executable controller_node[0m
[7.926s] [100%] Built target controller_node
[7.936s] Invoked command in '/home/sachin/ros2_rover/build/rover_motor_controller_cpp' returned '0': AMENT_PREFIX_PATH=/home/sachin/ros2_rover/install/rover_msgs:${AMENT_PREFIX_PATH} CMAKE_PREFIX_PATH=/home/sachin/ros2_rover/install/rover_msgs:/opt/ros/jazzy/opt/gz_sim_vendor:/opt/ros/jazzy/opt/gz_sensors_vendor:/opt/ros/jazzy/opt/gz_physics_vendor:/opt/ros/jazzy/opt/sdformat_vendor:/opt/ros/jazzy/opt/gz_gui_vendor:/opt/ros/jazzy/opt/gz_transport_vendor:/opt/ros/jazzy/opt/gz_rendering_vendor:/opt/ros/jazzy/opt/gz_plugin_vendor:/opt/ros/jazzy/opt/gz_fuel_tools_vendor:/opt/ros/jazzy/opt/gz_msgs_vendor:/opt/ros/jazzy/opt/gz_common_vendor:/opt/ros/jazzy/opt/gz_math_vendor:/opt/ros/jazzy/opt/gz_utils_vendor:/opt/ros/jazzy/opt/gz_tools_vendor:/opt/ros/jazzy/opt/gz_ogre_next_vendor:/opt/ros/jazzy/opt/gz_dartsim_vendor:/opt/ros/jazzy/opt/gz_cmake_vendor:/opt/ros/jazzy DEBUGINFOD_URLS=https://debuginfod.ubuntu.com LD_LIBRARY_PATH=/home/sachin/ros2_rover/install/rover_msgs/lib:${LD_LIBRARY_PATH} PS1=(.ros2_venv) \[\e]0;\u@\h: \w\a\]${debian_chroot:+($debian_chroot)}\[\033[01;32m\]\u@\h\[\033[00m\]:\[\033[01;34m\]\w\[\033[00m\]\$ PYTHONPATH=/home/sachin/ros2_rover/install/rover_msgs/lib/python3.12/site-packages:${PYTHONPATH} VIRTUAL_ENV_PROMPT=(.ros2_venv) /usr/bin/cmake --build /home/sachin/ros2_rover/build/rover_motor_controller_cpp -- -j12 -l12
[7.938s] Invoking command in '/home/sachin/ros2_rover/build/rover_motor_controller_cpp': AMENT_PREFIX_PATH=/home/sachin/ros2_rover/install/rover_msgs:${AMENT_PREFIX_PATH} CMAKE_PREFIX_PATH=/home/sachin/ros2_rover/install/rover_msgs:/opt/ros/jazzy/opt/gz_sim_vendor:/opt/ros/jazzy/opt/gz_sensors_vendor:/opt/ros/jazzy/opt/gz_physics_vendor:/opt/ros/jazzy/opt/sdformat_vendor:/opt/ros/jazzy/opt/gz_gui_vendor:/opt/ros/jazzy/opt/gz_transport_vendor:/opt/ros/jazzy/opt/gz_rendering_vendor:/opt/ros/jazzy/opt/gz_plugin_vendor:/opt/ros/jazzy/opt/gz_fuel_tools_vendor:/opt/ros/jazzy/opt/gz_msgs_vendor:/opt/ros/jazzy/opt/gz_common_vendor:/opt/ros/jazzy/opt/gz_math_vendor:/opt/ros/jazzy/opt/gz_utils_vendor:/opt/ros/jazzy/opt/gz_tools_vendor:/opt/ros/jazzy/opt/gz_ogre_next_vendor:/opt/ros/jazzy/opt/gz_dartsim_vendor:/opt/ros/jazzy/opt/gz_cmake_vendor:/opt/ros/jazzy DEBUGINFOD_URLS=https://debuginfod.ubuntu.com LD_LIBRARY_PATH=/home/sachin/ros2_rover/install/rover_msgs/lib:${LD_LIBRARY_PATH} PS1=(.ros2_venv) \[\e]0;\u@\h: \w\a\]${debian_chroot:+($debian_chroot)}\[\033[01;32m\]\u@\h\[\033[00m\]:\[\033[01;34m\]\w\[\033[00m\]\$ PYTHONPATH=/home/sachin/ros2_rover/install/rover_msgs/lib/python3.12/site-packages:${PYTHONPATH} VIRTUAL_ENV_PROMPT=(.ros2_venv) /usr/bin/cmake --install /home/sachin/ros2_rover/build/rover_motor_controller_cpp
[7.943s] -- Install configuration: ""
[7.943s] -- Installing: /home/sachin/ros2_rover/install/rover_motor_controller_cpp/lib/rover_motor_controller_cpp/controller_node
[7.946s] -- Set non-toolchain portion of runtime path of "/home/sachin/ros2_rover/install/rover_motor_controller_cpp/lib/rover_motor_controller_cpp/controller_node" to ""
[7.946s] -- Installing: /home/sachin/ros2_rover/install/rover_motor_controller_cpp/lib/rover_motor_controller_cpp/vel_parser_node
[7.948s] -- Set non-toolchain portion of runtime path of "/home/sachin/ros2_rover/install/rover_motor_controller_cpp/lib/rover_motor_controller_cpp/vel_parser_node" to ""
[7.948s] -- Installing: /home/sachin/ros2_rover/install/rover_motor_controller_cpp/share/rover_motor_controller_cpp//launch
[7.948s] -- Installing: /home/sachin/ros2_rover/install/rover_motor_controller_cpp/share/rover_motor_controller_cpp//launch/motor_controller.launch.py
[7.948s] -- Installing: /home/sachin/ros2_rover/install/rover_motor_controller_cpp/share/ament_index/resource_index/package_run_dependencies/rover_motor_controller_cpp
[7.948s] -- Installing: /home/sachin/ros2_rover/install/rover_motor_controller_cpp/share/ament_index/resource_index/parent_prefix_path/rover_motor_controller_cpp
[7.948s] -- Installing: /home/sachin/ros2_rover/install/rover_motor_controller_cpp/share/rover_motor_controller_cpp/environment/ament_prefix_path.sh
[7.948s] -- Installing: /home/sachin/ros2_rover/install/rover_motor_controller_cpp/share/rover_motor_controller_cpp/environment/ament_prefix_path.dsv
[7.948s] -- Installing: /home/sachin/ros2_rover/install/rover_motor_controller_cpp/share/rover_motor_controller_cpp/environment/path.sh
[7.949s] -- Installing: /home/sachin/ros2_rover/install/rover_motor_controller_cpp/share/rover_motor_controller_cpp/environment/path.dsv
[7.949s] -- Installing: /home/sachin/ros2_rover/install/rover_motor_controller_cpp/share/rover_motor_controller_cpp/local_setup.bash
[7.949s] -- Installing: /home/sachin/ros2_rover/install/rover_motor_controller_cpp/share/rover_motor_controller_cpp/local_setup.sh
[7.949s] -- Installing: /home/sachin/ros2_rover/install/rover_motor_controller_cpp/share/rover_motor_controller_cpp/local_setup.zsh
[7.949s] -- Installing: /home/sachin/ros2_rover/install/rover_motor_controller_cpp/share/rover_motor_controller_cpp/local_setup.dsv
[7.949s] -- Installing: /home/sachin/ros2_rover/install/rover_motor_controller_cpp/share/rover_motor_controller_cpp/package.dsv
[7.949s] -- Installing: /home/sachin/ros2_rover/install/rover_motor_controller_cpp/share/ament_index/resource_index/packages/rover_motor_controller_cpp
[7.949s] -- Installing: /home/sachin/ros2_rover/install/rover_motor_controller_cpp/share/rover_motor_controller_cpp/cmake/rover_motor_controller_cppConfig.cmake
[7.949s] -- Installing: /home/sachin/ros2_rover/install/rover_motor_controller_cpp/share/rover_motor_controller_cpp/cmake/rover_motor_controller_cppConfig-version.cmake
[7.949s] -- Installing: /home/sachin/ros2_rover/install/rover_motor_controller_cpp/share/rover_motor_controller_cpp/package.xml
[7.950s] Invoked command in '/home/sachin/ros2_rover/build/rover_motor_controller_cpp' returned '0': AMENT_PREFIX_PATH=/home/sachin/ros2_rover/install/rover_msgs:${AMENT_PREFIX_PATH} CMAKE_PREFIX_PATH=/home/sachin/ros2_rover/install/rover_msgs:/opt/ros/jazzy/opt/gz_sim_vendor:/opt/ros/jazzy/opt/gz_sensors_vendor:/opt/ros/jazzy/opt/gz_physics_vendor:/opt/ros/jazzy/opt/sdformat_vendor:/opt/ros/jazzy/opt/gz_gui_vendor:/opt/ros/jazzy/opt/gz_transport_vendor:/opt/ros/jazzy/opt/gz_rendering_vendor:/opt/ros/jazzy/opt/gz_plugin_vendor:/opt/ros/jazzy/opt/gz_fuel_tools_vendor:/opt/ros/jazzy/opt/gz_msgs_vendor:/opt/ros/jazzy/opt/gz_common_vendor:/opt/ros/jazzy/opt/gz_math_vendor:/opt/ros/jazzy/opt/gz_utils_vendor:/opt/ros/jazzy/opt/gz_tools_vendor:/opt/ros/jazzy/opt/gz_ogre_next_vendor:/opt/ros/jazzy/opt/gz_dartsim_vendor:/opt/ros/jazzy/opt/gz_cmake_vendor:/opt/ros/jazzy DEBUGINFOD_URLS=https://debuginfod.ubuntu.com LD_LIBRARY_PATH=/home/sachin/ros2_rover/install/rover_msgs/lib:${LD_LIBRARY_PATH} PS1=(.ros2_venv) \[\e]0;\u@\h: \w\a\]${debian_chroot:+($debian_chroot)}\[\033[01;32m\]\u@\h\[\033[00m\]:\[\033[01;34m\]\w\[\033[00m\]\$ PYTHONPATH=/home/sachin/ros2_rover/install/rover_msgs/lib/python3.12/site-packages:${PYTHONPATH} VIRTUAL_ENV_PROMPT=(.ros2_venv) /usr/bin/cmake --install /home/sachin/ros2_rover/build/rover_motor_controller_cpp
