/usr/lib/python3/dist-packages/setuptools/dist.py:744: SetuptoolsDeprecationWarning: Invalid dash-separated options
!!

        ********************************************************************************
        Usage of dash-separated 'script-dir' will not be supported in future
        versions. Please use the underscore name 'script_dir' instead.

        This deprecation is overdue, please update your project and remove deprecated
        calls to avoid build errors in the future.

        See https://setuptools.pypa.io/en/latest/userguide/declarative_config.html for details.
        ********************************************************************************

!!
  opt = self.warn_dash_deprecation(opt, section)
running egg_info
creating ../../build/rover_teleop/rover_teleop.egg-info
writing ../../build/rover_teleop/rover_teleop.egg-info/PKG-INFO
writing dependency_links to ../../build/rover_teleop/rover_teleop.egg-info/dependency_links.txt
writing entry points to ../../build/rover_teleop/rover_teleop.egg-info/entry_points.txt
writing requirements to ../../build/rover_teleop/rover_teleop.egg-info/requires.txt
writing top-level names to ../../build/rover_teleop/rover_teleop.egg-info/top_level.txt
writing manifest file '../../build/rover_teleop/rover_teleop.egg-info/SOURCES.txt'
reading manifest file '../../build/rover_teleop/rover_teleop.egg-info/SOURCES.txt'
writing manifest file '../../build/rover_teleop/rover_teleop.egg-info/SOURCES.txt'
running build
running build_py
creating /home/sachin/ros2_rover/build/rover_teleop/build
creating /home/sachin/ros2_rover/build/rover_teleop/build/lib
creating /home/sachin/ros2_rover/build/rover_teleop/build/lib/rover_teleop
copying rover_teleop/__init__.py -> /home/sachin/ros2_rover/build/rover_teleop/build/lib/rover_teleop
copying rover_teleop/teleop_keyboard_node.py -> /home/sachin/ros2_rover/build/rover_teleop/build/lib/rover_teleop
running install
running install_lib
creating /home/sachin/ros2_rover/install/rover_teleop/lib/python3.12/site-packages/rover_teleop
copying /home/sachin/ros2_rover/build/rover_teleop/build/lib/rover_teleop/__init__.py -> /home/sachin/ros2_rover/install/rover_teleop/lib/python3.12/site-packages/rover_teleop
copying /home/sachin/ros2_rover/build/rover_teleop/build/lib/rover_teleop/teleop_keyboard_node.py -> /home/sachin/ros2_rover/install/rover_teleop/lib/python3.12/site-packages/rover_teleop
byte-compiling /home/sachin/ros2_rover/install/rover_teleop/lib/python3.12/site-packages/rover_teleop/__init__.py to __init__.cpython-312.pyc
byte-compiling /home/sachin/ros2_rover/install/rover_teleop/lib/python3.12/site-packages/rover_teleop/teleop_keyboard_node.py to teleop_keyboard_node.cpython-312.pyc
running install_data
creating /home/sachin/ros2_rover/install/rover_teleop/share/ament_index
creating /home/sachin/ros2_rover/install/rover_teleop/share/ament_index/resource_index
creating /home/sachin/ros2_rover/install/rover_teleop/share/ament_index/resource_index/packages
copying resource/rover_teleop -> /home/sachin/ros2_rover/install/rover_teleop/share/ament_index/resource_index/packages
copying package.xml -> /home/sachin/ros2_rover/install/rover_teleop/share/rover_teleop
creating /home/sachin/ros2_rover/install/rover_teleop/share/rover_teleop/launch
copying launch/joy_teleop.launch.py -> /home/sachin/ros2_rover/install/rover_teleop/share/rover_teleop/launch/
creating /home/sachin/ros2_rover/install/rover_teleop/share/rover_teleop/config
copying config/ps3.yaml -> /home/sachin/ros2_rover/install/rover_teleop/share/rover_teleop/config/
running install_egg_info
Copying ../../build/rover_teleop/rover_teleop.egg-info to /home/sachin/ros2_rover/install/rover_teleop/lib/python3.12/site-packages/rover_teleop-2.0.0-py3.12.egg-info
running install_scripts
Installing teleop_keyboard_node script to /home/sachin/ros2_rover/install/rover_teleop/lib/rover_teleop
writing list of installed files to '/home/sachin/ros2_rover/build/rover_teleop/install.log'
