[0.737s] Invoking command in '/home/sachin/ros2_rover/src/rover_teleop': DEBUGINFOD_URLS=https://debuginfod.ubuntu.com PS1=(.ros2_venv) \[\e]0;\u@\h: \w\a\]${debian_chroot:+($debian_chroot)}\[\033[01;32m\]\u@\h\[\033[00m\]:\[\033[01;34m\]\w\[\033[00m\]\$ PYTHONPATH=/home/sachin/ros2_rover/build/rover_teleop/prefix_override:/usr/lib/python3/dist-packages/colcon_core/task/python/colcon_distutils_commands:/home/sachin/ros2_rover/install/rover_teleop/lib/python3.12/site-packages:${PYTHONPATH} VIRTUAL_ENV_PROMPT=(.ros2_venv) /usr/bin/python3 -W ignore:setup.py install is deprecated -W ignore:easy_install command is deprecated setup.py egg_info --egg-base ../../build/rover_teleop build --build-base /home/sachin/ros2_rover/build/rover_teleop/build install --record /home/sachin/ros2_rover/build/rover_teleop/install.log --install-scripts $base/lib/rover_teleop --single-version-externally-managed install_data
[0.831s] /usr/lib/python3/dist-packages/setuptools/dist.py:744: SetuptoolsDeprecationWarning: Invalid dash-separated options
[0.831s] !!
[0.832s] 
[0.832s]         ********************************************************************************
[0.832s]         Usage of dash-separated 'script-dir' will not be supported in future
[0.832s]         versions. Please use the underscore name 'script_dir' instead.
[0.832s] 
[0.832s]         This deprecation is overdue, please update your project and remove deprecated
[0.832s]         calls to avoid build errors in the future.
[0.832s] 
[0.832s]         See https://setuptools.pypa.io/en/latest/userguide/declarative_config.html for details.
[0.832s]         ********************************************************************************
[0.832s] 
[0.833s] !!
[0.833s]   opt = self.warn_dash_deprecation(opt, section)
[0.925s] running egg_info
[0.925s] creating ../../build/rover_teleop/rover_teleop.egg-info
[0.938s] writing ../../build/rover_teleop/rover_teleop.egg-info/PKG-INFO
[0.938s] writing dependency_links to ../../build/rover_teleop/rover_teleop.egg-info/dependency_links.txt
[0.938s] writing entry points to ../../build/rover_teleop/rover_teleop.egg-info/entry_points.txt
[0.938s] writing requirements to ../../build/rover_teleop/rover_teleop.egg-info/requires.txt
[0.938s] writing top-level names to ../../build/rover_teleop/rover_teleop.egg-info/top_level.txt
[0.938s] writing manifest file '../../build/rover_teleop/rover_teleop.egg-info/SOURCES.txt'
[0.965s] reading manifest file '../../build/rover_teleop/rover_teleop.egg-info/SOURCES.txt'
[0.965s] writing manifest file '../../build/rover_teleop/rover_teleop.egg-info/SOURCES.txt'
[0.965s] running build
[0.965s] running build_py
[0.966s] creating /home/sachin/ros2_rover/build/rover_teleop/build
[0.966s] creating /home/sachin/ros2_rover/build/rover_teleop/build/lib
[0.966s] creating /home/sachin/ros2_rover/build/rover_teleop/build/lib/rover_teleop
[0.966s] copying rover_teleop/__init__.py -> /home/sachin/ros2_rover/build/rover_teleop/build/lib/rover_teleop
[0.966s] copying rover_teleop/teleop_keyboard_node.py -> /home/sachin/ros2_rover/build/rover_teleop/build/lib/rover_teleop
[0.966s] running install
[0.973s] running install_lib
[0.986s] creating /home/sachin/ros2_rover/install/rover_teleop/lib/python3.12/site-packages/rover_teleop
[0.986s] copying /home/sachin/ros2_rover/build/rover_teleop/build/lib/rover_teleop/__init__.py -> /home/sachin/ros2_rover/install/rover_teleop/lib/python3.12/site-packages/rover_teleop
[0.986s] copying /home/sachin/ros2_rover/build/rover_teleop/build/lib/rover_teleop/teleop_keyboard_node.py -> /home/sachin/ros2_rover/install/rover_teleop/lib/python3.12/site-packages/rover_teleop
[0.986s] byte-compiling /home/sachin/ros2_rover/install/rover_teleop/lib/python3.12/site-packages/rover_teleop/__init__.py to __init__.cpython-312.pyc
[0.987s] byte-compiling /home/sachin/ros2_rover/install/rover_teleop/lib/python3.12/site-packages/rover_teleop/teleop_keyboard_node.py to teleop_keyboard_node.cpython-312.pyc
[0.987s] running install_data
[0.987s] creating /home/sachin/ros2_rover/install/rover_teleop/share/ament_index
[0.987s] creating /home/sachin/ros2_rover/install/rover_teleop/share/ament_index/resource_index
[0.988s] creating /home/sachin/ros2_rover/install/rover_teleop/share/ament_index/resource_index/packages
[0.988s] copying resource/rover_teleop -> /home/sachin/ros2_rover/install/rover_teleop/share/ament_index/resource_index/packages
[0.988s] copying package.xml -> /home/sachin/ros2_rover/install/rover_teleop/share/rover_teleop
[0.988s] creating /home/sachin/ros2_rover/install/rover_teleop/share/rover_teleop/launch
[0.988s] copying launch/joy_teleop.launch.py -> /home/sachin/ros2_rover/install/rover_teleop/share/rover_teleop/launch/
[0.988s] creating /home/sachin/ros2_rover/install/rover_teleop/share/rover_teleop/config
[0.988s] copying config/ps3.yaml -> /home/sachin/ros2_rover/install/rover_teleop/share/rover_teleop/config/
[0.988s] running install_egg_info
[1.002s] Copying ../../build/rover_teleop/rover_teleop.egg-info to /home/sachin/ros2_rover/install/rover_teleop/lib/python3.12/site-packages/rover_teleop-2.0.0-py3.12.egg-info
[1.002s] running install_scripts
[1.088s] Installing teleop_keyboard_node script to /home/sachin/ros2_rover/install/rover_teleop/lib/rover_teleop
[1.088s] writing list of installed files to '/home/sachin/ros2_rover/build/rover_teleop/install.log'
[1.110s] Invoked command in '/home/sachin/ros2_rover/src/rover_teleop' returned '0': DEBUGINFOD_URLS=https://debuginfod.ubuntu.com PS1=(.ros2_venv) \[\e]0;\u@\h: \w\a\]${debian_chroot:+($debian_chroot)}\[\033[01;32m\]\u@\h\[\033[00m\]:\[\033[01;34m\]\w\[\033[00m\]\$ PYTHONPATH=/home/sachin/ros2_rover/build/rover_teleop/prefix_override:/usr/lib/python3/dist-packages/colcon_core/task/python/colcon_distutils_commands:/home/sachin/ros2_rover/install/rover_teleop/lib/python3.12/site-packages:${PYTHONPATH} VIRTUAL_ENV_PROMPT=(.ros2_venv) /usr/bin/python3 -W ignore:setup.py install is deprecated -W ignore:easy_install command is deprecated setup.py egg_info --egg-base ../../build/rover_teleop build --build-base /home/sachin/ros2_rover/build/rover_teleop/build install --record /home/sachin/ros2_rover/build/rover_teleop/install.log --install-scripts $base/lib/rover_teleop --single-version-externally-managed install_data
